iter =   0
x =  0.41634  0.00000 -0.20817  0.36056 -0.20817 -0.36056  0.00000
f(x) =  4.44089e-16  0.00000e+00 -2.22045e-16  4.44089e-16 -2.22045e-16 -4.44089e-16  0.00000e+00

iter =   1
x =  0.41634 -0.00000 -0.20817  0.36056 -0.20817 -0.36056 -0.00000
f(x) = -2.22045e-16 -1.63188e-24  1.11022e-16  6.11955e-25  1.11022e-16  6.11955e-25  0.00000e+00

status = success
iter =   0
x =  0.41634 -0.00000 -0.20817  0.36056 -0.20817 -0.36056 -0.00000
f(x) =  2.16789e-02 -1.63472e-24 -1.08394e-02  1.87745e-02 -1.08394e-02 -1.87745e-02  0.00000e+00

iter =   1
x =  0.41634 -0.00000 -0.20817  0.36056 -0.20817 -0.36056 -0.00000
f(x) =  2.16789e-02 -1.63472e-24 -1.08394e-02  1.87745e-02 -1.08394e-02 -1.87745e-02  0.00000e+00

iter =   2
x =  0.41634 -0.00000 -0.20817  0.36056 -0.20817 -0.36056 -0.00000
f(x) =  2.16789e-02 -1.63472e-24 -1.08394e-02  1.87745e-02 -1.08394e-02 -1.87745e-02  0.00000e+00

iter =   3
x =  0.41634 -0.00000 -0.20817  0.36056 -0.20817 -0.36056 -0.00000
f(x) =  2.16789e-02 -1.63472e-24 -1.08394e-02  1.87745e-02 -1.08394e-02 -1.87745e-02  0.00000e+00

iter =   4
x =  0.41634 -0.00000 -0.20817  0.36056 -0.20817 -0.36056 -0.00000
f(x) =  2.16789e-02 -1.63472e-24 -1.08394e-02  1.87745e-02 -1.08394e-02 -1.87745e-02  0.00000e+00

iter =   5
x =  0.41634 -0.00000 -0.20817  0.36056 -0.20817 -0.36056 -0.00000
f(x) =  2.16789e-02 -1.63472e-24 -1.08394e-02  1.87745e-02 -1.08394e-02 -1.87745e-02  0.00000e+00

iter =   6
x =  0.41634 -0.00000 -0.20817  0.36056 -0.20817 -0.36056 -0.00000
f(x) =  2.16789e-02 -1.63472e-24 -1.08394e-02  1.87745e-02 -1.08394e-02 -1.87745e-02  0.00000e+00

iter =   7
x =  0.41634 -0.00000 -0.20817  0.36056 -0.20817 -0.36056 -0.00000
f(x) =  2.16789e-02 -1.63472e-24 -1.08394e-02  1.87745e-02 -1.08394e-02 -1.87745e-02  0.00000e+00

iter =   8
x =  0.41634 -0.00000 -0.20817  0.36056 -0.20817 -0.36056 -0.00000
f(x) =  2.16789e-02 -1.63472e-24 -1.08394e-02  1.87745e-02 -1.08394e-02 -1.87745e-02  0.00000e+00

iter =   9
x =  0.41634 -0.00000 -0.20817  0.36056 -0.20817 -0.36056 -0.00000
f(x) =  2.16789e-02 -1.63472e-24 -1.08394e-02  1.87745e-02 -1.08394e-02 -1.87745e-02  0.00000e+00

iter =  10
x =  0.41634 -0.00000 -0.20817  0.36056 -0.20817 -0.36056 -0.00000
f(x) =  2.16789e-02 -1.63472e-24 -1.08394e-02  1.87745e-02 -1.08394e-02 -1.87745e-02  0.00000e+00

status = iteration is not making progress towards solution
iter =   0
x =  0.41634 -0.00000 -0.20817  0.36056 -0.20817 -0.36056 -0.00000
f(x) =  4.34148e-02 -1.63758e-24 -2.17074e-02  3.75983e-02 -2.17074e-02 -3.75983e-02  0.00000e+00

iter =   1
x =  0.41634 -0.00000 -0.20817  0.36056 -0.20817 -0.36056 -0.00000
f(x) =  4.34148e-02 -1.63758e-24 -2.17074e-02  3.75983e-02 -2.17074e-02 -3.75983e-02  0.00000e+00

iter =   2
x =  0.41634 -0.00000 -0.20817  0.36056 -0.20817 -0.36056 -0.00000
f(x) =  4.34148e-02 -1.63758e-24 -2.17074e-02  3.75983e-02 -2.17074e-02 -3.75983e-02  0.00000e+00

iter =   3
x =  0.41634 -0.00000 -0.20817  0.36056 -0.20817 -0.36056 -0.00000
f(x) =  4.34148e-02 -1.63758e-24 -2.17074e-02  3.75983e-02 -2.17074e-02 -3.75983e-02  0.00000e+00

iter =   4
x =  0.41634 -0.00000 -0.20817  0.36056 -0.20817 -0.36056 -0.00000
f(x) =  4.34148e-02 -1.63758e-24 -2.17074e-02  3.75983e-02 -2.17074e-02 -3.75983e-02  0.00000e+00

iter =   5
x =  0.41634 -0.00000 -0.20817  0.36056 -0.20817 -0.36056 -0.00000
f(x) =  4.34148e-02 -1.63758e-24 -2.17074e-02  3.75983e-02 -2.17074e-02 -3.75983e-02  0.00000e+00

iter =   6
x =  0.41634 -0.00000 -0.20817  0.36056 -0.20817 -0.36056 -0.00000
f(x) =  4.34148e-02 -1.63758e-24 -2.17074e-02  3.75983e-02 -2.17074e-02 -3.75983e-02  0.00000e+00

iter =   7
x =  0.41634 -0.00000 -0.20817  0.36056 -0.20817 -0.36056 -0.00000
f(x) =  4.34148e-02 -1.63758e-24 -2.17074e-02  3.75983e-02 -2.17074e-02 -3.75983e-02  0.00000e+00

iter =   8
x =  0.41634 -0.00000 -0.20817  0.36056 -0.20817 -0.36056 -0.00000
f(x) =  4.34148e-02 -1.63758e-24 -2.17074e-02  3.75983e-02 -2.17074e-02 -3.75983e-02  0.00000e+00

iter =   9
x =  0.41634 -0.00000 -0.20817  0.36056 -0.20817 -0.36056 -0.00000
f(x) =  4.34148e-02 -1.63758e-24 -2.17074e-02  3.75983e-02 -2.17074e-02 -3.75983e-02  0.00000e+00

iter =  10
x =  0.41634 -0.00000 -0.20817  0.36056 -0.20817 -0.36056 -0.00000
f(x) =  4.34148e-02 -1.63758e-24 -2.17074e-02  3.75983e-02 -2.17074e-02 -3.75983e-02  0.00000e+00

status = iteration is not making progress towards solution
iter =   0
x =  0.41634 -0.00000 -0.20817  0.36056 -0.20817 -0.36056 -0.00000
f(x) =  6.52084e-02 -1.64047e-24 -3.26042e-02  5.64721e-02 -3.26042e-02 -5.64721e-02  0.00000e+00

iter =   1
x =  0.41634 -0.00000 -0.20817  0.36056 -0.20817 -0.36056 -0.00000
f(x) =  6.52084e-02 -1.64047e-24 -3.26042e-02  5.64721e-02 -3.26042e-02 -5.64721e-02  0.00000e+00

iter =   2
x =  0.41102  0.00000 -0.20551  0.35595 -0.20551 -0.35595 -0.00001
f(x) = -8.12800e-04 -8.90832e-07  4.13798e-04 -7.00619e-04  3.98990e-04  7.07170e-04  5.84682e-07

iter =   3
x =  0.41102  0.00000 -0.20551  0.35595 -0.20551 -0.35595 -0.00001
f(x) = -8.12800e-04 -8.90832e-07  4.13798e-04 -7.00619e-04  3.98990e-04  7.07170e-04  5.84682e-07

iter =   4
x =  0.41096 -0.00000 -0.20557  0.35603 -0.20557 -0.35603 -0.00000
f(x) = -7.77631e-04 -2.94550e-06 -4.25767e-06  4.58157e-06 -1.28422e-06 -5.20359e-06  1.00782e-08

iter =   5
x =  0.41101 -0.00000 -0.20556  0.35602 -0.20556 -0.35602 -0.00000
f(x) = -4.49959e-04 -1.66981e-06 -2.60665e-06  3.00519e-06 -9.47221e-07 -3.29653e-06 -4.76832e-09

iter =   6
x =  0.41108 -0.00000 -0.20554  0.35601 -0.20554 -0.35601 -0.00000
f(x) = -8.52977e-06 -3.66198e-08 -1.13472e-08 -2.94511e-08  1.92471e-08  2.40163e-08  4.57739e-10

iter =   7
x =  0.41108 -0.00000 -0.20554  0.35601 -0.20554 -0.35601  0.00000
f(x) = -1.27581e-07 -7.21893e-10 -1.24146e-09 -4.48125e-10  7.82258e-10 -1.16067e-09  1.77284e-10

iter =   8
x =  0.41108  0.00000 -0.20554  0.35601 -0.20554 -0.35601 -0.00000
f(x) =  1.08740e-07  4.83272e-10  3.06912e-10  1.32009e-10 -2.89725e-10  1.46977e-10 -2.84426e-11

iter =   9
x =  0.41108  0.00000 -0.20554  0.35601 -0.20554 -0.35601 -0.00000
f(x) =  2.72251e-08  1.20618e-10  7.59483e-11  3.31900e-11 -7.16377e-11  3.48307e-11 -6.89819e-12

iter =  10
x =  0.41108  0.00000 -0.20554  0.35601 -0.20554 -0.35601 -0.00000
f(x) =  1.36959e-10  6.06980e-13  3.59375e-13  1.43355e-13 -3.44498e-13  1.62451e-13 -3.11556e-14

iter =  11
x =  0.41108  0.00000 -0.20554  0.35601 -0.20554 -0.35601 -0.00000
f(x) =  2.47402e-12  1.10882e-14  7.37099e-15  3.90293e-15 -7.14894e-15  3.23680e-15 -7.21645e-16

status = success
iter =   0
x =  0.41108  0.00000 -0.20554  0.35601 -0.20554 -0.35601 -0.00000
f(x) =  2.14033e-02  1.11993e-14 -1.07016e-02  1.85358e-02 -1.07016e-02 -1.85358e-02 -7.21645e-16

iter =   1
x =  0.41108  0.00000 -0.20554  0.35601 -0.20554 -0.35601 -0.00000
f(x) =  2.14033e-02  1.11993e-14 -1.07016e-02  1.85358e-02 -1.07016e-02 -1.85358e-02 -7.21645e-16

iter =   2
x =  0.40939 -0.00000 -0.20470  0.35454 -0.20470 -0.35454  0.00000
f(x) = -8.50335e-05  9.90042e-08  4.17300e-05 -7.39803e-05  4.32959e-05  7.32886e-05 -6.10591e-08

iter =   3
x =  0.40939 -0.00000 -0.20470  0.35454 -0.20470 -0.35454  0.00000
f(x) = -8.50335e-05  9.90042e-08  4.17300e-05 -7.39803e-05  4.32959e-05  7.32886e-05 -6.10591e-08

iter =   4
x =  0.40939  0.00000 -0.20470  0.35455 -0.20470 -0.35455 -0.00000
f(x) = -8.48069e-05  3.10474e-07  6.70841e-08  1.99862e-07 -2.55247e-07 -1.32028e-07 -1.07625e-09

iter =   5
x =  0.40939  0.00000 -0.20470  0.35455 -0.20470 -0.35455  0.00000
f(x) = -4.95709e-05  1.78798e-07  2.77644e-08  1.24031e-07 -1.50992e-07 -9.42136e-08  6.27399e-10

iter =   6
x =  0.40940  0.00000 -0.20470  0.35455 -0.20470 -0.35455 -0.00000
f(x) = -1.49884e-06  6.05180e-09  3.78201e-09  1.27706e-09 -3.79539e-09  1.83968e-09 -2.68960e-10

iter =   7
x =  0.40940 -0.00000 -0.20470  0.35455 -0.20470 -0.35455  0.00000
f(x) =  1.48856e-07 -5.98676e-10 -3.68069e-10 -1.48212e-10  3.72368e-10 -1.50481e-10  2.53996e-11

iter =   8
x =  0.40940 -0.00000 -0.20470  0.35455 -0.20470 -0.35455  0.00000
f(x) =  6.85123e-10 -2.75905e-12 -1.72579e-12 -6.85129e-13  1.78530e-12 -7.83939e-13  1.26524e-13

iter =   9
x =  0.40940  0.00000 -0.20470  0.35455 -0.20470 -0.35455 -0.00000
f(x) = -6.80989e-12  2.80273e-14  1.95725e-14  9.91024e-15 -2.04607e-14  8.80001e-15 -1.76248e-15

status = success
iter =   0
x =  0.40940  0.00000 -0.20470  0.35455 -0.20470 -0.35455 -0.00000
f(x) =  2.13145e-02  2.83412e-14 -1.06572e-02  1.84589e-02 -1.06572e-02 -1.84589e-02 -1.76248e-15

iter =   1
x =  0.40940  0.00000 -0.20470  0.35455 -0.20470 -0.35455 -0.00000
f(x) =  2.13145e-02  2.83412e-14 -1.06572e-02  1.84589e-02 -1.06572e-02 -1.84589e-02 -1.76248e-15

iter =   2
x =  0.40774  0.00000 -0.20387  0.35311 -0.20387 -0.35311 -0.00000
f(x) = -8.27092e-05 -9.70948e-08  4.21214e-05 -7.12883e-05  4.05852e-05  7.19637e-05  5.94620e-08

iter =   3
x =  0.40774  0.00000 -0.20387  0.35311 -0.20387 -0.35311 -0.00000
f(x) = -8.27092e-05 -9.70948e-08  4.21214e-05 -7.12883e-05  4.05852e-05  7.19637e-05  5.94620e-08

iter =   4
x =  0.40773 -0.00000 -0.20387  0.35312 -0.20387 -0.35312  0.00000
f(x) = -8.40487e-05 -3.04924e-07 -2.47885e-07  1.25950e-07  7.15428e-08 -1.91152e-07  9.90937e-10

iter =   5
x =  0.40774 -0.00000 -0.20387  0.35312 -0.20387 -0.35312 -0.00000
f(x) = -4.93409e-05 -1.76405e-07 -1.47062e-07  9.01824e-08  3.11020e-08 -1.18872e-07 -6.30334e-10

iter =   6
x =  0.40774 -0.00000 -0.20387  0.35312 -0.20387 -0.35312  0.00000
f(x) = -1.47950e-06 -5.91834e-09 -3.71650e-09 -1.77594e-09  3.73940e-09 -1.25158e-09  2.59792e-10

iter =   7
x =  0.40774  0.00000 -0.20387  0.35312 -0.20387 -0.35312 -0.00000
f(x) =  1.46444e-07  5.83545e-10  3.63493e-10  1.44894e-10 -3.62884e-10  1.44312e-10 -2.44633e-11

iter =   8
x =  0.40774  0.00000 -0.20387  0.35312 -0.20387 -0.35312 -0.00000
f(x) =  6.65953e-10  2.65672e-12  1.71853e-12  7.44661e-13 -1.68034e-12  6.58730e-13 -1.20001e-13

iter =   9
x =  0.40774 -0.00000 -0.20387  0.35312 -0.20387 -0.35312  0.00000
f(x) = -6.43707e-12 -2.64676e-14 -1.89805e-14 -9.31666e-15  1.84254e-14 -8.65053e-15  1.60982e-15

status = success
iter =   0
x =  0.40774 -0.00000 -0.20387  0.35312 -0.20387 -0.35312  0.00000
f(x) =  2.12272e-02 -2.65500e-14 -1.06136e-02  1.83833e-02 -1.06136e-02 -1.83833e-02  1.60982e-15

iter =   1
x =  0.40774 -0.00000 -0.20387  0.35312 -0.20387 -0.35312  0.00000
f(x) =  2.12272e-02 -2.65500e-14 -1.06136e-02  1.83833e-02 -1.06136e-02 -1.83833e-02  1.60982e-15

iter =   2
x =  0.40611 -0.00000 -0.20306  0.35170 -0.20306 -0.35170  0.00000
f(x) = -8.04782e-05  9.53692e-08  3.94906e-05 -7.00355e-05  4.09982e-05  6.93756e-05 -5.79365e-08

iter =   3
x =  0.40611 -0.00000 -0.20306  0.35170 -0.20306 -0.35170  0.00000
f(x) = -8.04782e-05  9.53692e-08  3.94906e-05 -7.00355e-05  4.09982e-05  6.93756e-05 -5.79365e-08

iter =   4
x =  0.40611  0.00000 -0.20306  0.35171 -0.20306 -0.35171 -0.00000
f(x) = -8.32432e-05  2.99341e-07  7.46460e-08  1.82200e-07 -2.40766e-07 -1.20104e-07 -9.17527e-10

iter =   5
x =  0.40611  0.00000 -0.20306  0.35171 -0.20306 -0.35171  0.00000
f(x) = -4.90713e-05  1.73934e-07  3.36176e-08  1.13557e-07 -1.43244e-07 -8.63000e-08  6.28575e-10

iter =   6
x =  0.40612  0.00000 -0.20306  0.35171 -0.20306 -0.35171 -0.00000
f(x) = -1.45991e-06  5.78671e-09  3.67827e-09  1.21497e-09 -3.63798e-09  1.71418e-09 -2.50845e-10

iter =   7
x =  0.40612 -0.00000 -0.20306  0.35171 -0.20306 -0.35171  0.00000
f(x) =  1.43912e-07 -5.68249e-10 -3.55620e-10 -1.39241e-10  3.54419e-10 -1.39401e-10  2.35329e-11

iter =   8
x =  0.40612 -0.00000 -0.20306  0.35171 -0.20306 -0.35171  0.00000
f(x) =  6.47369e-10 -2.55860e-12 -1.62843e-12 -6.27768e-13  1.65474e-12 -7.08815e-13  1.13964e-13

iter =   9
x =  0.40612  0.00000 -0.20306  0.35171 -0.20306 -0.35171 -0.00000
f(x) = -6.09113e-12  2.49844e-14  1.69181e-14  9.37353e-15 -1.79173e-14  7.37513e-15 -1.51268e-15

status = success
iter =   0
x =  0.40612  0.00000 -0.20306  0.35171 -0.20306 -0.35171 -0.00000
f(x) =  2.11413e-02  2.46684e-14 -1.05707e-02  1.83089e-02 -1.05707e-02 -1.83089e-02 -1.51268e-15

iter =   1
x =  0.40612  0.00000 -0.20306  0.35171 -0.20306 -0.35171 -0.00000
f(x) =  2.11413e-02  2.46684e-14 -1.05707e-02  1.83089e-02 -1.05707e-02 -1.83089e-02 -1.51268e-15

iter =   2
x =  0.40612  0.00000 -0.20306  0.35171 -0.20306 -0.35171 -0.00000
f(x) =  2.11413e-02  2.46684e-14 -1.05707e-02  1.83089e-02 -1.05707e-02 -1.83089e-02 -1.51268e-15

iter =   3
x =  0.40612  0.00000 -0.20306  0.35171 -0.20306 -0.35171 -0.00000
f(x) =  2.11413e-02  2.46684e-14 -1.05707e-02  1.83089e-02 -1.05707e-02 -1.83089e-02 -1.51268e-15

iter =   4
x =  0.40612  0.00000 -0.20306  0.35171 -0.20306 -0.35171 -0.00000
f(x) =  2.11413e-02  2.46684e-14 -1.05707e-02  1.83089e-02 -1.05707e-02 -1.83089e-02 -1.51268e-15

iter =   5
x =  0.40612  0.00000 -0.20306  0.35171 -0.20306 -0.35171 -0.00000
f(x) =  2.11413e-02  2.46684e-14 -1.05707e-02  1.83089e-02 -1.05707e-02 -1.83089e-02 -1.51268e-15

iter =   6
x =  0.40612  0.00000 -0.20306  0.35171 -0.20306 -0.35171 -0.00000
f(x) =  2.11413e-02  2.46684e-14 -1.05707e-02  1.83089e-02 -1.05707e-02 -1.83089e-02 -1.51268e-15

iter =   7
x =  0.40612  0.00000 -0.20306  0.35171 -0.20306 -0.35171 -0.00000
f(x) =  2.11413e-02  2.46684e-14 -1.05707e-02  1.83089e-02 -1.05707e-02 -1.83089e-02 -1.51268e-15

iter =   8
x =  0.40612  0.00000 -0.20306  0.35171 -0.20306 -0.35171 -0.00000
f(x) =  2.11413e-02  2.46684e-14 -1.05707e-02  1.83089e-02 -1.05707e-02 -1.83089e-02 -1.51268e-15

iter =   9
x =  0.40612  0.00000 -0.20306  0.35171 -0.20306 -0.35171 -0.00000
f(x) =  2.11413e-02  2.46684e-14 -1.05707e-02  1.83089e-02 -1.05707e-02 -1.83089e-02 -1.51268e-15

iter =  10
x =  0.40612  0.00000 -0.20306  0.35171 -0.20306 -0.35171 -0.00000
f(x) =  2.11413e-02  2.46684e-14 -1.05707e-02  1.83089e-02 -1.05707e-02 -1.83089e-02 -1.51268e-15

status = iteration is not making progress towards solution
iter =   0
x =  0.40612  0.00000 -0.20306  0.35171 -0.20306 -0.35171 -0.00000
f(x) =  4.23342e-02  2.48530e-14 -2.11671e-02  3.66625e-02 -2.11671e-02 -3.66625e-02 -1.51268e-15

iter =   1
x =  0.40612  0.00000 -0.20306  0.35171 -0.20306 -0.35171 -0.00000
f(x) =  4.23342e-02  2.48530e-14 -2.11671e-02  3.66625e-02 -2.11671e-02 -3.66625e-02 -1.51268e-15

iter =   2
x =  0.40612  0.00000 -0.20306  0.35171 -0.20306 -0.35171 -0.00000
f(x) =  4.23342e-02  2.48530e-14 -2.11671e-02  3.66625e-02 -2.11671e-02 -3.66625e-02 -1.51268e-15

iter =   3
x =  0.40612  0.00000 -0.20306  0.35171 -0.20306 -0.35171 -0.00000
f(x) =  4.23342e-02  2.48530e-14 -2.11671e-02  3.66625e-02 -2.11671e-02 -3.66625e-02 -1.51268e-15

iter =   4
x =  0.40612  0.00000 -0.20306  0.35171 -0.20306 -0.35171 -0.00000
f(x) =  4.23342e-02  2.48530e-14 -2.11671e-02  3.66625e-02 -2.11671e-02 -3.66625e-02 -1.51268e-15

iter =   5
x =  0.40612  0.00000 -0.20306  0.35171 -0.20306 -0.35171 -0.00000
f(x) =  4.23342e-02  2.48530e-14 -2.11671e-02  3.66625e-02 -2.11671e-02 -3.66625e-02 -1.51268e-15

iter =   6
x =  0.40612  0.00000 -0.20306  0.35171 -0.20306 -0.35171 -0.00000
f(x) =  4.23342e-02  2.48530e-14 -2.11671e-02  3.66625e-02 -2.11671e-02 -3.66625e-02 -1.51268e-15

iter =   7
x =  0.40612  0.00000 -0.20306  0.35171 -0.20306 -0.35171 -0.00000
f(x) =  4.23342e-02  2.48530e-14 -2.11671e-02  3.66625e-02 -2.11671e-02 -3.66625e-02 -1.51268e-15

iter =   8
x =  0.40612  0.00000 -0.20306  0.35171 -0.20306 -0.35171 -0.00000
f(x) =  4.23342e-02  2.48530e-14 -2.11671e-02  3.66625e-02 -2.11671e-02 -3.66625e-02 -1.51268e-15

iter =   9
x =  0.40612  0.00000 -0.20306  0.35171 -0.20306 -0.35171 -0.00000
f(x) =  4.23342e-02  2.48530e-14 -2.11671e-02  3.66625e-02 -2.11671e-02 -3.66625e-02 -1.51268e-15

iter =  10
x =  0.40612  0.00000 -0.20306  0.35171 -0.20306 -0.35171 -0.00000
f(x) =  4.23342e-02  2.48530e-14 -2.11671e-02  3.66625e-02 -2.11671e-02 -3.66625e-02 -1.51268e-15

status = iteration is not making progress towards solution
iter =   0
x =  0.40612  0.00000 -0.20306  0.35171 -0.20306 -0.35171 -0.00000
f(x) =  6.35794e-02  2.49276e-14 -3.17897e-02  5.50614e-02 -3.17897e-02 -5.50614e-02 -1.51268e-15

iter =   1
x =  0.40612  0.00000 -0.20306  0.35171 -0.20306 -0.35171 -0.00000
f(x) =  6.35794e-02  2.49276e-14 -3.17897e-02  5.50614e-02 -3.17897e-02 -5.50614e-02 -1.51268e-15

iter =   2
x =  0.40136  0.00000 -0.20068  0.34759 -0.20068 -0.34759 -0.00001
f(x) = -6.87776e-04 -8.09303e-07  3.50462e-04 -5.92756e-04  3.37283e-04  5.98455e-04  4.98432e-07

iter =   3
x =  0.40136  0.00000 -0.20068  0.34759 -0.20068 -0.34759 -0.00001
f(x) = -6.87776e-04 -8.09303e-07  3.50462e-04 -5.92756e-04  3.37283e-04  5.98455e-04  4.98432e-07

iter =   4
x =  0.40131 -0.00000 -0.20073  0.34765 -0.20073 -0.34765  0.00000
f(x) = -7.35024e-04 -2.63234e-06 -3.35850e-06  3.42476e-06 -6.01880e-07 -3.91882e-06  6.25103e-09

iter =   5
x =  0.40135 -0.00000 -0.20072  0.34764 -0.20072 -0.34764 -0.00000
f(x) = -4.36814e-04 -1.53543e-06 -2.08785e-06  2.29099e-06 -5.02449e-07 -2.52433e-06 -5.01540e-09

iter =   6
x =  0.40141 -0.00000 -0.20071  0.34763 -0.20071 -0.34763 -0.00000
f(x) = -8.08962e-06 -3.28122e-08 -1.16970e-08 -2.27322e-08  1.78207e-08  1.77659e-08  4.56686e-10

iter =   7
x =  0.40141 -0.00000 -0.20071  0.34763 -0.20071 -0.34763  0.00000
f(x) = -7.46197e-08 -4.34433e-10 -8.89960e-10 -3.81575e-10  5.80231e-10 -8.72851e-10  1.29526e-10

iter =   8
x =  0.40141 -0.00000 -0.20071  0.34763 -0.20071 -0.34763  0.00000
f(x) = -7.46197e-08 -4.34433e-10 -8.89960e-10 -3.81575e-10  5.80231e-10 -8.72851e-10  1.29526e-10

iter =   9
x =  0.40141  0.00000 -0.20071  0.34763 -0.20071 -0.34763 -0.00000
f(x) =  2.65851e-08  1.10783e-10  7.00795e-11  2.89523e-11 -6.86463e-11  3.15047e-11 -5.88332e-12

iter =  10
x =  0.40141  0.00000 -0.20071  0.34763 -0.20071 -0.34763 -0.00000
f(x) =  1.08834e-08  4.53529e-11  2.86796e-11  1.18413e-11 -2.80959e-11  1.28916e-11 -2.40701e-12

iter =  11
x =  0.40141  0.00000 -0.20071  0.34763 -0.20071 -0.34763 -0.00000
f(x) =  1.93978e-12  7.77839e-15  5.61657e-15  3.72331e-15 -4.50635e-15  2.39104e-15 -4.99600e-16

status = success
iter =   0
x =  0.40141  0.00000 -0.20071  0.34763 -0.20071 -0.34763 -0.00000
f(x) =  2.08918e-02  8.09584e-15 -1.04459e-02  1.80928e-02 -1.04459e-02 -1.80928e-02 -4.99600e-16

iter =   1
x =  0.40141  0.00000 -0.20071  0.34763 -0.20071 -0.34763 -0.00000
f(x) =  2.08918e-02  8.09584e-15 -1.04459e-02  1.80928e-02 -1.04459e-02 -1.80928e-02 -4.99600e-16

iter =   2
x =  0.39989 -0.00000 -0.19995  0.34632 -0.19995 -0.34632  0.00000
f(x) = -7.25178e-05  8.94772e-08  3.55543e-05 -6.30977e-05  3.69553e-05  6.24931e-05 -5.23988e-08

iter =   3
x =  0.39989 -0.00000 -0.19995  0.34632 -0.19995 -0.34632  0.00000
f(x) = -7.25178e-05  8.94772e-08  3.55543e-05 -6.30977e-05  3.69553e-05  6.24931e-05 -5.23988e-08

iter =   4
x =  0.39989  0.00000 -0.19995  0.34632 -0.19995 -0.34632 -0.00000
f(x) = -7.99890e-05  2.78128e-07  8.14064e-08  1.50782e-07 -2.15311e-07 -9.97503e-08 -6.86903e-10

iter =   5
x =  0.39989  0.00000 -0.19995  0.34632 -0.19995 -0.34632  0.00000
f(x) = -4.78506e-05  1.64123e-07  4.00425e-08  9.47118e-08 -1.29415e-07 -7.26518e-08  6.06648e-10

iter =   6
x =  0.39990  0.00000 -0.19995  0.34632 -0.19995 -0.34632 -0.00000
f(x) = -1.38282e-06  5.29183e-09  3.38864e-09  1.07385e-09 -3.33833e-09  1.49004e-09 -2.18013e-10

iter =   7
x =  0.39990 -0.00000 -0.19995  0.34632 -0.19995 -0.34632  0.00000
f(x) =  1.33669e-07 -5.09658e-10 -3.21611e-10 -1.19804e-10  3.19092e-10 -1.19215e-10  2.00761e-11

iter =   8
x =  0.39990 -0.00000 -0.19995  0.34632 -0.19995 -0.34632  0.00000
f(x) =  5.80408e-10 -2.21465e-12 -1.42208e-12 -5.20713e-13  1.43251e-12 -5.87326e-13  9.36473e-14

iter =   9
x =  0.39990  0.00000 -0.19995  0.34632 -0.19995 -0.34632 -0.00000
f(x) = -5.23515e-12  2.04582e-14  1.42115e-14  5.85606e-15 -1.44336e-14  7.85446e-15 -1.20737e-15

status = success
iter =   0
x =  0.39990  0.00000 -0.19995  0.34632 -0.19995 -0.34632 -0.00000
f(x) =  2.08112e-02  2.07835e-14 -1.04056e-02  1.80230e-02 -1.04056e-02 -1.80230e-02 -1.20737e-15

iter =   1
x =  0.39990  0.00000 -0.19995  0.34632 -0.19995 -0.34632 -0.00000
f(x) =  2.08112e-02  2.07835e-14 -1.04056e-02  1.80230e-02 -1.04056e-02 -1.80230e-02 -1.20737e-15

iter =   2
x =  0.39990  0.00000 -0.19995  0.34632 -0.19995 -0.34632 -0.00000
f(x) =  2.08112e-02  2.07835e-14 -1.04056e-02  1.80230e-02 -1.04056e-02 -1.80230e-02 -1.20737e-15

iter =   3
x =  0.39990  0.00000 -0.19995  0.34632 -0.19995 -0.34632 -0.00000
f(x) =  2.08112e-02  2.07835e-14 -1.04056e-02  1.80230e-02 -1.04056e-02 -1.80230e-02 -1.20737e-15

iter =   4
x =  0.39990  0.00000 -0.19995  0.34632 -0.19995 -0.34632 -0.00000
f(x) =  2.08112e-02  2.07835e-14 -1.04056e-02  1.80230e-02 -1.04056e-02 -1.80230e-02 -1.20737e-15

iter =   5
x =  0.39990  0.00000 -0.19995  0.34632 -0.19995 -0.34632 -0.00000
f(x) =  2.08112e-02  2.07835e-14 -1.04056e-02  1.80230e-02 -1.04056e-02 -1.80230e-02 -1.20737e-15

iter =   6
x =  0.39990  0.00000 -0.19995  0.34632 -0.19995 -0.34632 -0.00000
f(x) =  2.08112e-02  2.07835e-14 -1.04056e-02  1.80230e-02 -1.04056e-02 -1.80230e-02 -1.20737e-15

iter =   7
x =  0.39990  0.00000 -0.19995  0.34632 -0.19995 -0.34632 -0.00000
f(x) =  2.08112e-02  2.07835e-14 -1.04056e-02  1.80230e-02 -1.04056e-02 -1.80230e-02 -1.20737e-15

iter =   8
x =  0.39990  0.00000 -0.19995  0.34632 -0.19995 -0.34632 -0.00000
f(x) =  2.08112e-02  2.07835e-14 -1.04056e-02  1.80230e-02 -1.04056e-02 -1.80230e-02 -1.20737e-15

iter =   9
x =  0.39990  0.00000 -0.19995  0.34632 -0.19995 -0.34632 -0.00000
f(x) =  2.08112e-02  2.07835e-14 -1.04056e-02  1.80230e-02 -1.04056e-02 -1.80230e-02 -1.20737e-15

iter =  10
x =  0.39990  0.00000 -0.19995  0.34632 -0.19995 -0.34632 -0.00000
f(x) =  2.08112e-02  2.07835e-14 -1.04056e-02  1.80230e-02 -1.04056e-02 -1.80230e-02 -1.20737e-15

status = iteration is not making progress towards solution
iter =   0
x =  0.39990  0.00000 -0.19995  0.34632 -0.19995 -0.34632 -0.00000
f(x) =  4.16709e-02  2.07211e-14 -2.08354e-02  3.60880e-02 -2.08354e-02 -3.60880e-02 -1.20737e-15

iter =   1
x =  0.39990  0.00000 -0.19995  0.34632 -0.19995 -0.34632 -0.00000
f(x) =  4.16709e-02  2.07211e-14 -2.08354e-02  3.60880e-02 -2.08354e-02 -3.60880e-02 -1.20737e-15

iter =   2
x =  0.39692 -0.00000 -0.19846  0.34374 -0.19846 -0.34374  0.00001
f(x) = -2.79415e-04  3.45928e-07  1.36949e-04 -2.43121e-04  1.42428e-04  2.40774e-04 -2.02696e-07

iter =   3
x =  0.39692 -0.00000 -0.19846  0.34374 -0.19846 -0.34374  0.00001
f(x) = -2.79415e-04  3.45928e-07  1.36949e-04 -2.43121e-04  1.42428e-04  2.40774e-04 -2.02696e-07

iter =   4
x =  0.39690  0.00000 -0.19848  0.34377 -0.19848 -0.34377 -0.00000
f(x) = -3.15372e-04  1.09010e-06  8.73627e-08  1.02207e-06 -1.07149e-06 -8.34310e-07 -2.31527e-09

iter =   5
x =  0.39691  0.00000 -0.19848  0.34376 -0.19848 -0.34376  0.00000
f(x) = -1.89619e-04  6.45250e-07  8.10223e-09  6.60423e-07 -6.62536e-07 -5.76246e-07  2.27883e-09

iter =   6
x =  0.39694  0.00000 -0.19847  0.34376 -0.19847 -0.34376 -0.00000
f(x) = -4.44059e-06  1.70870e-08  1.00963e-08 -5.33569e-10 -9.06858e-09  6.32949e-09 -5.05869e-10

iter =   7
x =  0.39694 -0.00000 -0.19847  0.34376 -0.19847 -0.34376 -0.00000
f(x) =  2.32285e-07 -8.67782e-10 -4.47103e-10 -3.53705e-11  3.87311e-10 -1.03209e-10  9.09278e-12

iter =   8
x =  0.39694 -0.00000 -0.19847  0.34376 -0.19847 -0.34376  0.00000
f(x) =  1.13390e-08 -4.43095e-11 -2.81322e-11 -1.11576e-11  2.84139e-11 -1.17172e-11  2.08181e-12

iter =   9
x =  0.39694  0.00000 -0.19847  0.34376 -0.19847 -0.34376 -0.00000
f(x) = -1.26349e-09  4.97722e-12  3.22828e-12  1.41575e-12 -3.26969e-12  1.34181e-12 -2.54824e-13

iter =  10
x =  0.39694 -0.00000 -0.19847  0.34376 -0.19847 -0.34376  0.00000
f(x) =  1.17313e-11 -4.59733e-14 -2.92394e-14 -1.21994e-14  2.86843e-14 -1.17553e-14  2.13718e-15

status = success
iter =   0
x =  0.39694 -0.00000 -0.19847  0.34376 -0.19847 -0.34376  0.00000
f(x) =  2.06536e-02 -4.61424e-14 -1.03268e-02  1.78865e-02 -1.03268e-02 -1.78865e-02  2.13718e-15

iter =   1
x =  0.39694 -0.00000 -0.19847  0.34376 -0.19847 -0.34376  0.00000
f(x) =  2.06536e-02 -4.61424e-14 -1.03268e-02  1.78865e-02 -1.03268e-02 -1.78865e-02  2.13718e-15

iter =   2
x =  0.39549 -0.00000 -0.19775  0.34251 -0.19775 -0.34251  0.00000
f(x) = -6.73166e-05  8.53800e-08  3.29995e-05 -5.85928e-05  3.43299e-05  5.80249e-05 -4.88049e-08

iter =   3
x =  0.39549 -0.00000 -0.19775  0.34251 -0.19775 -0.34251  0.00000
f(x) = -6.73166e-05  8.53800e-08  3.29995e-05 -5.85928e-05  3.43299e-05  5.80249e-05 -4.88049e-08

iter =   4
x =  0.39549  0.00000 -0.19775  0.34251 -0.19775 -0.34251 -0.00000
f(x) = -7.76746e-05  2.63770e-07  8.39799e-08  1.31613e-07 -1.99143e-07 -8.73607e-08 -5.55688e-10

iter =   5
x =  0.39549  0.00000 -0.19775  0.34251 -0.19775 -0.34251  0.00000
f(x) = -4.68921e-05  1.57152e-07  4.30770e-08  8.30374e-08 -1.20461e-07 -6.42105e-08  5.86005e-10

iter =   6
x =  0.39550  0.00000 -0.19775  0.34251 -0.19775 -0.34251 -0.00000
f(x) = -1.32802e-06  4.95716e-09  3.17698e-09  9.81357e-10 -3.13276e-09  1.34447e-09 -1.96530e-10

iter =   7
x =  0.39550 -0.00000 -0.19775  0.34251 -0.19775 -0.34251  0.00000
f(x) =  1.26297e-07 -4.69751e-10 -2.96836e-10 -1.07144e-10  2.94670e-10 -1.06031e-10  1.78110e-11

iter =   8
x =  0.39550 -0.00000 -0.19775  0.34251 -0.19775 -0.34251  0.00000
f(x) =  5.37686e-10 -2.00120e-12 -1.28819e-12 -4.59091e-13  1.29486e-12 -5.12826e-13  8.15875e-14

iter =   9
x =  0.39550  0.00000 -0.19775  0.34251 -0.19775 -0.34251 -0.00000
f(x) = -4.84102e-12  1.79565e-14  1.25148e-14  6.59791e-15 -1.31809e-14  5.48768e-15 -1.09635e-15

status = success
iter =   0
x =  0.39550  0.00000 -0.19775  0.34251 -0.19775 -0.34251 -0.00000
f(x) =  2.05765e-02  1.81578e-14 -1.02883e-02  1.78198e-02 -1.02883e-02 -1.78198e-02 -1.09635e-15

iter =   1
x =  0.39550  0.00000 -0.19775  0.34251 -0.19775 -0.34251 -0.00000
f(x) =  2.05765e-02  1.81578e-14 -1.02883e-02  1.78198e-02 -1.02883e-02 -1.78198e-02 -1.09635e-15

iter =   2
x =  0.39408 -0.00000 -0.19704  0.34128 -0.19704 -0.34128  0.00000
f(x) = -6.57393e-05  8.43359e-08  3.22130e-05 -5.72056e-05  3.35210e-05  5.66490e-05 -4.76827e-08

iter =   3
x =  0.39408 -0.00000 -0.19704  0.34128 -0.19704 -0.34128  0.00000
f(x) = -6.57393e-05  8.43359e-08  3.22130e-05 -5.72056e-05  3.35210e-05  5.66490e-05 -4.76827e-08

iter =   4
x =  0.39407  0.00000 -0.19704  0.34129 -0.19704 -0.34129 -0.00000
f(x) = -7.69219e-05  2.59242e-07  8.45608e-08  1.25937e-07 -1.94243e-07 -8.36837e-08 -5.22403e-10

iter =   5
x =  0.39407  0.00000 -0.19704  0.34129 -0.19704 -0.34128  0.00000
f(x) = -4.65666e-05  1.54907e-07  4.38771e-08  7.95583e-08 -1.17729e-07 -6.16826e-08  5.75483e-10

iter =   6
x =  0.39408  0.00000 -0.19704  0.34128 -0.19704 -0.34128 -0.00000
f(x) = -1.30947e-06  4.84875e-09  3.10748e-09  9.51776e-10 -3.06565e-09  1.29881e-09 -1.89768e-10

iter =   7
x =  0.39408 -0.00000 -0.19704  0.34128 -0.19704 -0.34128  0.00000
f(x) =  1.23749e-07 -4.56594e-10 -2.88561e-10 -1.03090e-10  2.86551e-10 -1.01822e-10  1.70891e-11

iter =   8
x =  0.39408 -0.00000 -0.19704  0.34128 -0.19704 -0.34128  0.00000
f(x) =  5.24780e-10 -1.93775e-12 -1.24866e-12 -4.38833e-13  1.25343e-12 -4.92346e-13  7.80209e-14

iter =   9
x =  0.39408  0.00000 -0.19704  0.34128 -0.19704 -0.34128 -0.00000
f(x) = -4.74865e-12  1.78001e-14  1.23823e-14  5.41116e-15 -1.30484e-14  5.85525e-15 -1.01308e-15

status = success
iter =   0
x =  0.39408  0.00000 -0.19704  0.34128 -0.19704 -0.34128 -0.00000
f(x) =  2.05006e-02  1.77206e-14 -1.02503e-02  1.77540e-02 -1.02503e-02 -1.77540e-02 -1.01308e-15

iter =   1
x =  0.39408  0.00000 -0.19704  0.34128 -0.19704 -0.34128 -0.00000
f(x) =  2.05006e-02  1.77206e-14 -1.02503e-02  1.77540e-02 -1.02503e-02 -1.77540e-02 -1.01308e-15

iter =   2
x =  0.39268 -0.00000 -0.19634  0.34007 -0.19634 -0.34007  0.00000
f(x) = -6.41962e-05  8.29874e-08  3.14559e-05 -5.58707e-05  3.27426e-05  5.53253e-05 -4.66113e-08

iter =   3
x =  0.39268 -0.00000 -0.19634  0.34007 -0.19634 -0.34007  0.00000
f(x) = -6.41962e-05  8.29874e-08  3.14559e-05 -5.58707e-05  3.27426e-05  5.53253e-05 -4.66113e-08

iter =   4
x =  0.39267  0.00000 -0.19635  0.34008 -0.19635 -0.34008 -0.00000
f(x) = -7.61879e-05  2.54852e-07  8.50249e-08  1.20533e-07 -1.89537e-07 -8.02305e-08 -4.86139e-10

iter =   5
x =  0.39268  0.00000 -0.19634  0.34008 -0.19634 -0.34008  0.00000
f(x) = -4.62424e-05  1.52702e-07  4.45802e-08  7.62304e-08 -1.15085e-07 -5.92982e-08  5.68714e-10

iter =   6
x =  0.39268  0.00000 -0.19634  0.34008 -0.19634 -0.34008 -0.00000
f(x) = -1.29193e-06  4.74606e-09  3.04143e-09  9.23802e-10 -3.00203e-09  1.25556e-09 -1.83381e-10

iter =   7
x =  0.39268 -0.00000 -0.19634  0.34008 -0.19634 -0.34008  0.00000
f(x) =  1.21399e-07 -4.44401e-10 -2.80879e-10 -9.93287e-11  2.79025e-10 -9.79180e-11  1.64207e-11

iter =   8
x =  0.39268 -0.00000 -0.19634  0.34008 -0.19634 -0.34008  0.00000
f(x) =  5.12055e-10 -1.87669e-12 -1.20922e-12 -4.22155e-13  1.21466e-12 -4.70561e-13  7.46764e-14

iter =   9
x =  0.39268  0.00000 -0.19634  0.34008 -0.19634 -0.34008 -0.00000
f(x) = -4.69424e-12  1.78279e-14  1.26474e-14  5.02173e-15 -1.27585e-14  5.24377e-15 -9.43690e-16

status = success
iter =   0
x =  0.39268  0.00000 -0.19634  0.34008 -0.19634 -0.34008 -0.00000
f(x) =  2.04258e-02  1.80825e-14 -1.02129e-02  1.76892e-02 -1.02129e-02 -1.76892e-02 -9.43690e-16

iter =   1
x =  0.39268  0.00000 -0.19634  0.34008 -0.19634 -0.34008 -0.00000
f(x) =  2.04258e-02  1.80825e-14 -1.02129e-02  1.76892e-02 -1.02129e-02 -1.76892e-02 -9.43690e-16

iter =   2
x =  0.39131  0.00000 -0.19565  0.33888 -0.19565 -0.33888 -0.00000
f(x) = -6.27027e-05 -8.17446e-08  3.19929e-05 -5.40496e-05  3.07270e-05  5.45845e-05  4.55772e-08

iter =   3
x =  0.39131  0.00000 -0.19565  0.33888 -0.19565 -0.33888 -0.00000
f(x) = -6.27027e-05 -8.17446e-08  3.19929e-05 -5.40496e-05  3.07270e-05  5.45845e-05  4.55772e-08

iter =   4
x =  0.39130 -0.00000 -0.19566  0.33889 -0.19566 -0.33889  0.00000
f(x) = -7.54697e-05 -2.50599e-07 -1.85042e-07  7.69612e-08  8.54049e-08 -1.15417e-07  4.53765e-10

iter =   5
x =  0.39130 -0.00000 -0.19566  0.33889 -0.19566 -0.33889 -0.00000
f(x) = -4.59194e-05 -1.50544e-07 -1.12549e-07  5.70324e-08  4.52102e-08 -7.30687e-08 -5.61054e-10

iter =   6
x =  0.39131 -0.00000 -0.19566  0.33888 -0.19566 -0.33888  0.00000
f(x) = -1.27480e-06 -4.64671e-09 -2.94034e-09 -1.21404e-09  2.97735e-09 -8.96789e-10  1.77253e-10

iter =   7
x =  0.39131  0.00000 -0.19566  0.33888 -0.19566 -0.33888 -0.00000
f(x) =  1.19081e-07  4.32538e-10  2.71684e-10  9.41556e-11 -2.73384e-10  9.56968e-11 -1.57776e-11

iter =   8
x =  0.39131  0.00000 -0.19566  0.33888 -0.19566 -0.33888 -0.00000
f(x) =  5.00313e-10  1.81914e-12  1.17764e-12  4.51583e-13 -1.17309e-12  4.06064e-13 -7.15539e-14

iter =   9
x =  0.39131 -0.00000 -0.19566  0.33888 -0.19566 -0.33888  0.00000
f(x) = -4.64317e-12 -1.74271e-14 -1.17164e-14 -5.44107e-15  1.24936e-14 -4.55290e-15  9.29812e-16

status = success
iter =   0
x =  0.39131 -0.00000 -0.19566  0.33888 -0.19566 -0.33888  0.00000
f(x) =  2.03520e-02 -1.74555e-14 -1.01760e-02  1.76253e-02 -1.01760e-02 -1.76253e-02  9.29812e-16

iter =   1
x =  0.39131 -0.00000 -0.19566  0.33888 -0.19566 -0.33888  0.00000
f(x) =  2.03520e-02 -1.74555e-14 -1.01760e-02  1.76253e-02 -1.01760e-02 -1.76253e-02  9.29812e-16

iter =   2
x =  0.38995  0.00000 -0.19498  0.33771 -0.19498 -0.33771 -0.00000
f(x) = -6.12853e-05 -8.08756e-08  3.12706e-05 -5.28214e-05  3.00252e-05  5.33465e-05  4.45778e-08

iter =   3
x =  0.38995  0.00000 -0.19498  0.33771 -0.19498 -0.33771 -0.00000
f(x) = -6.12853e-05 -8.08756e-08  3.12706e-05 -5.28214e-05  3.00252e-05  5.33465e-05  4.45778e-08

iter =   4
x =  0.38995 -0.00000 -0.19498  0.33771 -0.19498 -0.33771  0.00000
f(x) = -7.47583e-05 -2.46455e-07 -1.80757e-07  7.38587e-08  8.57024e-08 -1.10597e-07  4.28533e-10

iter =   5
x =  0.38995 -0.00000 -0.19498  0.33771 -0.19498 -0.33771 -0.00000
f(x) = -4.55945e-05 -1.48426e-07 -1.10128e-07  5.48729e-08  4.57747e-08 -7.00850e-08 -5.49633e-10

iter =   6
x =  0.38996 -0.00000 -0.19498  0.33771 -0.19498 -0.33771  0.00000
f(x) = -1.25684e-06 -4.54613e-09 -2.87760e-09 -1.17304e-09  2.91227e-09 -8.69575e-10  1.71181e-10

iter =   7
x =  0.38996  0.00000 -0.19498  0.33771 -0.19498 -0.33771 -0.00000
f(x) =  1.16599e-07  4.20280e-10  2.64063e-10  9.03616e-11 -2.65612e-10  9.20167e-11 -1.51300e-11

iter =   8
x =  0.38996  0.00000 -0.19498  0.33771 -0.19498 -0.33771 -0.00000
f(x) =  4.88974e-10  1.76500e-12  1.14193e-12  4.32756e-13 -1.13782e-12  3.92566e-13 -6.86118e-14

iter =   9
x =  0.38996 -0.00000 -0.19498  0.33771 -0.19498 -0.33771  0.00000
f(x) = -4.59299e-12 -1.72458e-14 -1.18316e-14 -4.04714e-15  1.20537e-14 -6.04554e-15  8.60423e-16

status = success
iter =   0
x =  0.38996 -0.00000 -0.19498  0.33771 -0.19498 -0.33771  0.00000
f(x) =  2.02793e-02 -1.72187e-14 -1.01396e-02  1.75624e-02 -1.01396e-02 -1.75624e-02  8.60423e-16

iter =   1
x =  0.38996 -0.00000 -0.19498  0.33771 -0.19498 -0.33771  0.00000
f(x) =  2.02793e-02 -1.72187e-14 -1.01396e-02  1.75624e-02 -1.01396e-02 -1.75624e-02  8.60423e-16

iter =   2
x =  0.38862 -0.00000 -0.19431  0.33655 -0.19431 -0.33655  0.00000
f(x) = -5.99163e-05  7.94352e-08  2.93482e-05 -5.21515e-05  3.05743e-05  5.16371e-05 -4.36212e-08

iter =   3
x =  0.38862 -0.00000 -0.19431  0.33655 -0.19431 -0.33655  0.00000
f(x) = -5.99163e-05  7.94352e-08  2.93482e-05 -5.21515e-05  3.05743e-05  5.16371e-05 -4.36212e-08

iter =   4
x =  0.38861  0.00000 -0.19431  0.33656 -0.19431 -0.33656 -0.00000
f(x) = -7.40556e-05  2.42394e-07  8.58673e-08  1.05962e-07 -1.76593e-07 -7.09737e-08 -3.93958e-10

iter =   5
x =  0.38862  0.00000 -0.19431  0.33656 -0.19431 -0.33656  0.00000
f(x) = -4.52684e-05  1.46329e-07  4.62359e-08  6.72050e-08 -1.07761e-07 -5.28573e-08  5.45992e-10

iter =   6
x =  0.38862  0.00000 -0.19431  0.33656 -0.19431 -0.33656 -0.00000
f(x) = -1.24079e-06  4.45420e-09  2.85277e-09  8.44735e-10 -2.82039e-09  1.13499e-09 -1.65596e-10

iter =   7
x =  0.38862 -0.00000 -0.19431  0.33656 -0.19431 -0.33656  0.00000
f(x) =  1.14510e-07 -4.09644e-10 -2.58875e-10 -8.87798e-11  2.57472e-10 -8.70113e-11  1.45600e-11

iter =   8
x =  0.38862 -0.00000 -0.19431  0.33656 -0.19431 -0.33656  0.00000
f(x) =  4.77789e-10 -1.71252e-12 -1.10436e-12 -3.75502e-13  1.10847e-12 -4.15248e-13  6.57807e-14

iter =   9
x =  0.38862  0.00000 -0.19431  0.33656 -0.19431 -0.33656 -0.00000
f(x) = -4.50906e-12  1.68257e-14  1.06039e-14  5.24744e-15 -1.22692e-14  4.13722e-15 -8.32667e-16

status = success
iter =   0
x =  0.38862  0.00000 -0.19431  0.33656 -0.19431 -0.33656 -0.00000
f(x) =  2.02075e-02  1.68508e-14 -1.01038e-02  1.75002e-02 -1.01038e-02 -1.75002e-02 -8.32667e-16

iter =   1
x =  0.38862  0.00000 -0.19431  0.33656 -0.19431 -0.33656 -0.00000
f(x) =  2.02075e-02  1.68508e-14 -1.01038e-02  1.75002e-02 -1.01038e-02 -1.75002e-02 -8.32667e-16

iter =   2
x =  0.38731 -0.00000 -0.19365  0.33542 -0.19365 -0.33542  0.00000
f(x) = -5.86278e-05  7.86744e-08  2.86957e-05 -5.10000e-05  2.99024e-05  5.04953e-05 -4.26850e-08

iter =   3
x =  0.38731 -0.00000 -0.19365  0.33542 -0.19365 -0.33542  0.00000
f(x) = -5.86278e-05  7.86744e-08  2.86957e-05 -5.10000e-05  2.99024e-05  5.04953e-05 -4.26850e-08

iter =   4
x =  0.38730  0.00000 -0.19366  0.33542 -0.19366 -0.33542 -0.00000
f(x) = -7.33595e-05  2.38448e-07  8.59967e-08  1.01629e-07 -1.72651e-07 -6.82026e-08 -3.73314e-10

iter =   5
x =  0.38731  0.00000 -0.19366  0.33542 -0.19366 -0.33542  0.00000
f(x) = -4.49422e-05  1.44284e-07  4.66656e-08  6.45122e-08 -1.05524e-07 -5.09140e-08  5.33784e-10

iter =   6
x =  0.38731  0.00000 -0.19366  0.33542 -0.19366 -0.33542 -0.00000
f(x) = -1.22299e-06  4.35759e-09  2.79010e-09  8.18825e-10 -2.75989e-09  1.09657e-09 -1.59916e-10

iter =   7
x =  0.38731 -0.00000 -0.19366  0.33542 -0.19366 -0.33542  0.00000
f(x) =  1.12053e-07 -3.97870e-10 -2.51390e-10 -8.53127e-11  2.50123e-10 -8.34537e-11  1.39556e-11

iter =   8
x =  0.38731 -0.00000 -0.19366  0.33542 -0.19366 -0.33542  0.00000
f(x) =  4.67362e-10 -1.66211e-12 -1.07220e-12 -3.62862e-13  1.07631e-12 -3.99722e-13  6.31717e-14

iter =   9
x =  0.38731  0.00000 -0.19366  0.33542 -0.19366 -0.33542 -0.00000
f(x) = -4.51927e-12  1.68020e-14  1.14503e-14  4.90744e-15 -1.15613e-14  5.35153e-15 -8.32667e-16

status = success
iter =   0
x =  0.38731  0.00000 -0.19366  0.33542 -0.19366 -0.33542 -0.00000
f(x) =  2.01368e-02  1.68270e-14 -1.00684e-02  1.74390e-02 -1.00684e-02 -1.74390e-02 -8.32667e-16

iter =   1
x =  0.38731  0.00000 -0.19366  0.33542 -0.19366 -0.33542 -0.00000
f(x) =  2.01368e-02  1.68270e-14 -1.00684e-02  1.74390e-02 -1.00684e-02 -1.74390e-02 -8.32667e-16

iter =   2
x =  0.38601  0.00000 -0.19301  0.33430 -0.19301 -0.33430 -0.00000
f(x) = -5.73002e-05 -7.75386e-08  2.92542e-05 -4.93928e-05  2.80659e-05  4.98888e-05  4.17947e-08

iter =   3
x =  0.38601  0.00000 -0.19301  0.33430 -0.19301 -0.33430 -0.00000
f(x) = -5.73002e-05 -7.75386e-08  2.92542e-05 -4.93928e-05  2.80659e-05  4.98888e-05  4.17947e-08

iter =   4
x =  0.38601 -0.00000 -0.19301  0.33430 -0.19301 -0.33430  0.00000
f(x) = -7.27004e-05 -2.34679e-07 -1.68867e-07  6.55806e-08  8.61011e-08 -9.74706e-08  3.48981e-10

iter =   5
x =  0.38601 -0.00000 -0.19301  0.33430 -0.19301 -0.33430 -0.00000
f(x) = -4.46249e-05 -1.42296e-07 -1.03348e-07  4.90682e-08  4.70494e-08 -6.19083e-08 -5.26014e-10

iter =   6
x =  0.38602 -0.00000 -0.19301  0.33430 -0.19301 -0.33430  0.00000
f(x) = -1.20698e-06 -4.26894e-09 -2.70441e-09 -1.06084e-09  2.73253e-09 -7.94862e-10  1.54658e-10

iter =   7
x =  0.38602  0.00000 -0.19301  0.33430 -0.19301 -0.33430 -0.00000
f(x) =  1.09882e-07  3.87302e-10  2.43532e-10  8.02271e-11 -2.44671e-10  8.21687e-11 -1.34086e-11

iter =   8
x =  0.38602  0.00000 -0.19301  0.33430 -0.19301 -0.33430 -0.00000
f(x) =  4.57399e-10  1.61473e-12  1.04538e-12  3.84203e-13 -1.04238e-12  3.49120e-13 -6.07153e-14

iter =   9
x =  0.38602 -0.00000 -0.19301  0.33430 -0.19301 -0.33430  0.00000
f(x) = -4.43134e-12 -1.55274e-14 -1.08796e-14 -4.23233e-15  1.07686e-14 -5.56460e-15  8.18789e-16

status = success
iter =   0
x =  0.38602 -0.00000 -0.19301  0.33430 -0.19301 -0.33430  0.00000
f(x) =  2.00670e-02 -1.59929e-14 -1.00335e-02  1.73785e-02 -1.00335e-02 -1.73785e-02  8.18789e-16

iter =   1
x =  0.38602 -0.00000 -0.19301  0.33430 -0.19301 -0.33430  0.00000
f(x) =  2.00670e-02 -1.59929e-14 -1.00335e-02  1.73785e-02 -1.00335e-02 -1.73785e-02  8.18789e-16

iter =   2
x =  0.38474  0.00000 -0.19237  0.33319 -0.19237 -0.33319 -0.00000
f(x) = -5.60730e-05 -7.65364e-08  2.86280e-05 -4.83279e-05  2.74576e-05  4.88149e-05  4.09194e-08

iter =   3
x =  0.38474  0.00000 -0.19237  0.33319 -0.19237 -0.33319 -0.00000
f(x) = -5.60730e-05 -7.65364e-08  2.86280e-05 -4.83279e-05  2.74576e-05  4.88149e-05  4.09194e-08

iter =   4
x =  0.38473 -0.00000 -0.19237  0.33320 -0.19237 -0.33320  0.00000
f(x) = -7.20350e-05 -2.30958e-07 -1.65220e-07  6.31071e-08  8.61085e-08 -9.35283e-08  3.27148e-10

iter =   5
x =  0.38474 -0.00000 -0.19237  0.33320 -0.19237 -0.33320 -0.00000
f(x) = -4.43034e-05 -1.40331e-07 -1.01257e-07  4.73209e-08  4.73667e-08 -5.94419e-08 -5.17104e-10

iter =   6
x =  0.38474 -0.00000 -0.19237  0.33320 -0.19237 -0.33320  0.00000
f(x) = -1.19050e-06 -4.18015e-09 -2.64873e-09 -1.02578e-09  2.67484e-09 -7.71092e-10  1.49502e-10

iter =   7
x =  0.38474  0.00000 -0.19237  0.33320 -0.19237 -0.33320 -0.00000
f(x) =  1.07656e-07  3.76712e-10  2.36916e-10  7.70533e-11 -2.37935e-10  7.90673e-11 -1.28719e-11

iter =   8
x =  0.38474  0.00000 -0.19237  0.33320 -0.19237 -0.33320 -0.00000
f(x) =  4.47618e-10  1.56911e-12  1.01663e-12  3.68853e-13 -1.01286e-12  3.36657e-13 -5.83006e-14

iter =   9
x =  0.38474 -0.00000 -0.19237  0.33320 -0.19237 -0.33320  0.00000
f(x) = -4.42446e-12 -1.53968e-14 -1.11483e-14 -4.19513e-15  1.04821e-14 -4.86127e-15  7.77156e-16

status = success
iter =   0
x =  0.38474 -0.00000 -0.19237  0.33320 -0.19237 -0.33320  0.00000
f(x) =  1.99981e-02 -1.52504e-14 -9.99906e-03  1.73189e-02 -9.99906e-03 -1.73189e-02  7.77156e-16

iter =   1
x =  0.38474 -0.00000 -0.19237  0.33320 -0.19237 -0.33320  0.00000
f(x) =  1.99981e-02 -1.52504e-14 -9.99906e-03  1.73189e-02 -9.99906e-03 -1.73189e-02  7.77156e-16

iter =   2
x =  0.38348  0.00000 -0.19174  0.33211 -0.19174 -0.33211 -0.00000
f(x) = -5.49002e-05 -7.56989e-08  2.80234e-05 -4.73001e-05  2.68705e-05  4.77781e-05  4.00766e-08

iter =   3
x =  0.38348  0.00000 -0.19174  0.33211 -0.19174 -0.33211 -0.00000
f(x) = -5.49002e-05 -7.56989e-08  2.80234e-05 -4.73001e-05  2.68705e-05  4.77781e-05  4.00766e-08

iter =   4
x =  0.38348 -0.00000 -0.19175  0.33211 -0.19175 -0.33211  0.00000
f(x) = -7.13784e-05 -2.27331e-07 -1.61725e-07  6.07562e-08  8.60666e-08 -8.97932e-08  3.09176e-10

iter =   5
x =  0.38348 -0.00000 -0.19174  0.33211 -0.19174 -0.33211 -0.00000
f(x) = -4.39830e-05 -1.38406e-07 -9.92512e-08  4.56548e-08  4.76409e-08 -5.71019e-08 -5.06524e-10

iter =   6
x =  0.38349 -0.00000 -0.19174  0.33211 -0.19174 -0.33211  0.00000
f(x) = -1.17387e-06 -4.09231e-09 -2.59352e-09 -9.91623e-10  2.61773e-09 -7.47674e-10  1.44480e-10

iter =   7
x =  0.38349  0.00000 -0.19174  0.33211 -0.19174 -0.33211 -0.00000
f(x) =  1.05388e-07  3.66142e-10  2.30296e-10  7.39366e-11 -2.31203e-10  7.60105e-11 -1.23461e-11

iter =   8
x =  0.38349  0.00000 -0.19174  0.33211 -0.19174 -0.33211 -0.00000
f(x) =  4.38323e-10  1.52630e-12  9.88699e-13  3.54098e-13 -9.85590e-13  3.24788e-13 -5.61218e-14

iter =   9
x =  0.38349 -0.00000 -0.19174  0.33211 -0.19174 -0.33211  0.00000
f(x) = -4.38161e-12 -1.60982e-14 -1.14007e-14 -4.08449e-15  1.10676e-14 -4.08449e-15  7.49401e-16

status = success
iter =   0
x =  0.38349 -0.00000 -0.19174  0.33211 -0.19174 -0.33211  0.00000
f(x) =  1.99302e-02 -1.60073e-14 -9.96508e-03  1.72600e-02 -9.96508e-03 -1.72600e-02  7.49401e-16

iter =   1
x =  0.38349 -0.00000 -0.19174  0.33211 -0.19174 -0.33211  0.00000
f(x) =  1.99302e-02 -1.60073e-14 -9.96508e-03  1.72600e-02 -9.96508e-03 -1.72600e-02  7.49401e-16

iter =   2
x =  0.38224  0.00000 -0.19112  0.33103 -0.19112 -0.33103 -0.00000
f(x) = -5.37476e-05 -7.48939e-08  2.74386e-05 -4.63070e-05  2.63031e-05  4.67769e-05  3.92652e-08

iter =   3
x =  0.38224  0.00000 -0.19112  0.33103 -0.19112 -0.33103 -0.00000
f(x) = -5.37476e-05 -7.48939e-08  2.74386e-05 -4.63070e-05  2.63031e-05  4.67769e-05  3.92652e-08

iter =   4
x =  0.38224 -0.00000 -0.19113  0.33104 -0.19113 -0.33104  0.00000
f(x) = -7.07383e-05 -2.23814e-07 -1.58366e-07  5.85269e-08  8.59866e-08 -8.62309e-08  2.91666e-10

iter =   5
x =  0.38224 -0.00000 -0.19112  0.33104 -0.19112 -0.33104 -0.00000
f(x) = -4.36657e-05 -1.36521e-07 -9.73118e-08  4.40691e-08  4.78741e-08 -5.48625e-08 -4.96737e-10

iter =   6
x =  0.38225 -0.00000 -0.19112  0.33104 -0.19112 -0.33104  0.00000
f(x) = -1.15772e-06 -4.00754e-09 -2.54018e-09 -9.58833e-10  2.56258e-09 -7.25075e-10  1.39666e-10

iter =   7
x =  0.38225  0.00000 -0.19112  0.33104 -0.19112 -0.33104 -0.00000
f(x) =  1.03193e-07  3.55987e-10  2.23930e-10  7.09593e-11 -2.24731e-10  7.30860e-11 -1.18452e-11

iter =   8
x =  0.38225  0.00000 -0.19112  0.33104 -0.19112 -0.33104 -0.00000
f(x) =  4.29561e-10  1.48485e-12  9.61917e-13  3.42509e-13 -9.59030e-13  3.14088e-13 -5.40401e-14

iter =   9
x =  0.38225 -0.00000 -0.19112  0.33104 -0.19112 -0.33104  0.00000
f(x) = -4.40359e-12 -1.58516e-14 -1.11870e-14 -3.70929e-15  1.07429e-14 -4.81951e-15  7.63278e-16

status = success
iter =   0
x =  0.38225 -0.00000 -0.19112  0.33104 -0.19112 -0.33104  0.00000
f(x) =  1.98631e-02 -1.58690e-14 -9.93154e-03  1.72019e-02 -9.93154e-03 -1.72019e-02  7.63278e-16

iter =   1
x =  0.38225 -0.00000 -0.19112  0.33104 -0.19112 -0.33104  0.00000
f(x) =  1.98631e-02 -1.58690e-14 -9.93154e-03  1.72019e-02 -9.93154e-03 -1.72019e-02  7.63278e-16

iter =   2
x =  0.38102  0.00000 -0.19051  0.32997 -0.19051 -0.32997 -0.00000
f(x) = -5.26296e-05 -7.39693e-08  2.68737e-05 -4.53466e-05  2.57547e-05  4.58083e-05  3.84762e-08

iter =   3
x =  0.38102  0.00000 -0.19051  0.32997 -0.19051 -0.32997 -0.00000
f(x) = -5.26296e-05 -7.39693e-08  2.68737e-05 -4.53466e-05  2.57547e-05  4.58083e-05  3.84762e-08

iter =   4
x =  0.38102 -0.00000 -0.19051  0.32998 -0.19051 -0.32998  0.00000
f(x) = -7.01103e-05 -2.20392e-07 -1.55131e-07  5.64152e-08  8.58611e-08 -8.28308e-08  2.74340e-10

iter =   5
x =  0.38102 -0.00000 -0.19051  0.32998 -0.19051 -0.32998 -0.00000
f(x) = -4.33508e-05 -1.34674e-07 -9.54375e-08  4.25618e-08  4.80652e-08 -5.27203e-08 -4.87730e-10

iter =   6
x =  0.38103 -0.00000 -0.19051  0.32998 -0.19051 -0.32998  0.00000
f(x) = -1.14192e-06 -3.92531e-09 -2.48839e-09 -9.27283e-10  2.50907e-09 -7.03220e-10  1.35045e-10

iter =   7
x =  0.38103  0.00000 -0.19051  0.32998 -0.19051 -0.32998 -0.00000
f(x) =  1.01064e-07  3.46215e-10  2.17801e-10  6.81205e-11 -2.18504e-10  7.02917e-11 -1.13685e-11

iter =   8
x =  0.38103  0.00000 -0.19051  0.32998 -0.19051 -0.32998 -0.00000
f(x) =  4.20842e-10  1.44523e-12  9.35613e-13  3.29637e-13 -9.33836e-13  3.01660e-13 -5.20278e-14

iter =   9
x =  0.38103 -0.00000 -0.19051  0.32998 -0.19051 -0.32998  0.00000
f(x) = -4.30211e-12 -1.52303e-14 -1.01179e-14 -4.71510e-15  1.06731e-14 -3.60488e-15  7.49401e-16

status = success
iter =   0
x =  0.38103 -0.00000 -0.19051  0.32998 -0.19051 -0.32998  0.00000
f(x) =  1.97969e-02 -1.50230e-14 -9.89844e-03  1.71446e-02 -9.89844e-03 -1.71446e-02  7.49401e-16

iter =   1
x =  0.38103 -0.00000 -0.19051  0.32998 -0.19051 -0.32998  0.00000
f(x) =  1.97969e-02 -1.50230e-14 -9.89844e-03  1.71446e-02 -9.89844e-03 -1.71446e-02  7.49401e-16

iter =   2
x =  0.38103 -0.00000 -0.19051  0.32998 -0.19051 -0.32998  0.00000
f(x) =  1.97969e-02 -1.50230e-14 -9.89844e-03  1.71446e-02 -9.89844e-03 -1.71446e-02  7.49401e-16

iter =   3
x =  0.38103 -0.00000 -0.19051  0.32998 -0.19051 -0.32998  0.00000
f(x) =  1.97969e-02 -1.50230e-14 -9.89844e-03  1.71446e-02 -9.89844e-03 -1.71446e-02  7.49401e-16

iter =   4
x =  0.38103 -0.00000 -0.19051  0.32998 -0.19051 -0.32998  0.00000
f(x) =  1.97969e-02 -1.50230e-14 -9.89844e-03  1.71446e-02 -9.89844e-03 -1.71446e-02  7.49401e-16

iter =   5
x =  0.38103 -0.00000 -0.19051  0.32998 -0.19051 -0.32998  0.00000
f(x) =  1.97969e-02 -1.50230e-14 -9.89844e-03  1.71446e-02 -9.89844e-03 -1.71446e-02  7.49401e-16

iter =   6
x =  0.38103 -0.00000 -0.19051  0.32998 -0.19051 -0.32998  0.00000
f(x) =  1.97969e-02 -1.50230e-14 -9.89844e-03  1.71446e-02 -9.89844e-03 -1.71446e-02  7.49401e-16

iter =   7
x =  0.38103 -0.00000 -0.19051  0.32998 -0.19051 -0.32998  0.00000
f(x) =  1.97969e-02 -1.50230e-14 -9.89844e-03  1.71446e-02 -9.89844e-03 -1.71446e-02  7.49401e-16

iter =   8
x =  0.38103 -0.00000 -0.19051  0.32998 -0.19051 -0.32998  0.00000
f(x) =  1.97969e-02 -1.50230e-14 -9.89844e-03  1.71446e-02 -9.89844e-03 -1.71446e-02  7.49401e-16

iter =   9
x =  0.38103 -0.00000 -0.19051  0.32998 -0.19051 -0.32998  0.00000
f(x) =  1.97969e-02 -1.50230e-14 -9.89844e-03  1.71446e-02 -9.89844e-03 -1.71446e-02  7.49401e-16

iter =  10
x =  0.38103 -0.00000 -0.19051  0.32998 -0.19051 -0.32998  0.00000
f(x) =  1.97969e-02 -1.50230e-14 -9.89844e-03  1.71446e-02 -9.89844e-03 -1.71446e-02  7.49401e-16

status = iteration is not making progress towards solution
iter =   0
x =  0.38103 -0.00000 -0.19051  0.32998 -0.19051 -0.32998  0.00000
f(x) =  3.96339e-02 -1.51493e-14 -1.98169e-02  3.43240e-02 -1.98169e-02 -3.43240e-02  7.49401e-16

iter =   1
x =  0.38103 -0.00000 -0.19051  0.32998 -0.19051 -0.32998  0.00000
f(x) =  3.96339e-02 -1.51493e-14 -1.98169e-02  3.43240e-02 -1.98169e-02 -3.43240e-02  7.49401e-16

iter =   2
x =  0.37862  0.00000 -0.18931  0.32789 -0.18931 -0.32789 -0.00000
f(x) = -2.03709e-04 -2.87854e-07  1.04068e-04 -1.75546e-04  9.96741e-05  1.77346e-04  1.49633e-07

iter =   3
x =  0.37862  0.00000 -0.18931  0.32789 -0.18931 -0.32789 -0.00000
f(x) = -2.03709e-04 -2.87854e-07  1.04068e-04 -1.75546e-04  9.96741e-05  1.77346e-04  1.49633e-07

iter =   4
x =  0.37860 -0.00000 -0.18933  0.32791 -0.18933 -0.32791 -0.00000
f(x) = -2.76788e-04 -8.65658e-07 -7.27932e-07  4.70734e-07  2.15177e-07 -5.67342e-07  9.11155e-10

iter =   5
x =  0.37861 -0.00000 -0.18932  0.32791 -0.18932 -0.32791 -0.00000
f(x) = -1.71664e-04 -5.29634e-07 -4.57718e-07  3.34433e-07  1.08833e-07 -3.73120e-07 -1.85560e-09

iter =   6
x =  0.37863 -0.00000 -0.18932  0.32791 -0.18932 -0.32791  0.00000
f(x) = -3.71008e-06 -1.28117e-08 -7.08451e-09 -3.70460e-09  7.53813e-09  1.37591e-10  3.19789e-10

iter =   7
x =  0.37863  0.00000 -0.18932  0.32791 -0.18932 -0.32791  0.00000
f(x) =  1.76512e-07  5.92844e-10  2.82922e-10  3.93870e-11 -3.06370e-10  1.92258e-11 -4.95687e-12

iter =   8
x =  0.37863  0.00000 -0.18932  0.32791 -0.18932 -0.32791 -0.00000
f(x) =  8.29584e-09  2.90969e-11  1.86842e-11  6.69968e-12 -1.85826e-11  6.49806e-12 -1.16292e-12

iter =   9
x =  0.37863 -0.00000 -0.18932  0.32791 -0.18932 -0.32791  0.00000
f(x) = -8.80468e-10 -3.10937e-12 -2.03630e-12 -7.37796e-13  2.01920e-12 -7.75765e-13  1.34406e-13

iter =  10
x =  0.37863  0.00000 -0.18932  0.32791 -0.18932 -0.32791 -0.00000
f(x) =  6.91536e-12  2.42981e-14  1.49566e-14  5.19657e-15 -1.45125e-14  5.86270e-15 -9.71445e-16

status = success
iter =   0
x =  0.37863  0.00000 -0.18932  0.32791 -0.18932 -0.32791 -0.00000
f(x) =  1.96670e-02  2.42411e-14 -9.83348e-03  1.70321e-02 -9.83348e-03 -1.70321e-02 -9.71445e-16

iter =   1
x =  0.37863  0.00000 -0.18932  0.32791 -0.18932 -0.32791 -0.00000
f(x) =  1.96670e-02  2.42411e-14 -9.83348e-03  1.70321e-02 -9.83348e-03 -1.70321e-02 -9.71445e-16

iter =   2
x =  0.37863  0.00000 -0.18932  0.32791 -0.18932 -0.32791 -0.00000
f(x) =  1.96670e-02  2.42411e-14 -9.83348e-03  1.70321e-02 -9.83348e-03 -1.70321e-02 -9.71445e-16

iter =   3
x =  0.37863  0.00000 -0.18932  0.32791 -0.18932 -0.32791 -0.00000
f(x) =  1.96670e-02  2.42411e-14 -9.83348e-03  1.70321e-02 -9.83348e-03 -1.70321e-02 -9.71445e-16

iter =   4
x =  0.37863  0.00000 -0.18932  0.32791 -0.18932 -0.32791 -0.00000
f(x) =  1.96670e-02  2.42411e-14 -9.83348e-03  1.70321e-02 -9.83348e-03 -1.70321e-02 -9.71445e-16

iter =   5
x =  0.37863  0.00000 -0.18932  0.32791 -0.18932 -0.32791 -0.00000
f(x) =  1.96670e-02  2.42411e-14 -9.83348e-03  1.70321e-02 -9.83348e-03 -1.70321e-02 -9.71445e-16

iter =   6
x =  0.37863  0.00000 -0.18932  0.32791 -0.18932 -0.32791 -0.00000
f(x) =  1.96670e-02  2.42411e-14 -9.83348e-03  1.70321e-02 -9.83348e-03 -1.70321e-02 -9.71445e-16

iter =   7
x =  0.37863  0.00000 -0.18932  0.32791 -0.18932 -0.32791 -0.00000
f(x) =  1.96670e-02  2.42411e-14 -9.83348e-03  1.70321e-02 -9.83348e-03 -1.70321e-02 -9.71445e-16

iter =   8
x =  0.37863  0.00000 -0.18932  0.32791 -0.18932 -0.32791 -0.00000
f(x) =  1.96670e-02  2.42411e-14 -9.83348e-03  1.70321e-02 -9.83348e-03 -1.70321e-02 -9.71445e-16

iter =   9
x =  0.37863  0.00000 -0.18932  0.32791 -0.18932 -0.32791 -0.00000
f(x) =  1.96670e-02  2.42411e-14 -9.83348e-03  1.70321e-02 -9.83348e-03 -1.70321e-02 -9.71445e-16

iter =  10
x =  0.37863  0.00000 -0.18932  0.32791 -0.18932 -0.32791 -0.00000
f(x) =  1.96670e-02  2.42411e-14 -9.83348e-03  1.70321e-02 -9.83348e-03 -1.70321e-02 -9.71445e-16

status = iteration is not making progress towards solution
iter =   0
x =  0.37863  0.00000 -0.18932  0.32791 -0.18932 -0.32791 -0.00000
f(x) =  3.93731e-02  2.41847e-14 -1.96865e-02  3.40981e-02 -1.96865e-02 -3.40981e-02 -9.71445e-16

iter =   1
x =  0.37863  0.00000 -0.18932  0.32791 -0.18932 -0.32791 -0.00000
f(x) =  3.93731e-02  2.41847e-14 -1.96865e-02  3.40981e-02 -1.96865e-02 -3.40981e-02 -9.71445e-16

iter =   2
x =  0.37629  0.00000 -0.18815  0.32588 -0.18815 -0.32588 -0.00000
f(x) = -1.95673e-04 -2.81655e-07  9.99552e-05 -1.68560e-04  9.56855e-05  1.70299e-04  1.43885e-07

iter =   3
x =  0.37629  0.00000 -0.18815  0.32588 -0.18815 -0.32588 -0.00000
f(x) = -1.95673e-04 -2.81655e-07  9.99552e-05 -1.68560e-04  9.56855e-05  1.70299e-04  1.43885e-07

iter =   4
x =  0.37627 -0.00000 -0.18816  0.32589 -0.18816 -0.32589 -0.00000
f(x) = -2.71969e-04 -8.39925e-07 -6.94201e-07  4.37409e-07  2.23752e-07 -5.24944e-07  8.04940e-10

iter =   5
x =  0.37628 -0.00000 -0.18816  0.32589 -0.18816 -0.32589 -0.00000
f(x) = -1.69185e-04 -5.15561e-07 -4.37170e-07  3.11668e-07  1.16350e-07 -3.45747e-07 -1.78947e-09

iter =   6
x =  0.37630 -0.00000 -0.18815  0.32589 -0.18815 -0.32589  0.00000
f(x) = -3.61279e-06 -1.23035e-08 -6.83052e-09 -3.43565e-09  7.23183e-09  1.20392e-10  2.98903e-10

iter =   7
x =  0.37630  0.00000 -0.18815  0.32589 -0.18815 -0.32589  0.00000
f(x) =  1.68505e-07  5.58029e-10  2.67404e-10  3.26694e-11 -2.87950e-10  1.60986e-11 -4.33073e-12

iter =   8
x =  0.37630  0.00000 -0.18815  0.32589 -0.18815 -0.32589 -0.00000
f(x) =  7.98826e-09  2.76382e-11  1.77515e-11  6.23428e-12 -1.76572e-11  6.06996e-12 -1.08093e-12

iter =   9
x =  0.37630 -0.00000 -0.18815  0.32589 -0.18815 -0.32589  0.00000
f(x) = -8.51593e-10 -2.96608e-12 -1.94176e-12 -6.89364e-13  1.92533e-12 -7.25780e-13  1.25192e-13

iter =  10
x =  0.37630  0.00000 -0.18815  0.32589 -0.18815 -0.32589 -0.00000
f(x) =  6.45506e-12  2.24694e-14  1.47214e-14  4.23665e-15 -1.37222e-14  4.90278e-15 -8.32667e-16

status = success
iter =   0
x =  0.37630  0.00000 -0.18815  0.32589 -0.18815 -0.32589 -0.00000
f(x) =  1.95403e-02  2.29048e-14 -9.77013e-03  1.69224e-02 -9.77013e-03 -1.69224e-02 -8.32667e-16

iter =   1
x =  0.37630  0.00000 -0.18815  0.32589 -0.18815 -0.32589 -0.00000
f(x) =  1.95403e-02  2.29048e-14 -9.77013e-03  1.69224e-02 -9.77013e-03 -1.69224e-02 -8.32667e-16

iter =   2
x =  0.37630  0.00000 -0.18815  0.32589 -0.18815 -0.32589 -0.00000
f(x) =  1.95403e-02  2.29048e-14 -9.77013e-03  1.69224e-02 -9.77013e-03 -1.69224e-02 -8.32667e-16

iter =   3
x =  0.37630  0.00000 -0.18815  0.32589 -0.18815 -0.32589 -0.00000
f(x) =  1.95403e-02  2.29048e-14 -9.77013e-03  1.69224e-02 -9.77013e-03 -1.69224e-02 -8.32667e-16

iter =   4
x =  0.37630  0.00000 -0.18815  0.32589 -0.18815 -0.32589 -0.00000
f(x) =  1.95403e-02  2.29048e-14 -9.77013e-03  1.69224e-02 -9.77013e-03 -1.69224e-02 -8.32667e-16

iter =   5
x =  0.37630  0.00000 -0.18815  0.32589 -0.18815 -0.32589 -0.00000
f(x) =  1.95403e-02  2.29048e-14 -9.77013e-03  1.69224e-02 -9.77013e-03 -1.69224e-02 -8.32667e-16

iter =   6
x =  0.37630  0.00000 -0.18815  0.32589 -0.18815 -0.32589 -0.00000
f(x) =  1.95403e-02  2.29048e-14 -9.77013e-03  1.69224e-02 -9.77013e-03 -1.69224e-02 -8.32667e-16

iter =   7
x =  0.37630  0.00000 -0.18815  0.32589 -0.18815 -0.32589 -0.00000
f(x) =  1.95403e-02  2.29048e-14 -9.77013e-03  1.69224e-02 -9.77013e-03 -1.69224e-02 -8.32667e-16

iter =   8
x =  0.37630  0.00000 -0.18815  0.32589 -0.18815 -0.32589 -0.00000
f(x) =  1.95403e-02  2.29048e-14 -9.77013e-03  1.69224e-02 -9.77013e-03 -1.69224e-02 -8.32667e-16

iter =   9
x =  0.37630  0.00000 -0.18815  0.32589 -0.18815 -0.32589 -0.00000
f(x) =  1.95403e-02  2.29048e-14 -9.77013e-03  1.69224e-02 -9.77013e-03 -1.69224e-02 -8.32667e-16

iter =  10
x =  0.37630  0.00000 -0.18815  0.32589 -0.18815 -0.32589 -0.00000
f(x) =  1.95403e-02  2.29048e-14 -9.77013e-03  1.69224e-02 -9.77013e-03 -1.69224e-02 -8.32667e-16

status = iteration is not making progress towards solution
iter =   0
x =  0.37630  0.00000 -0.18815  0.32589 -0.18815 -0.32589 -0.00000
f(x) =  3.91188e-02  2.27857e-14 -1.95594e-02  3.38778e-02 -1.95594e-02 -3.38778e-02 -8.32667e-16

iter =   1
x =  0.37630  0.00000 -0.18815  0.32589 -0.18815 -0.32589 -0.00000
f(x) =  3.91188e-02  2.27857e-14 -1.95594e-02  3.38778e-02 -1.95594e-02 -3.38778e-02 -8.32667e-16

iter =   2
x =  0.37402 -0.00000 -0.18701  0.32391 -0.18701 -0.32391  0.00000
f(x) = -1.88025e-04  2.75035e-07  9.19446e-05 -1.63690e-04  9.60978e-05  1.62008e-04 -1.38519e-07

iter =   3
x =  0.37402 -0.00000 -0.18701  0.32391 -0.18701 -0.32391  0.00000
f(x) = -1.88025e-04  2.75035e-07  9.19446e-05 -1.63690e-04  9.60978e-05  1.62008e-04 -1.38519e-07

iter =   4
x =  0.37401  0.00000 -0.18703  0.32393 -0.18703 -0.32393  0.00000
f(x) = -2.67338e-04  8.15535e-07  2.30903e-07  4.86261e-07 -6.63071e-07 -4.07203e-07 -7.02601e-10

iter =   5
x =  0.37402  0.00000 -0.18702  0.32393 -0.18702 -0.32393  0.00000
f(x) = -1.66749e-04  5.02038e-07  1.22787e-07  3.20656e-07 -4.18092e-07 -2.90924e-07  1.73225e-09

iter =   6
x =  0.37404  0.00000 -0.18702  0.32392 -0.18702 -0.32392 -0.00000
f(x) = -3.52052e-06  1.18277e-08  6.94523e-09 -1.07149e-10 -6.59088e-09  3.18868e-09 -2.79611e-10

iter =   7
x =  0.37404 -0.00000 -0.18702  0.32392 -0.18702 -0.32392 -0.00000
f(x) =  1.60980e-07 -5.25812e-10 -2.70917e-10 -1.31862e-11  2.52882e-10 -2.66885e-11  3.76296e-12

iter =   8
x =  0.37404 -0.00000 -0.18702  0.32392 -0.18702 -0.32392  0.00000
f(x) =  7.70233e-09 -2.62973e-11 -1.68056e-11 -5.67846e-12  1.68937e-11 -5.81169e-12  1.00661e-12

iter =   9
x =  0.37404  0.00000 -0.18702  0.32392 -0.18702 -0.32392 -0.00000
f(x) = -8.25380e-10  2.83596e-12  1.84079e-12  6.78889e-13 -1.85567e-12  6.47137e-13 -1.16920e-13

iter =  10
x =  0.37404 -0.00000 -0.18702  0.32392 -0.18702 -0.32392  0.00000
f(x) =  6.02607e-12 -2.01344e-14 -1.28547e-14 -4.69269e-15  1.31878e-14 -4.24860e-15  7.77156e-16

status = success
iter =   0
x =  0.37404 -0.00000 -0.18702  0.32392 -0.18702 -0.32392  0.00000
f(x) =  1.94166e-02 -2.02814e-14 -9.70832e-03  1.68153e-02 -9.70832e-03 -1.68153e-02  7.77156e-16

iter =   1
x =  0.37404 -0.00000 -0.18702  0.32392 -0.18702 -0.32392  0.00000
f(x) =  1.94166e-02 -2.02814e-14 -9.70832e-03  1.68153e-02 -9.70832e-03 -1.68153e-02  7.77156e-16

iter =   2
x =  0.37292 -0.00000 -0.18646  0.32296 -0.18646 -0.32296  0.00000
f(x) = -4.57624e-05  6.79266e-08  2.23762e-05 -3.98403e-05  2.33909e-05  3.94305e-05 -3.36367e-08

iter =   3
x =  0.37292 -0.00000 -0.18646  0.32296 -0.18646 -0.32296  0.00000
f(x) = -4.57624e-05  6.79266e-08  2.23762e-05 -3.98403e-05  2.33909e-05  3.94305e-05 -3.36367e-08

iter =   4
x =  0.37292  0.00000 -0.18646  0.32296 -0.18646 -0.32296 -0.00000
f(x) = -6.59836e-05  1.98668e-07  8.39882e-08  6.29627e-08 -1.35474e-07 -4.43622e-08 -1.70781e-10

iter =   5
x =  0.37292  0.00000 -0.18646  0.32296 -0.18646 -0.32296  0.00000
f(x) = -4.12051e-05  1.22686e-07  4.84642e-08  4.01196e-08 -8.39323e-08 -3.38567e-08  4.34372e-10

iter =   6
x =  0.37292  0.00000 -0.18646  0.32296 -0.18646 -0.32296 -0.00000
f(x) = -1.03935e-06  3.41048e-09  2.17397e-09  5.67891e-10 -2.16313e-09  7.35656e-10 -1.07214e-10

iter =   7
x =  0.37292 -0.00000 -0.18646  0.32296 -0.18646 -0.32296  0.00000
f(x) =  8.74966e-08 -2.86123e-10 -1.80196e-10 -5.35299e-11  1.79998e-10 -5.12219e-11  8.55992e-12

iter =   8
x =  0.37292 -0.00000 -0.18646  0.32296 -0.18646 -0.32296  0.00000
f(x) =  3.68782e-10 -1.21103e-12 -7.82731e-13 -2.40908e-13  7.84841e-13 -2.54231e-13  4.04399e-14

iter =   9
x =  0.37292  0.00000 -0.18646  0.32296 -0.18646 -0.32296 -0.00000
f(x) = -4.29545e-12  1.47179e-14  9.89426e-15  4.29982e-15 -9.56120e-15  2.96755e-15 -6.10623e-16

status = success
iter =   0
x =  0.37292  0.00000 -0.18646  0.32296 -0.18646 -0.32296 -0.00000
f(x) =  1.93559e-02  1.44514e-14 -9.67797e-03  1.67627e-02 -9.67797e-03 -1.67627e-02 -6.10623e-16

iter =   1
x =  0.37292  0.00000 -0.18646  0.32296 -0.18646 -0.32296 -0.00000
f(x) =  1.93559e-02  1.44514e-14 -9.67797e-03  1.67627e-02 -9.67797e-03 -1.67627e-02 -6.10623e-16

iter =   2
x =  0.37182  0.00000 -0.18591  0.32201 -0.18591 -0.32201 -0.00000
f(x) = -4.49111e-05 -6.74585e-08  2.29524e-05 -3.86859e-05  2.19514e-05  3.90897e-05  3.30101e-08

iter =   3
x =  0.37182  0.00000 -0.18591  0.32201 -0.18591 -0.32201 -0.00000
f(x) = -4.49111e-05 -6.74585e-08  2.29524e-05 -3.86859e-05  2.19514e-05  3.90897e-05  3.30101e-08

iter =   4
x =  0.37182 -0.00000 -0.18591  0.32201 -0.18591 -0.32201  0.00000
f(x) = -6.54317e-05 -1.95872e-07 -1.33072e-07  4.29289e-08  8.36490e-08 -6.06415e-08  1.65515e-10

iter =   5
x =  0.37182 -0.00000 -0.18591  0.32201 -0.18591 -0.32201 -0.00000
f(x) = -4.09100e-05 -1.21118e-07 -8.25188e-08  3.28097e-08  4.84417e-08 -3.86420e-08 -4.22693e-10

iter =   6
x =  0.37183 -0.00000 -0.18591  0.32201 -0.18591 -0.32201  0.00000
f(x) = -1.02442e-06 -3.34026e-09 -2.11854e-09 -7.11030e-10  2.12827e-09 -5.49838e-10  1.03645e-10

iter =   7
x =  0.37183  0.00000 -0.18591  0.32201 -0.18591 -0.32201 -0.00000
f(x) =  8.54774e-08  2.77751e-10  1.74705e-10  4.90140e-11 -1.74855e-10  5.13149e-11 -8.19597e-12

iter =   8
x =  0.37183  0.00000 -0.18591  0.32201 -0.18591 -0.32201 -0.00000
f(x) =  3.62547e-10  1.18246e-12  7.67298e-13  2.46948e-13 -7.64633e-13  2.32738e-13 -3.91354e-14

iter =   9
x =  0.37183 -0.00000 -0.18591  0.32201 -0.18591 -0.32201  0.00000
f(x) = -4.33009e-12 -1.45445e-14 -9.99563e-15 -2.64608e-15  1.05507e-14 -3.75630e-15  6.10623e-16

status = success
iter =   0
x =  0.37183 -0.00000 -0.18591  0.32201 -0.18591 -0.32201  0.00000
f(x) =  1.92960e-02 -1.43869e-14 -9.64798e-03  1.67108e-02 -9.64798e-03 -1.67108e-02  6.10623e-16

iter =   1
x =  0.37183 -0.00000 -0.18591  0.32201 -0.18591 -0.32201  0.00000
f(x) =  1.92960e-02 -1.43869e-14 -9.64798e-03  1.67108e-02 -9.64798e-03 -1.67108e-02  6.10623e-16

iter =   2
x =  0.37074  0.00000 -0.18537  0.32107 -0.18537 -0.32107 -0.00000
f(x) = -4.40611e-05 -6.65852e-08  2.25272e-05 -3.79642e-05  2.15391e-05  3.83614e-05  3.24208e-08

iter =   3
x =  0.37074  0.00000 -0.18537  0.32107 -0.18537 -0.32107 -0.00000
f(x) = -4.40611e-05 -6.65852e-08  2.25272e-05 -3.79642e-05  2.15391e-05  3.83614e-05  3.24208e-08

iter =   4
x =  0.37073 -0.00000 -0.18537  0.32107 -0.18537 -0.32107  0.00000
f(x) = -6.48917e-05 -1.93136e-07 -1.30714e-07  4.15974e-08  8.32649e-08 -5.83742e-08  1.53085e-10

iter =   5
x =  0.37074 -0.00000 -0.18537  0.32107 -0.18537 -0.32107 -0.00000
f(x) = -4.06166e-05 -1.19566e-07 -8.11183e-08  3.18329e-08  4.83758e-08 -3.71918e-08 -4.16729e-10

iter =   6
x =  0.37074 -0.00000 -0.18537  0.32107 -0.18537 -0.32107  0.00000
f(x) = -1.01114e-06 -3.27642e-09 -2.07808e-09 -6.88188e-10  2.08675e-09 -5.33318e-10  1.00366e-10

iter =   7
x =  0.37074  0.00000 -0.18537  0.32107 -0.18537 -0.32107 -0.00000
f(x) =  8.37659e-08  2.70493e-10  1.70128e-10  4.70621e-11 -1.70230e-10  4.93614e-11 -7.87592e-12

iter =   8
x =  0.37074  0.00000 -0.18537  0.32107 -0.18537 -0.32107 -0.00000
f(x) =  3.56260e-10  1.15536e-12  7.49534e-13  2.38936e-13 -7.47313e-13  2.24725e-13 -3.78586e-14

iter =   9
x =  0.37074 -0.00000 -0.18537  0.32107 -0.18537 -0.32107  0.00000
f(x) = -4.32521e-12 -1.41663e-14 -9.77519e-15 -3.18494e-15  9.66417e-15 -3.40699e-15  6.10623e-16

status = success
iter =   0
x =  0.37074 -0.00000 -0.18537  0.32107 -0.18537 -0.32107  0.00000
f(x) =  1.92367e-02 -1.43416e-14 -9.61833e-03  1.66594e-02 -9.61833e-03 -1.66594e-02  6.10623e-16

iter =   1
x =  0.37074 -0.00000 -0.18537  0.32107 -0.18537 -0.32107  0.00000
f(x) =  1.92367e-02 -1.43416e-14 -9.61833e-03  1.66594e-02 -9.61833e-03 -1.66594e-02  6.10623e-16

iter =   2
x =  0.36967 -0.00000 -0.18483  0.32014 -0.18483 -0.32014  0.00000
f(x) = -4.32820e-05  6.59572e-08  2.11392e-05 -3.76540e-05  2.21141e-05  3.72631e-05 -3.18368e-08

iter =   3
x =  0.36967 -0.00000 -0.18483  0.32014 -0.18483 -0.32014  0.00000
f(x) = -4.32820e-05  6.59572e-08  2.11392e-05 -3.76540e-05  2.21141e-05  3.72631e-05 -3.18368e-08

iter =   4
x =  0.36966  0.00000 -0.18484  0.32015 -0.18484 -0.32015 -0.00000
f(x) = -6.43479e-05  1.90432e-07  8.28470e-08  5.62198e-08 -1.28429e-07 -4.03260e-08 -1.43319e-10

iter =   5
x =  0.36967  0.00000 -0.18484  0.32014 -0.18484 -0.32014  0.00000
f(x) = -4.03246e-05  1.18043e-07  4.82909e-08  3.58189e-08 -7.97728e-08 -3.08989e-08  4.09146e-10

iter =   6
x =  0.36967  0.00000 -0.18484  0.32014 -0.18484 -0.32014 -0.00000
f(x) = -9.97425e-07  3.21207e-09  2.04490e-09  5.16859e-10 -2.03724e-09  6.65668e-10 -9.71328e-11

iter =   7
x =  0.36967 -0.00000 -0.18484  0.32014 -0.18484 -0.32014  0.00000
f(x) =  8.19883e-08 -2.63119e-10 -1.65530e-10 -4.74120e-11  1.65472e-10 -4.51228e-11  7.55825e-12

iter =   8
x =  0.36967 -0.00000 -0.18484  0.32014 -0.18484 -0.32014  0.00000
f(x) =  3.50249e-10 -1.12855e-12 -7.30129e-13 -2.19170e-13  7.31683e-13 -2.31604e-13  3.66235e-14

iter =   9
x =  0.36967  0.00000 -0.18484  0.32014 -0.18484 -0.32014 -0.00000
f(x) = -4.34941e-12  1.43184e-14  9.88070e-15  3.53201e-15 -9.99172e-15  3.75405e-15 -6.24500e-16

status = success
iter =   0
x =  0.36967  0.00000 -0.18484  0.32014 -0.18484 -0.32014 -0.00000
f(x) =  1.91781e-02  1.42708e-14 -9.58903e-03  1.66087e-02 -9.58903e-03 -1.66087e-02 -6.24500e-16

iter =   1
x =  0.36967  0.00000 -0.18484  0.32014 -0.18484 -0.32014 -0.00000
f(x) =  1.91781e-02  1.42708e-14 -9.58903e-03  1.66087e-02 -9.58903e-03 -1.66087e-02 -6.24500e-16

iter =   2
x =  0.36861  0.00000 -0.18431  0.31923 -0.18431 -0.31923 -0.00000
f(x) = -4.24495e-05 -6.51904e-08  2.17131e-05 -3.65821e-05  2.07506e-05  3.69674e-05  3.12826e-08

iter =   3
x =  0.36861  0.00000 -0.18431  0.31923 -0.18431 -0.31923 -0.00000
f(x) = -4.24495e-05 -6.51904e-08  2.17131e-05 -3.65821e-05  2.07506e-05  3.69674e-05  3.12826e-08

iter =   4
x =  0.36861 -0.00000 -0.18431  0.31923 -0.18431 -0.31923  0.00000
f(x) = -6.38356e-05 -1.87859e-07 -1.26245e-07  3.90970e-08  8.24658e-08 -5.41481e-08  1.34518e-10

iter =   5
x =  0.36861 -0.00000 -0.18431  0.31923 -0.18431 -0.31923 -0.00000
f(x) = -4.00391e-05 -1.16560e-07 -7.84620e-08  2.99925e-08  4.82056e-08 -3.44873e-08 -4.01951e-10

iter =   6
x =  0.36861 -0.00000 -0.18431  0.31923 -0.18431 -0.31923  0.00000
f(x) = -9.84446e-07 -3.15097e-09 -1.99844e-09 -6.44224e-10  2.00516e-09 -5.01132e-10  9.40619e-11

iter =   7
x =  0.36861  0.00000 -0.18431  0.31923 -0.18431 -0.31923 -0.00000
f(x) =  8.02920e-08  2.56102e-10  1.61038e-10  4.32829e-11 -1.61060e-10  4.55606e-11 -7.25756e-12

iter =   8
x =  0.36861  0.00000 -0.18431  0.31923 -0.18431 -0.31923 -0.00000
f(x) =  3.44582e-10  1.10377e-12  7.15964e-13  2.24413e-13 -7.13744e-13  2.12201e-13 -3.54439e-14

iter =   9
x =  0.36861 -0.00000 -0.18431  0.31923 -0.18431 -0.31923  0.00000
f(x) = -4.35096e-12 -1.37428e-14 -8.87836e-15 -4.13223e-15  9.98858e-15 -3.24405e-15  5.55112e-16

status = success
iter =   0
x =  0.36861 -0.00000 -0.18431  0.31923 -0.18431 -0.31923  0.00000
f(x) =  1.91201e-02 -1.41943e-14 -9.56007e-03  1.65585e-02 -9.56007e-03 -1.65585e-02  5.55112e-16

iter =   1
x =  0.36861 -0.00000 -0.18431  0.31923 -0.18431 -0.31923  0.00000
f(x) =  1.91201e-02 -1.41943e-14 -9.56007e-03  1.65585e-02 -9.56007e-03 -1.65585e-02  5.55112e-16

iter =   2
x =  0.36757  0.00000 -0.18378  0.31832 -0.18378 -0.31832 -0.00000
f(x) = -4.16917e-05 -6.44409e-08  2.13240e-05 -3.59216e-05  2.03734e-05  3.63004e-05  3.07337e-08

iter =   3
x =  0.36757  0.00000 -0.18378  0.31832 -0.18378 -0.31832 -0.00000
f(x) = -4.16917e-05 -6.44409e-08  2.13240e-05 -3.59216e-05  2.03734e-05  3.63004e-05  3.07337e-08

iter =   4
x =  0.36756 -0.00000 -0.18379  0.31832 -0.18379 -0.31832  0.00000
f(x) = -6.33162e-05 -1.85299e-07 -1.24111e-07  3.79363e-08  8.20363e-08 -5.21674e-08  1.25769e-10

iter =   5
x =  0.36756 -0.00000 -0.18379  0.31832 -0.18379 -0.31832 -0.00000
f(x) = -3.97540e-05 -1.15099e-07 -7.71941e-08  2.91346e-08  4.80936e-08 -3.32197e-08 -3.94796e-10

iter =   6
x =  0.36757 -0.00000 -0.18378  0.31832 -0.18378 -0.31832  0.00000
f(x) = -9.71230e-07 -3.08995e-09 -1.95969e-09 -6.23223e-10  1.96551e-09 -4.85638e-10  9.10592e-11

iter =   7
x =  0.36757  0.00000 -0.18378  0.31832 -0.18378 -0.31832 -0.00000
f(x) =  7.85933e-08  2.49171e-10  1.56659e-10  4.14955e-11 -1.56645e-10  4.37588e-11 -6.96619e-12

iter =   8
x =  0.36757  0.00000 -0.18378  0.31832 -0.18378 -0.31832 -0.00000
f(x) =  3.38932e-10  1.07932e-12  7.00331e-13  2.16605e-13 -6.98221e-13  2.05947e-13 -3.43336e-14

iter =   9
x =  0.36757 -0.00000 -0.18378  0.31832 -0.18378 -0.31832  0.00000
f(x) = -4.35274e-12 -1.40417e-14 -9.64625e-15 -3.90483e-15  9.53523e-15 -3.46074e-15  5.68989e-16

status = success
iter =   0
x =  0.36757 -0.00000 -0.18378  0.31832 -0.18378 -0.31832  0.00000
f(x) =  1.90629e-02 -1.42709e-14 -9.53143e-03  1.65089e-02 -9.53143e-03 -1.65089e-02  5.68989e-16

iter =   1
x =  0.36757 -0.00000 -0.18378  0.31832 -0.18378 -0.31832  0.00000
f(x) =  1.90629e-02 -1.42709e-14 -9.53143e-03  1.65089e-02 -9.53143e-03 -1.65089e-02  5.68989e-16

iter =   2
x =  0.36653 -0.00000 -0.18327  0.31743 -0.18327 -0.31743  0.00000
f(x) = -4.09501e-05  6.36676e-08  2.00069e-05 -3.56524e-05  2.09455e-05  3.52794e-05 -3.02150e-08

iter =   3
x =  0.36653 -0.00000 -0.18327  0.31743 -0.18327 -0.31743  0.00000
f(x) = -4.09501e-05  6.36676e-08  2.00069e-05 -3.56524e-05  2.09455e-05  3.52794e-05 -3.02150e-08

iter =   4
x =  0.36653  0.00000 -0.18327  0.31743 -0.18327 -0.31743 -0.00000
f(x) = -6.28046e-05  1.82789e-07  8.15786e-08  5.02460e-08 -1.22024e-07 -3.68466e-08 -1.13850e-10

iter =   5
x =  0.36653  0.00000 -0.18327  0.31743 -0.18327 -0.31743  0.00000
f(x) = -3.94710e-05  1.13658e-07  4.79549e-08  3.19872e-08 -7.59491e-08 -2.83267e-08  3.90403e-10

iter =   6
x =  0.36654  0.00000 -0.18327  0.31743 -0.18327 -0.31743 -0.00000
f(x) = -9.58998e-07  3.03287e-09  1.92842e-09  4.71072e-10 -1.92346e-09  6.03364e-10 -8.82378e-11

iter =   7
x =  0.36654 -0.00000 -0.18327  0.31743 -0.18327 -0.31743  0.00000
f(x) =  7.70607e-08 -2.42856e-10 -1.52625e-10 -4.21011e-11  1.52672e-10 -3.98518e-11  6.69909e-12

iter =   8
x =  0.36654 -0.00000 -0.18327  0.31743 -0.18327 -0.31743  0.00000
f(x) =  3.33394e-10 -1.05613e-12 -6.82376e-13 -1.99191e-13  6.86372e-13 -2.08073e-13  3.32651e-14

iter =   9
x =  0.36654  0.00000 -0.18327  0.31743 -0.18327 -0.31743 -0.00000
f(x) = -4.29345e-12  1.38611e-14  8.14579e-15  3.80773e-15 -1.08103e-14  2.03137e-15 -5.68989e-16

status = success
iter =   0
x =  0.36654  0.00000 -0.18327  0.31743 -0.18327 -0.31743 -0.00000
f(x) =  1.90062e-02  1.36999e-14 -9.50312e-03  1.64599e-02 -9.50312e-03 -1.64599e-02 -5.68989e-16

iter =   1
x =  0.36654  0.00000 -0.18327  0.31743 -0.18327 -0.31743 -0.00000
f(x) =  1.90062e-02  1.36999e-14 -9.50312e-03  1.64599e-02 -9.50312e-03 -1.64599e-02 -5.68989e-16

iter =   2
x =  0.36552  0.00000 -0.18276  0.31655 -0.18276 -0.31655 -0.00000
f(x) = -4.02124e-05 -6.31473e-08  2.05777e-05 -3.46549e-05  1.96507e-05  3.50226e-05  2.96904e-08

iter =   3
x =  0.36552  0.00000 -0.18276  0.31655 -0.18276 -0.31655 -0.00000
f(x) = -4.02124e-05 -6.31473e-08  2.05777e-05 -3.46549e-05  1.96507e-05  3.50226e-05  2.96904e-08

iter =   4
x =  0.36551 -0.00000 -0.18276  0.31655 -0.18276 -0.31655  0.00000
f(x) = -6.23100e-05 -1.80380e-07 -1.20053e-07  3.57607e-08  8.11656e-08 -4.84467e-08  1.10431e-10

iter =   5
x =  0.36551 -0.00000 -0.18276  0.31655 -0.18276 -0.31655 -0.00000
f(x) = -3.91938e-05 -1.12265e-07 -7.47687e-08  2.75203e-08  4.78365e-08 -3.08321e-08 -3.80577e-10

iter =   6
x =  0.36552 -0.00000 -0.18276  0.31655 -0.18276 -0.31655  0.00000
f(x) = -9.45547e-07 -2.97269e-09 -1.88515e-09 -5.83289e-10  1.88931e-09 -4.55974e-10  8.53650e-11

iter =   7
x =  0.36552  0.00000 -0.18276  0.31655 -0.18276 -0.31655 -0.00000
f(x) =  7.52899e-08  2.35870e-10  1.48249e-10  3.81134e-11 -1.48173e-10  4.03421e-11 -6.41656e-12

iter =   8
x =  0.36552  0.00000 -0.18276  0.31655 -0.18276 -0.31655 -0.00000
f(x) =  3.28321e-10  1.03334e-12  6.71039e-13  2.02945e-13 -6.69152e-13  1.93619e-13 -3.22103e-14

iter =   9
x =  0.36552 -0.00000 -0.18276  0.31655 -0.18276 -0.31655  0.00000
f(x) = -4.40181e-12 -1.38203e-14 -9.32086e-15 -3.97336e-15  9.98699e-15 -3.52927e-15  5.68989e-16

status = success
iter =   0
x =  0.36552 -0.00000 -0.18276  0.31655 -0.18276 -0.31655  0.00000
f(x) =  1.89502e-02 -1.43263e-14 -9.47512e-03  1.64114e-02 -9.47512e-03 -1.64114e-02  5.68989e-16

iter =   1
x =  0.36552 -0.00000 -0.18276  0.31655 -0.18276 -0.31655  0.00000
f(x) =  1.89502e-02 -1.43263e-14 -9.47512e-03  1.64114e-02 -9.47512e-03 -1.64114e-02  5.68989e-16

iter =   2
x =  0.36451 -0.00000 -0.18225  0.31567 -0.18225 -0.31567  0.00000
f(x) = -3.95333e-05  6.24380e-08  1.93046e-05 -3.44104e-05  2.02200e-05  3.40485e-05 -2.91909e-08

iter =   3
x =  0.36451 -0.00000 -0.18225  0.31567 -0.18225 -0.31567  0.00000
f(x) = -3.95333e-05  6.24380e-08  1.93046e-05 -3.44104e-05  2.02200e-05  3.40485e-05 -2.91909e-08

iter =   4
x =  0.36450  0.00000 -0.18226  0.31568 -0.18226 -0.31568 -0.00000
f(x) = -6.18082e-05  1.77966e-07  8.06808e-08  4.66850e-08 -1.18089e-07 -3.47671e-08 -1.00372e-10

iter =   5
x =  0.36451  0.00000 -0.18226  0.31568 -0.18226 -0.31567  0.00000
f(x) = -3.89159e-05  1.10878e-07  4.76731e-08  2.97030e-08 -7.35996e-08 -2.67803e-08  3.75626e-10

iter =   6
x =  0.36451  0.00000 -0.18225  0.31567 -0.18225 -0.31567 -0.00000
f(x) = -9.33400e-07  2.91741e-09  1.85343e-09  4.42076e-10 -1.85004e-09  5.64530e-10 -8.27098e-11

iter =   7
x =  0.36451 -0.00000 -0.18225  0.31567 -0.18225 -0.31567  0.00000
f(x) =  7.37767e-08 -2.29780e-10 -1.44299e-10 -3.87793e-11  1.44402e-10 -3.65713e-11  6.16700e-12

iter =   8
x =  0.36451 -0.00000 -0.18225  0.31567 -0.18225 -0.31567  0.00000
f(x) =  3.23198e-10 -1.01184e-12 -6.55370e-13 -1.88139e-13  6.56813e-13 -1.96355e-13  3.12389e-14

iter =   9
x =  0.36451  0.00000 -0.18225  0.31567 -0.18225 -0.31567 -0.00000
f(x) = -4.41336e-12  1.40927e-14  1.00659e-14  2.62257e-15 -9.73286e-15  3.51075e-15 -5.27356e-16

status = success
iter =   0
x =  0.36451  0.00000 -0.18225  0.31567 -0.18225 -0.31567 -0.00000
f(x) =  1.88948e-02  1.38213e-14 -9.44742e-03  1.63634e-02 -9.44742e-03 -1.63634e-02 -5.27356e-16

iter =   1
x =  0.36451  0.00000 -0.18225  0.31567 -0.18225 -0.31567 -0.00000
f(x) =  1.88948e-02  1.38213e-14 -9.44742e-03  1.63634e-02 -9.44742e-03 -1.63634e-02 -5.27356e-16

iter =   2
x =  0.36351  0.00000 -0.18176  0.31481 -0.18176 -0.31481 -0.00000
f(x) = -3.88180e-05 -6.18215e-08  1.98719e-05 -3.34577e-05  1.89677e-05  3.38147e-05  2.87099e-08

iter =   3
x =  0.36351  0.00000 -0.18176  0.31481 -0.18176 -0.31481 -0.00000
f(x) = -3.88180e-05 -6.18215e-08  1.98719e-05 -3.34577e-05  1.89677e-05  3.38147e-05  2.87099e-08

iter =   4
x =  0.36351 -0.00000 -0.18176  0.31481 -0.18176 -0.31481  0.00000
f(x) = -6.13322e-05 -1.75664e-07 -1.16221e-07  3.37898e-08  8.02406e-08 -4.50053e-08  9.40727e-11

iter =   5
x =  0.36351 -0.00000 -0.18176  0.31481 -0.18176 -0.31481 -0.00000
f(x) = -3.86441e-05 -1.09531e-07 -7.24706e-08  2.60504e-08  4.75206e-08 -2.86199e-08 -3.68792e-10

iter =   6
x =  0.36351 -0.00000 -0.18176  0.31481 -0.18176 -0.31481  0.00000
f(x) = -9.21204e-07 -2.86267e-09 -1.81521e-09 -5.46210e-10  1.81788e-09 -4.28328e-10  8.01114e-11

iter =   7
x =  0.36351  0.00000 -0.18176  0.31481 -0.18176 -0.31481 -0.00000
f(x) =  7.22128e-08  2.23607e-10  1.40494e-10  3.50377e-11 -1.40368e-10  3.72239e-11 -5.91903e-12

iter =   8
x =  0.36351  0.00000 -0.18176  0.31481 -0.18176 -0.31481 -0.00000
f(x) =  3.18471e-10  9.91758e-13  6.43961e-13  1.89473e-13 -6.41963e-13  1.82812e-13 -3.03091e-14

iter =   9
x =  0.36351 -0.00000 -0.18176  0.31481 -0.18176 -0.31481  0.00000
f(x) = -4.38583e-12 -1.36881e-14 -8.90335e-15 -3.13028e-15  9.68051e-15 -3.79641e-15  5.55112e-16

status = success
iter =   0
x =  0.36351 -0.00000 -0.18176  0.31481 -0.18176 -0.31481  0.00000
f(x) =  1.88401e-02 -1.41935e-14 -9.42003e-03  1.63160e-02 -9.42003e-03 -1.63160e-02  5.55112e-16

iter =   1
x =  0.36351 -0.00000 -0.18176  0.31481 -0.18176 -0.31481  0.00000
f(x) =  1.88401e-02 -1.41935e-14 -9.42003e-03  1.63160e-02 -9.42003e-03 -1.63160e-02  5.55112e-16

iter =   2
x =  0.36253 -0.00000 -0.18126  0.31396 -0.18126 -0.31396  0.00000
f(x) = -3.81630e-05  6.12659e-08  1.86403e-05 -3.32357e-05  1.95338e-05  3.28841e-05 -2.82188e-08

iter =   3
x =  0.36253 -0.00000 -0.18126  0.31396 -0.18126 -0.31396  0.00000
f(x) = -3.81630e-05  6.12659e-08  1.86403e-05 -3.32357e-05  1.95338e-05  3.28841e-05 -2.82188e-08

iter =   4
x =  0.36252  0.00000 -0.18127  0.31396 -0.18127 -0.31396 -0.00000
f(x) = -6.08525e-05  1.73387e-07  7.97788e-08  4.34098e-08 -1.14406e-07 -3.28524e-08 -9.00525e-11

iter =   5
x =  0.36253  0.00000 -0.18127  0.31396 -0.18127 -0.31396  0.00000
f(x) = -3.83742e-05  1.08210e-07  4.73586e-08  2.75960e-08 -7.13852e-08 -2.53494e-08  3.60466e-10

iter =   6
x =  0.36253  0.00000 -0.18126  0.31396 -0.18126 -0.31396 -0.00000
f(x) = -9.08505e-07  2.80709e-09  1.78182e-09  4.14614e-10 -1.77983e-09  5.28100e-10 -7.75418e-11

iter =   7
x =  0.36253 -0.00000 -0.18126  0.31396 -0.18126 -0.31396  0.00000
f(x) =  7.05856e-08 -2.17314e-10 -1.36364e-10 -3.56731e-11  1.36511e-10 -3.35166e-11  5.67306e-12

iter =   8
x =  0.36253 -0.00000 -0.18126  0.31396 -0.18126 -0.31396  0.00000
f(x) =  3.13819e-10 -9.72485e-13 -6.28686e-13 -1.77654e-13  6.31573e-13 -1.83649e-13  2.94070e-14

iter =   9
x =  0.36253  0.00000 -0.18126  0.31396 -0.18126 -0.31396 -0.00000
f(x) = -4.40314e-12  1.47155e-14  1.04184e-14  1.93329e-15 -9.53022e-15  3.04351e-15 -4.99600e-16

status = success
iter =   0
x =  0.36253  0.00000 -0.18126  0.31396 -0.18126 -0.31396 -0.00000
f(x) =  1.87859e-02  1.43328e-14 -9.39294e-03  1.62691e-02 -9.39294e-03 -1.62691e-02 -4.99600e-16

iter =   1
x =  0.36253  0.00000 -0.18126  0.31396 -0.18126 -0.31396 -0.00000
f(x) =  1.87859e-02  1.43328e-14 -9.39294e-03  1.62691e-02 -9.39294e-03 -1.62691e-02 -4.99600e-16

iter =   2
x =  0.36155  0.00000 -0.18078  0.31312 -0.18078 -0.31312 -0.00000
f(x) = -3.75371e-05 -6.08448e-08  1.92041e-05 -3.23249e-05  1.83215e-05  3.26714e-05  2.77543e-08

iter =   3
x =  0.36155  0.00000 -0.18078  0.31312 -0.18078 -0.31312 -0.00000
f(x) = -3.75371e-05 -6.08448e-08  1.92041e-05 -3.23249e-05  1.83215e-05  3.26714e-05  2.77543e-08

iter =   4
x =  0.36155 -0.00000 -0.18078  0.31312 -0.18078 -0.31312  0.00000
f(x) = -6.03767e-05 -1.71149e-07 -1.12640e-07  3.19561e-08  7.93044e-08 -4.18773e-08  8.62196e-11

iter =   5
x =  0.36155 -0.00000 -0.18078  0.31312 -0.18078 -0.31312 -0.00000
f(x) = -3.81069e-05 -1.06913e-07 -7.03309e-08  2.46776e-08  4.71865e-08 -2.66135e-08 -3.52269e-10

iter =   6
x =  0.36156 -0.00000 -0.18078  0.31312 -0.18078 -0.31312  0.00000
f(x) = -8.95830e-07 -2.75227e-09 -1.74491e-09 -5.10464e-10  1.74627e-09 -4.01183e-10  7.50415e-11

iter =   7
x =  0.36156  0.00000 -0.18078  0.31312 -0.18078 -0.31312 -0.00000
f(x) =  6.89710e-08  2.11138e-10  1.32599e-10  3.20429e-11 -1.32435e-10  3.41694e-11 -5.43510e-12

iter =   8
x =  0.36156  0.00000 -0.18078  0.31312 -0.18078 -0.31312 -0.00000
f(x) =  3.09105e-10  9.52198e-13  6.19136e-13  1.78591e-13 -6.15472e-13  1.71707e-13 -2.85605e-14

iter =   9
x =  0.36156 -0.00000 -0.18078  0.31312 -0.18078 -0.31312  0.00000
f(x) = -4.38782e-12 -1.34756e-14 -9.89977e-15 -3.57277e-15  8.56751e-15 -2.46254e-15  5.27356e-16

status = success
iter =   0
x =  0.36156 -0.00000 -0.18078  0.31312 -0.18078 -0.31312  0.00000
f(x) =  1.87323e-02 -1.37563e-14 -9.36614e-03  1.62226e-02 -9.36614e-03 -1.62226e-02  5.27356e-16

iter =   1
x =  0.36156 -0.00000 -0.18078  0.31312 -0.18078 -0.31312  0.00000
f(x) =  1.87323e-02 -1.37563e-14 -9.36614e-03  1.62226e-02 -9.36614e-03 -1.62226e-02  5.27356e-16

iter =   2
x =  0.36059  0.00000 -0.18030  0.31228 -0.18030 -0.31228 -0.00000
f(x) = -3.68943e-05 -6.03146e-08  1.88837e-05 -3.17812e-05  1.80115e-05  3.21229e-05  2.73015e-08

iter =   3
x =  0.36059  0.00000 -0.18030  0.31228 -0.18030 -0.31228 -0.00000
f(x) = -3.68943e-05 -6.03146e-08  1.88837e-05 -3.17812e-05  1.80115e-05  3.21229e-05  2.73015e-08

iter =   4
x =  0.36059 -0.00000 -0.18030  0.31228 -0.18030 -0.31228  0.00000
f(x) = -5.99182e-05 -1.68987e-07 -1.10933e-07  3.10960e-08  7.88420e-08 -4.03984e-08  8.21811e-11

iter =   5
x =  0.36059 -0.00000 -0.18030  0.31228 -0.18030 -0.31228 -0.00000
f(x) = -3.78436e-05 -1.05643e-07 -6.93004e-08  2.40310e-08  4.70084e-08 -2.56604e-08 -3.44836e-10

iter =   6
x =  0.36059 -0.00000 -0.18030  0.31228 -0.18030 -0.31228  0.00000
f(x) = -8.83795e-07 -2.70011e-09 -1.71168e-09 -4.93639e-10  1.71244e-09 -3.88370e-10  7.26657e-11

iter =   7
x =  0.36059  0.00000 -0.18030  0.31228 -0.18030 -0.31228 -0.00000
f(x) =  6.74413e-08  2.05295e-10  1.28899e-10  3.06507e-11 -1.28718e-10  3.27480e-11 -5.21107e-12

iter =   8
x =  0.36059  0.00000 -0.18030  0.31228 -0.18030 -0.31228 -0.00000
f(x) =  3.04817e-10  9.34125e-13  6.07366e-13  1.73123e-13 -6.04035e-13  1.68460e-13 -2.77695e-14

iter =   9
x =  0.36059 -0.00000 -0.18030  0.31228 -0.18030 -0.31228  0.00000
f(x) = -4.49374e-12 -1.45413e-14 -1.01284e-14 -2.18019e-15  9.12918e-15 -3.29041e-15  4.85723e-16

status = success
iter =   0
x =  0.36059 -0.00000 -0.18030  0.31228 -0.18030 -0.31228  0.00000
f(x) =  1.86792e-02 -1.44367e-14 -9.33962e-03  1.61767e-02 -9.33962e-03 -1.61767e-02  4.85723e-16

iter =   1
x =  0.36059 -0.00000 -0.18030  0.31228 -0.18030 -0.31228  0.00000
f(x) =  1.86792e-02 -1.44367e-14 -9.33962e-03  1.61767e-02 -9.33962e-03 -1.61767e-02  4.85723e-16

iter =   2
x =  0.35964  0.00000 -0.17982  0.31146 -0.17982 -0.31146 -0.00000
f(x) = -3.62538e-05 -5.94530e-08  1.85714e-05 -3.12514e-05  1.77091e-05  3.15882e-05  2.68709e-08

iter =   3
x =  0.35964  0.00000 -0.17982  0.31146 -0.17982 -0.31146 -0.00000
f(x) = -3.62538e-05 -5.94530e-08  1.85714e-05 -3.12514e-05  1.77091e-05  3.15882e-05  2.68709e-08

iter =   4
x =  0.35964 -0.00000 -0.17982  0.31146 -0.17982 -0.31146 -0.00000
f(x) = -5.94665e-05 -1.66857e-07 -1.09242e-07  3.03058e-08  7.83453e-08 -3.89354e-08  7.19423e-11

iter =   5
x =  0.35964 -0.00000 -0.17982  0.31146 -0.17982 -0.31146 -0.00000
f(x) = -3.75814e-05 -1.04381e-07 -6.82709e-08  2.34338e-08  4.67991e-08 -2.47137e-08 -3.42147e-10

iter =   6
x =  0.35964 -0.00000 -0.17982  0.31146 -0.17982 -0.31146  0.00000
f(x) = -8.73201e-07 -2.65299e-09 -1.68173e-09 -4.78038e-10  1.68190e-09 -3.76674e-10  7.04892e-11

iter =   7
x =  0.35964  0.00000 -0.17982  0.31146 -0.17982 -0.31146 -0.00000
f(x) =  6.61695e-08  2.00308e-10  1.25749e-10  2.94308e-11 -1.25551e-10  3.15054e-11 -5.01615e-12

iter =   8
x =  0.35964  0.00000 -0.17982  0.31146 -0.17982 -0.31146 -0.00000
f(x) =  3.00324e-10  9.14479e-13  5.94703e-13  1.67619e-13 -5.91483e-13  1.64066e-13 -2.69507e-14

iter =   9
x =  0.35964 -0.00000 -0.17982  0.31146 -0.17982 -0.31146  0.00000
f(x) = -4.43001e-12 -1.30750e-14 -1.00605e-14 -2.55533e-15  8.83925e-15 -4.33169e-15  5.27356e-16

status = success
iter =   0
x =  0.35964 -0.00000 -0.17982  0.31146 -0.17982 -0.31146  0.00000
f(x) =  1.86268e-02 -1.25780e-14 -9.31338e-03  1.61312e-02 -9.31338e-03 -1.61312e-02  5.27356e-16

iter =   1
x =  0.35964 -0.00000 -0.17982  0.31146 -0.17982 -0.31146  0.00000
f(x) =  1.86268e-02 -1.25780e-14 -9.31338e-03  1.61312e-02 -9.31338e-03 -1.61312e-02  5.27356e-16

iter =   2
x =  0.35870  0.00000 -0.17935  0.31064 -0.17935 -0.31064 -0.00000
f(x) = -3.56914e-05 -5.91643e-08  1.82672e-05 -3.07358e-05  1.74155e-05  3.10681e-05  2.64367e-08

iter =   3
x =  0.35870  0.00000 -0.17935  0.31064 -0.17935 -0.31064 -0.00000
f(x) = -3.56914e-05 -5.91643e-08  1.82672e-05 -3.07358e-05  1.74155e-05  3.10681e-05  2.64367e-08

iter =   4
x =  0.35870 -0.00000 -0.17935  0.31065 -0.17935 -0.31065 -0.00000
f(x) = -5.90084e-05 -1.64752e-07 -1.07621e-07  2.95178e-08  7.78527e-08 -3.75805e-08  6.94757e-11

iter =   5
x =  0.35870 -0.00000 -0.17935  0.31065 -0.17935 -0.31065 -0.00000
f(x) = -2.45841e-08 -3.01914e-08 -1.67148e-08  1.86798e-09  2.29567e-08  1.45159e-08 -8.64159e-11

iter =   6
x =  0.35870 -0.00000 -0.17935  0.31065 -0.17935 -0.31065 -0.00000
f(x) = -4.06259e-09 -4.91791e-09 -2.72329e-09  3.18802e-10  3.73899e-09  2.35021e-09 -1.40764e-11

iter =   7
x =  0.35870  0.00000 -0.17935  0.31065 -0.17935 -0.31065  0.00000
f(x) =  5.12879e-12  6.20612e-12  3.43608e-12 -4.03253e-13 -4.71917e-12 -2.96454e-12  1.77913e-14

status = success
iter =   0
x =  0.35870  0.00000 -0.17935  0.31065 -0.17935 -0.31065  0.00000
f(x) =  1.85748e-02  6.22251e-12 -9.28741e-03  1.60863e-02 -9.28741e-03 -1.60863e-02  1.77913e-14

iter =   1
x =  0.35870  0.00000 -0.17935  0.31065 -0.17935 -0.31065  0.00000
f(x) =  1.85748e-02  6.22251e-12 -9.28741e-03  1.60863e-02 -9.28741e-03 -1.60863e-02  1.77913e-14

iter =   2
x =  0.35777 -0.00000 -0.17889  0.30984 -0.17889 -0.30984  0.00000
f(x) = -3.51175e-05  5.86302e-08  1.71289e-05 -3.05612e-05  1.79710e-05  3.02337e-05 -2.60175e-08

iter =   3
x =  0.35777 -0.00000 -0.17889  0.30984 -0.17889 -0.30984  0.00000
f(x) = -3.51175e-05  5.86302e-08  1.71289e-05 -3.05612e-05  1.79710e-05  3.02337e-05 -2.60175e-08

iter =   4
x =  0.35777  0.00000 -0.17889  0.30984 -0.17889 -0.30984  0.00000
f(x) = -5.85629e-05  1.62702e-07  7.73596e-08  3.62618e-08 -1.06041e-07 -2.87697e-08 -6.51668e-11

iter =   5
x =  0.35777 -0.00000 -0.17889  0.30984 -0.17889 -0.30984 -0.00000
f(x) =  1.87778e-08 -5.70087e-08 -2.97139e-08  1.56568e-08 -1.63325e-08 -2.59203e-09  3.45054e-10

iter =   6
x =  0.35777  0.00000 -0.17889  0.30984 -0.17889 -0.30984  0.00000
f(x) = -4.35188e-09  1.34685e-08  7.02036e-09 -3.71893e-09  3.85923e-09  6.32476e-10 -8.15241e-11

iter =   7
x =  0.35777  0.00000 -0.17889  0.30984 -0.17889 -0.30984  0.00000
f(x) = -1.00142e-13  3.07112e-13  1.60000e-13 -8.49101e-14  8.91344e-14  1.47879e-14 -1.83187e-15

status = success
iter =   0
x =  0.35777  0.00000 -0.17889  0.30984 -0.17889 -0.30984  0.00000
f(x) =  1.85234e-02  3.07177e-13 -9.26171e-03  1.60418e-02 -9.26171e-03 -1.60418e-02 -1.83187e-15

iter =   1
x =  0.35777  0.00000 -0.17889  0.30984 -0.17889 -0.30984  0.00000
f(x) =  1.85234e-02  3.07177e-13 -9.26171e-03  1.60418e-02 -9.26171e-03 -1.60418e-02 -1.83187e-15

iter =   2
x =  0.35685 -0.00000 -0.17842  0.30904 -0.17842 -0.30904  0.00000
f(x) = -3.45584e-05  5.80794e-08  1.68498e-05 -3.00675e-05  1.76824e-05  2.97447e-05 -2.56073e-08

iter =   3
x =  0.35685 -0.00000 -0.17842  0.30904 -0.17842 -0.30904  0.00000
f(x) = -3.45584e-05  5.80794e-08  1.68498e-05 -3.00675e-05  1.76824e-05  2.97447e-05 -2.56073e-08

iter =   4
x =  0.35685  0.00000 -0.17843  0.30904 -0.17843 -0.30904  0.00000
f(x) = -5.81245e-05  1.60696e-07  7.68616e-08  3.49889e-08 -1.04502e-07 -2.80566e-08 -6.04366e-11

iter =   5
x =  0.35685  0.00000 -0.17843  0.30904 -0.17843 -0.30904 -0.00000
f(x) =  1.33365e-08  1.80366e-08  2.50817e-08 -1.82433e-09 -1.85862e-08 -1.46386e-08  3.92637e-10

iter =   6
x =  0.35685  0.00000 -0.17843  0.30904 -0.17843 -0.30904 -0.00000
f(x) =  1.67509e-09  2.32787e-09  3.23657e-09 -2.24829e-10 -2.39897e-09 -1.89991e-09  5.06666e-11

iter =   7
x =  0.35685  0.00000 -0.17843  0.30904 -0.17843 -0.30904 -0.00000
f(x) =  1.48415e-12  2.06501e-12  2.87075e-12 -2.01013e-13 -2.12757e-12 -1.68405e-12  4.49224e-14

status = success
iter =   0
x =  0.35685  0.00000 -0.17843  0.30904 -0.17843 -0.30904 -0.00000
f(x) =  1.84726e-02  2.07342e-12 -9.23628e-03  1.59977e-02 -9.23628e-03 -1.59977e-02  4.49224e-14

iter =   1
x =  0.35685  0.00000 -0.17843  0.30904 -0.17843 -0.30904 -0.00000
f(x) =  1.84726e-02  2.07342e-12 -9.23628e-03  1.59977e-02 -9.23628e-03 -1.59977e-02  4.49224e-14

iter =   2
x =  0.35685  0.00000 -0.17843  0.30904 -0.17843 -0.30904 -0.00000
f(x) =  1.84726e-02  2.07342e-12 -9.23628e-03  1.59977e-02 -9.23628e-03 -1.59977e-02  4.49224e-14

iter =   3
x =  0.35685  0.00000 -0.17843  0.30904 -0.17843 -0.30904 -0.00000
f(x) =  1.84726e-02  2.07342e-12 -9.23628e-03  1.59977e-02 -9.23628e-03 -1.59977e-02  4.49224e-14

iter =   4
x =  0.35685  0.00000 -0.17843  0.30904 -0.17843 -0.30904 -0.00000
f(x) =  1.84726e-02  2.07342e-12 -9.23628e-03  1.59977e-02 -9.23628e-03 -1.59977e-02  4.49224e-14

iter =   5
x =  0.35685  0.00000 -0.17843  0.30904 -0.17843 -0.30904 -0.00000
f(x) =  1.84726e-02  2.07342e-12 -9.23628e-03  1.59977e-02 -9.23628e-03 -1.59977e-02  4.49224e-14

iter =   6
x =  0.35685  0.00000 -0.17843  0.30904 -0.17843 -0.30904 -0.00000
f(x) =  1.84726e-02  2.07342e-12 -9.23628e-03  1.59977e-02 -9.23628e-03 -1.59977e-02  4.49224e-14

iter =   7
x =  0.35685  0.00000 -0.17843  0.30904 -0.17843 -0.30904 -0.00000
f(x) =  1.84726e-02  2.07342e-12 -9.23628e-03  1.59977e-02 -9.23628e-03 -1.59977e-02  4.49224e-14

iter =   8
x =  0.35685  0.00000 -0.17843  0.30904 -0.17843 -0.30904 -0.00000
f(x) =  1.84726e-02  2.07342e-12 -9.23628e-03  1.59977e-02 -9.23628e-03 -1.59977e-02  4.49224e-14

iter =   9
x =  0.35685  0.00000 -0.17843  0.30904 -0.17843 -0.30904 -0.00000
f(x) =  1.84726e-02  2.07342e-12 -9.23628e-03  1.59977e-02 -9.23628e-03 -1.59977e-02  4.49224e-14

iter =  10
x =  0.35685  0.00000 -0.17843  0.30904 -0.17843 -0.30904 -0.00000
f(x) =  1.84726e-02  2.07342e-12 -9.23628e-03  1.59977e-02 -9.23628e-03 -1.59977e-02  4.49224e-14

status = iteration is not making progress towards solution
iter =   0
x =  0.35685  0.00000 -0.17843  0.30904 -0.17843 -0.30904 -0.00000
f(x) =  3.69762e-02  2.08121e-12 -1.84881e-02  3.20223e-02 -1.84881e-02 -3.20223e-02  4.49224e-14

iter =   1
x =  0.35685  0.00000 -0.17843  0.30904 -0.17843 -0.30904 -0.00000
f(x) =  3.69762e-02  2.08121e-12 -1.84881e-02  3.20223e-02 -1.84881e-02 -3.20223e-02  4.49224e-14

iter =   2
x =  0.35503  0.00000 -0.17752  0.30747 -0.17752 -0.30747 -0.00000
f(x) = -1.34364e-04 -2.28320e-07  6.88103e-05 -1.15708e-04  6.55303e-05  1.16975e-04  1.00153e-07

iter =   3
x =  0.35503  0.00000 -0.17752  0.30747 -0.17752 -0.30747 -0.00000
f(x) = -1.34364e-04 -2.28320e-07  6.88103e-05 -1.15708e-04  6.55303e-05  1.16975e-04  1.00153e-07

iter =   4
x =  0.35502 -0.00000 -0.17753  0.30748 -0.17753 -0.30748 -0.00000
f(x) = -2.29896e-04 -6.32962e-07 -4.58333e-07  2.24045e-07  2.53892e-07 -2.47549e-07  1.89461e-10

iter =   5
x =  0.35504  0.00000 -0.17752  0.30747 -0.17752 -0.30747  0.00000
f(x) = -9.34495e-09  1.14613e-08  3.06917e-08 -2.44659e-08  6.91076e-09 -6.91045e-09 -1.21950e-11

iter =   6
x =  0.35504 -0.00000 -0.17752  0.30747 -0.17752 -0.30747 -0.00000
f(x) =  1.13035e-10 -8.61158e-11 -2.30415e-10  1.73975e-10 -5.22056e-11  6.19161e-11  9.21346e-14

iter =   7
x =  0.35504  0.00000 -0.17752  0.30747 -0.17752 -0.30747  0.00000
f(x) = -3.73035e-14  2.75378e-14  7.30452e-14 -5.45908e-14  1.59947e-14 -2.01739e-14 -2.77556e-17

status = success
