iter =   0
x =  0.41634  0.00000 -0.20817  0.36056 -0.20817 -0.36056  0.00000
f(x) =  4.44089e-16  0.00000e+00 -2.22045e-16  4.44089e-16 -2.22045e-16 -4.44089e-16  0.00000e+00

iter =   1
x =  0.41634 -0.00000 -0.20817  0.36056 -0.20817 -0.36056 -0.00000
f(x) = -2.22045e-16 -1.63188e-24  1.11022e-16  6.11955e-25  1.11022e-16  6.11955e-25  0.00000e+00

status = success
iter =   0
x =  0.41634 -0.00000 -0.20817  0.36056 -0.20817 -0.36056 -0.00000
f(x) = -2.16226e-02 -1.62906e-24  1.08113e-02 -1.87257e-02  1.08113e-02  1.87257e-02  0.00000e+00

iter =   1
x =  0.41634 -0.00000 -0.20817  0.36056 -0.20817 -0.36056 -0.00000
f(x) = -2.16226e-02 -1.62906e-24  1.08113e-02 -1.87257e-02  1.08113e-02  1.87257e-02  0.00000e+00

iter =   2
x =  0.41816  0.00000 -0.20908  0.36213 -0.20908 -0.36213 -0.00000
f(x) = -9.49781e-05 -1.10213e-07  4.83340e-05 -8.18811e-05  4.66525e-05  8.26399e-05  6.76942e-08

iter =   3
x =  0.41816  0.00000 -0.20908  0.36213 -0.20908 -0.36213 -0.00000
f(x) = -9.49781e-05 -1.10213e-07  4.83340e-05 -8.18811e-05  4.66525e-05  8.26399e-05  6.76942e-08

iter =   4
x =  0.41815 -0.00000 -0.20909  0.36214 -0.20909 -0.36214  0.00000
f(x) = -8.86373e-05 -3.31331e-07 -6.42069e-08 -2.41083e-07  2.92520e-07  1.62226e-07  1.60163e-09

iter =   5
x =  0.41816 -0.00000 -0.20908  0.36214 -0.20908 -0.36214 -0.00000
f(x) = -5.08312e-05 -1.88068e-07 -1.96440e-08 -1.48391e-07  1.69966e-07  1.17106e-07 -7.44551e-10

iter =   6
x =  0.41816 -0.00000 -0.20908  0.36214 -0.20908 -0.36214  0.00000
f(x) = -2.19825e-06 -8.88237e-09 -6.73382e-09 -3.64027e-09  6.95797e-09 -2.82706e-09  5.82403e-10

iter =   7
x =  0.41816  0.00000 -0.20908  0.36214 -0.20908 -0.36214 -0.00000
f(x) =  3.78815e-07  1.52761e-09  1.16064e-09  5.60986e-10 -1.18712e-09  5.44398e-10 -9.90881e-11

iter =   8
x =  0.41816  0.00000 -0.20908  0.36214 -0.20908 -0.36214 -0.00000
f(x) =  5.64651e-10  2.16412e-12  1.42746e-12  4.67654e-13 -1.44833e-12  5.90666e-13 -7.37466e-14

iter =   9
x =  0.41816  0.00000 -0.20908  0.36214 -0.20908 -0.36214 -0.00000
f(x) =  3.52098e-11  1.40477e-13  1.05039e-13  4.82189e-14 -1.06038e-13  4.86629e-14 -8.36831e-15

status = success
iter =   0
x =  0.41816  0.00000 -0.20908  0.36214 -0.20908 -0.36214 -0.00000
f(x) = -2.17168e-02  1.40297e-13  1.08584e-02 -1.88073e-02  1.08584e-02  1.88073e-02 -8.36831e-15

iter =   1
x =  0.41816  0.00000 -0.20908  0.36214 -0.20908 -0.36214 -0.00000
f(x) = -2.17168e-02  1.40297e-13  1.08584e-02 -1.88073e-02  1.08584e-02  1.88073e-02 -8.36831e-15

iter =   2
x =  0.42002 -0.00000 -0.21001  0.36374 -0.21001 -0.36374  0.00000
f(x) = -9.78600e-05  1.12730e-07  4.80704e-05 -8.51365e-05  4.97874e-05  8.43584e-05 -6.96466e-08

iter =   3
x =  0.42002 -0.00000 -0.21001  0.36374 -0.21001 -0.36374  0.00000
f(x) = -9.78600e-05  1.12730e-07  4.80704e-05 -8.51365e-05  4.97874e-05  8.43584e-05 -6.96466e-08

iter =   4
x =  0.42001  0.00000 -0.21002  0.36375 -0.21002 -0.36375 -0.00000
f(x) = -8.92417e-05  3.36793e-07  3.01966e-07 -1.70779e-07 -5.52986e-08  2.49176e-07 -1.75643e-09

iter =   5
x =  0.42002  0.00000 -0.21001  0.36375 -0.21001 -0.36375  0.00000
f(x) = -5.09021e-05  1.90100e-07  1.74841e-07 -1.22761e-07 -1.34089e-08  1.53128e-07  7.31506e-10

iter =   6
x =  0.42002  0.00000 -0.21001  0.36375 -0.21001 -0.36375 -0.00000
f(x) = -2.23024e-06  9.09865e-09  7.15113e-09  2.90849e-09 -6.77728e-09  3.67023e-09 -6.06405e-10

iter =   7
x =  0.42002 -0.00000 -0.21001  0.36375 -0.21001 -0.36375  0.00000
f(x) =  3.86396e-07 -1.57322e-09 -1.22655e-09 -5.63810e-10  1.17445e-09 -5.66569e-10  1.03728e-10

iter =   8
x =  0.42002 -0.00000 -0.21001  0.36375 -0.21001 -0.36375  0.00000
f(x) =  5.78978e-10 -2.24043e-12 -1.50493e-12 -6.17525e-13  1.44343e-12 -4.67644e-13  7.80903e-14

iter =   9
x =  0.42002 -0.00000 -0.21001  0.36375 -0.21001 -0.36375  0.00000
f(x) =  3.61160e-11 -1.45486e-13 -1.10094e-13 -5.06658e-14  1.07430e-13 -4.80013e-14  8.82627e-15

status = success
iter =   0
x =  0.42002 -0.00000 -0.21001  0.36375 -0.21001 -0.36375  0.00000
f(x) = -2.18126e-02 -1.45390e-13  1.09063e-02 -1.88903e-02  1.09063e-02  1.88903e-02  8.82627e-15

iter =   1
x =  0.42002 -0.00000 -0.21001  0.36375 -0.21001 -0.36375  0.00000
f(x) = -2.18126e-02 -1.45390e-13  1.09063e-02 -1.88903e-02  1.09063e-02  1.88903e-02  8.82627e-15

iter =   2
x =  0.42191  0.00000 -0.21096  0.36539 -0.21096 -0.36539 -0.00000
f(x) = -1.00883e-04 -1.14937e-07  5.13135e-05 -8.69597e-05  4.95598e-05  8.77579e-05  7.17254e-08

iter =   3
x =  0.42191  0.00000 -0.21096  0.36539 -0.21096 -0.36539 -0.00000
f(x) = -1.00883e-04 -1.14937e-07  5.13135e-05 -8.69597e-05  4.95598e-05  8.77579e-05  7.17254e-08

iter =   4
x =  0.42191 -0.00000 -0.21097  0.36540 -0.21097 -0.36540  0.00000
f(x) = -9.00723e-05 -3.43207e-07 -4.43022e-08 -2.67433e-07  3.12538e-07  1.80348e-07  1.90528e-09

iter =   5
x =  0.42191 -0.00000 -0.21096  0.36540 -0.21096 -0.36540 -0.00000
f(x) = -5.10677e-05 -1.92512e-07 -5.89732e-09 -1.63596e-07  1.80224e-07  1.29068e-07 -7.35485e-10

iter =   6
x =  0.42192 -0.00000 -0.21096  0.36540 -0.21096 -0.36540  0.00000
f(x) = -2.27168e-06 -9.35846e-09 -6.80420e-09 -3.94381e-09  7.38084e-09 -3.00546e-09  6.34027e-10

iter =   7
x =  0.42192  0.00000 -0.21096  0.36540 -0.21096 -0.36540 -0.00000
f(x) =  3.96188e-07  1.62889e-09  1.18702e-09  6.14966e-10 -1.27429e-09  5.87284e-10 -1.09181e-10

iter =   8
x =  0.42192  0.00000 -0.21096  0.36540 -0.21096 -0.36540 -0.00000
f(x) =  5.93922e-10  2.32086e-12  1.44874e-12  5.25336e-13 -1.56409e-12  6.45462e-13 -8.26145e-14

iter =   9
x =  0.42192  0.00000 -0.21096  0.36540 -0.21096 -0.36540 -0.00000
f(x) =  3.71512e-11  1.51061e-13  1.08656e-13  5.31796e-14 -1.14318e-13  5.29576e-14 -9.29812e-15

status = success
iter =   0
x =  0.42192  0.00000 -0.21096  0.36540 -0.21096 -0.36540 -0.00000
f(x) = -2.19103e-02  1.50596e-13  1.09551e-02 -1.89749e-02  1.09551e-02  1.89749e-02 -9.29812e-15

iter =   1
x =  0.42192  0.00000 -0.21096  0.36540 -0.21096 -0.36540 -0.00000
f(x) = -2.19103e-02  1.50596e-13  1.09551e-02 -1.89749e-02  1.09551e-02  1.89749e-02 -9.29812e-15

iter =   2
x =  0.42385 -0.00000 -0.21193  0.36707 -0.21193 -0.36707  0.00000
f(x) = -1.04035e-04  1.17491e-07  5.11252e-05 -9.05132e-05  5.29177e-05  8.96939e-05 -7.38896e-08

iter =   3
x =  0.42385 -0.00000 -0.21193  0.36707 -0.21193 -0.36707  0.00000
f(x) = -1.04035e-04  1.17491e-07  5.11252e-05 -9.05132e-05  5.29177e-05  8.96939e-05 -7.38896e-08

iter =   4
x =  0.42385  0.00000 -0.21193  0.36708 -0.21193 -0.36708 -0.00000
f(x) = -9.13172e-05  3.51367e-07  3.24919e-07 -1.91622e-07 -4.33189e-08  2.87153e-07 -2.04920e-09

iter =   5
x =  0.42385  0.00000 -0.21193  0.36708 -0.21193 -0.36708  0.00000
f(x) = -5.14357e-05  1.95769e-07  1.86485e-07 -1.36259e-07 -4.07681e-09  1.74747e-07  7.43753e-10

iter =   6
x =  0.42386  0.00000 -0.21193  0.36708 -0.21193 -0.36708 -0.00000
f(x) = -2.30780e-06  9.60290e-09  7.59997e-09  3.09460e-09 -7.07646e-09  4.20141e-09 -6.61316e-10

iter =   7
x =  0.42386 -0.00000 -0.21193  0.36708 -0.21193 -0.36708  0.00000
f(x) =  4.05052e-07 -1.68204e-09 -1.32027e-09 -6.10213e-10  1.24242e-09 -6.60204e-10  1.14596e-10

iter =   8
x =  0.42386 -0.00000 -0.21193  0.36708 -0.21193 -0.36708  0.00000
f(x) =  6.15650e-10 -2.42872e-12 -1.63823e-12 -6.80756e-13  1.53498e-12 -5.82834e-13  8.73746e-14

iter =   9
x =  0.42386 -0.00000 -0.21193  0.36708 -0.21193 -0.36708  0.00000
f(x) =  3.90123e-11 -1.60162e-13 -1.22074e-13 -5.66436e-14  1.16634e-13 -5.84199e-14  1.00753e-14

status = success
iter =   0
x =  0.42386 -0.00000 -0.21193  0.36708 -0.21193 -0.36708  0.00000
f(x) = -2.20098e-02 -1.60023e-13  1.10049e-02 -1.90610e-02  1.10049e-02  1.90610e-02  1.00753e-14

iter =   1
x =  0.42386 -0.00000 -0.21193  0.36708 -0.21193 -0.36708  0.00000
f(x) = -2.20098e-02 -1.60023e-13  1.10049e-02 -1.90610e-02  1.10049e-02  1.90610e-02  1.00753e-14

iter =   2
x =  0.42583  0.00000 -0.21292  0.36878 -0.21292 -0.36878 -0.00000
f(x) = -1.07392e-04 -1.20289e-07  5.46050e-05 -9.25713e-05  5.27729e-05  9.34129e-05  7.61627e-08

iter =   3
x =  0.42583  0.00000 -0.21292  0.36878 -0.21292 -0.36878 -0.00000
f(x) = -1.07392e-04 -1.20289e-07  5.46050e-05 -9.25713e-05  5.27729e-05  9.34129e-05  7.61627e-08

iter =   4
x =  0.42583 -0.00000 -0.21293  0.36879 -0.21293 -0.36879  0.00000
f(x) = -9.24390e-05 -3.59280e-07 -4.15071e-08 -3.04029e-07  3.37707e-07  2.03432e-07  2.20966e-09

iter =   5
x =  0.42583 -0.00000 -0.21292  0.36879 -0.21292 -0.36879 -0.00000
f(x) = -5.17122e-05 -1.98773e-07 -1.71559e-09 -1.84209e-07  1.92893e-07  1.43734e-07 -7.46918e-10

iter =   6
x =  0.42584 -0.00000 -0.21292  0.36879 -0.21292 -0.36879  0.00000
f(x) = -2.34160e-06 -9.84412e-09 -7.34310e-09 -4.36969e-09  7.81806e-09 -3.18538e-09  6.89283e-10

iter =   7
x =  0.42584  0.00000 -0.21292  0.36879 -0.21292 -0.36879 -0.00000
f(x) =  4.13541e-07  1.73496e-09  1.29727e-09  6.90091e-10 -1.36639e-09  6.33616e-10 -1.20175e-10

iter =   8
x =  0.42584  0.00000 -0.21292  0.36879 -0.21292 -0.36879 -0.00000
f(x) =  6.37773e-10  2.54005e-12  1.62348e-12  6.20107e-13 -1.71574e-12  7.19139e-13 -9.26204e-14

iter =   9
x =  0.42584  0.00000 -0.21292  0.36879 -0.21292 -0.36879 -0.00000
f(x) =  4.08518e-11  1.69464e-13  1.25124e-13  6.22388e-14 -1.30231e-13  5.93522e-14 -1.07969e-14

status = success
iter =   0
x =  0.42584  0.00000 -0.21292  0.36879 -0.21292 -0.36879 -0.00000
f(x) = -2.21111e-02  1.69152e-13  1.10556e-02 -1.91488e-02  1.10556e-02  1.91488e-02 -1.07969e-14

iter =   1
x =  0.42584  0.00000 -0.21292  0.36879 -0.21292 -0.36879 -0.00000
f(x) = -2.21111e-02  1.69152e-13  1.10556e-02 -1.91488e-02  1.10556e-02  1.91488e-02 -1.07969e-14

iter =   2
x =  0.42584  0.00000 -0.21292  0.36879 -0.21292 -0.36879 -0.00000
f(x) = -2.21111e-02  1.69152e-13  1.10556e-02 -1.91488e-02  1.10556e-02  1.91488e-02 -1.07969e-14

iter =   3
x =  0.42584  0.00000 -0.21292  0.36879 -0.21292 -0.36879 -0.00000
f(x) = -2.21111e-02  1.69152e-13  1.10556e-02 -1.91488e-02  1.10556e-02  1.91488e-02 -1.07969e-14

iter =   4
x =  0.42584  0.00000 -0.21292  0.36879 -0.21292 -0.36879 -0.00000
f(x) = -2.21111e-02  1.69152e-13  1.10556e-02 -1.91488e-02  1.10556e-02  1.91488e-02 -1.07969e-14

iter =   5
x =  0.42584  0.00000 -0.21292  0.36879 -0.21292 -0.36879 -0.00000
f(x) = -2.21111e-02  1.69152e-13  1.10556e-02 -1.91488e-02  1.10556e-02  1.91488e-02 -1.07969e-14

iter =   6
x =  0.42584  0.00000 -0.21292  0.36879 -0.21292 -0.36879 -0.00000
f(x) = -2.21111e-02  1.69152e-13  1.10556e-02 -1.91488e-02  1.10556e-02  1.91488e-02 -1.07969e-14

iter =   7
x =  0.42584  0.00000 -0.21292  0.36879 -0.21292 -0.36879 -0.00000
f(x) = -2.21111e-02  1.69152e-13  1.10556e-02 -1.91488e-02  1.10556e-02  1.91488e-02 -1.07969e-14

iter =   8
x =  0.42584  0.00000 -0.21292  0.36879 -0.21292 -0.36879 -0.00000
f(x) = -2.21111e-02  1.69152e-13  1.10556e-02 -1.91488e-02  1.10556e-02  1.91488e-02 -1.07969e-14

iter =   9
x =  0.42584  0.00000 -0.21292  0.36879 -0.21292 -0.36879 -0.00000
f(x) = -2.21111e-02  1.69152e-13  1.10556e-02 -1.91488e-02  1.10556e-02  1.91488e-02 -1.07969e-14

iter =  10
x =  0.42584  0.00000 -0.21292  0.36879 -0.21292 -0.36879 -0.00000
f(x) = -2.21111e-02  1.69152e-13  1.10556e-02 -1.91488e-02  1.10556e-02  1.91488e-02 -1.07969e-14

status = iteration is not making progress towards solution
iter =   0
x =  0.42584  0.00000 -0.21292  0.36879 -0.21292 -0.36879 -0.00000
f(x) = -4.41614e-02  1.68681e-13  2.20807e-02 -3.82449e-02  2.20807e-02  3.82449e-02 -1.07969e-14

iter =   1
x =  0.42584  0.00000 -0.21292  0.36879 -0.21292 -0.36879 -0.00000
f(x) = -4.41614e-02  1.68681e-13  2.20807e-02 -3.82449e-02  2.20807e-02  3.82449e-02 -1.07969e-14

iter =   2
x =  0.42584  0.00000 -0.21292  0.36879 -0.21292 -0.36879 -0.00000
f(x) = -4.41614e-02  1.68681e-13  2.20807e-02 -3.82449e-02  2.20807e-02  3.82449e-02 -1.07969e-14

iter =   3
x =  0.42584  0.00000 -0.21292  0.36879 -0.21292 -0.36879 -0.00000
f(x) = -4.41614e-02  1.68681e-13  2.20807e-02 -3.82449e-02  2.20807e-02  3.82449e-02 -1.07969e-14

iter =   4
x =  0.42584  0.00000 -0.21292  0.36879 -0.21292 -0.36879 -0.00000
f(x) = -4.41614e-02  1.68681e-13  2.20807e-02 -3.82449e-02  2.20807e-02  3.82449e-02 -1.07969e-14

iter =   5
x =  0.42584  0.00000 -0.21292  0.36879 -0.21292 -0.36879 -0.00000
f(x) = -4.41614e-02  1.68681e-13  2.20807e-02 -3.82449e-02  2.20807e-02  3.82449e-02 -1.07969e-14

iter =   6
x =  0.42584  0.00000 -0.21292  0.36879 -0.21292 -0.36879 -0.00000
f(x) = -4.41614e-02  1.68681e-13  2.20807e-02 -3.82449e-02  2.20807e-02  3.82449e-02 -1.07969e-14

iter =   7
x =  0.42584  0.00000 -0.21292  0.36879 -0.21292 -0.36879 -0.00000
f(x) = -4.41614e-02  1.68681e-13  2.20807e-02 -3.82449e-02  2.20807e-02  3.82449e-02 -1.07969e-14

iter =   8
x =  0.42584  0.00000 -0.21292  0.36879 -0.21292 -0.36879 -0.00000
f(x) = -4.41614e-02  1.68681e-13  2.20807e-02 -3.82449e-02  2.20807e-02  3.82449e-02 -1.07969e-14

iter =   9
x =  0.42584  0.00000 -0.21292  0.36879 -0.21292 -0.36879 -0.00000
f(x) = -4.41614e-02  1.68681e-13  2.20807e-02 -3.82449e-02  2.20807e-02  3.82449e-02 -1.07969e-14

iter =  10
x =  0.42584  0.00000 -0.21292  0.36879 -0.21292 -0.36879 -0.00000
f(x) = -4.41614e-02  1.68681e-13  2.20807e-02 -3.82449e-02  2.20807e-02  3.82449e-02 -1.07969e-14

status = iteration is not making progress towards solution
iter =   0
x =  0.42584  0.00000 -0.21292  0.36879 -0.21292 -0.36879 -0.00000
f(x) = -6.61515e-02  1.68328e-13  3.30757e-02 -5.72889e-02  3.30757e-02  5.72889e-02 -1.07969e-14

iter =   1
x =  0.42584  0.00000 -0.21292  0.36879 -0.21292 -0.36879 -0.00000
f(x) = -6.61515e-02  1.68328e-13  3.30757e-02 -5.72889e-02  3.30757e-02  5.72889e-02 -1.07969e-14

iter =   2
x =  0.43196 -0.00000 -0.21598  0.37409 -0.21598 -0.37409  0.00002
f(x) = -1.02275e-03  1.18402e-06  5.02822e-04 -8.89671e-04  5.19883e-04  8.81708e-04 -7.22475e-07

iter =   3
x =  0.43196 -0.00000 -0.21598  0.37409 -0.21598 -0.37409  0.00002
f(x) = -1.02275e-03  1.18402e-06  5.02822e-04 -8.89671e-04  5.19883e-04  8.81708e-04 -7.22475e-07

iter =   4
x =  0.43189  0.00000 -0.21607  0.37420 -0.21607 -0.37420 -0.00000
f(x) = -8.51773e-04  3.30733e-06  6.17761e-06 -7.06259e-06  2.58296e-06  8.06808e-06 -2.55559e-08

iter =   5
x =  0.43197  0.00000 -0.21605  0.37419 -0.21605 -0.37419  0.00000
f(x) = -4.71945e-04  1.82339e-06  3.74801e-06 -4.74153e-06  1.98035e-06  5.10954e-06  8.40920e-09

iter =   6
x =  0.43205  0.00000 -0.21603  0.37418 -0.21603 -0.37418 -0.00000
f(x) = -2.85031e-05  1.17050e-07  1.18316e-07  6.92154e-09 -9.25776e-08  1.02908e-07 -1.02922e-08

iter =   7
x =  0.43206 -0.00000 -0.21603  0.37417 -0.21603 -0.37417  0.00000
f(x) =  6.82199e-06 -2.76883e-08 -2.66457e-08 -1.11779e-08  2.27689e-08 -1.44221e-08  2.34804e-09

iter =   8
x =  0.43206 -0.00000 -0.21603  0.37417 -0.21603 -0.37417  0.00000
f(x) =  4.48133e-08 -1.65041e-10 -1.14683e-10 -8.03891e-11  1.06438e-10  2.14705e-12  3.12995e-12

iter =   9
x =  0.43206 -0.00000 -0.21603  0.37417 -0.21603 -0.37417  0.00000
f(x) =  5.28158e-09 -2.07692e-11 -1.79869e-11 -8.87277e-12  1.75962e-11 -8.48286e-12  1.46164e-12

iter =  10
x =  0.43206  0.00000 -0.21603  0.37417 -0.21603 -0.37417 -0.00000
f(x) = -6.31528e-10  2.49855e-12  2.18294e-12  1.07355e-12 -2.10989e-12  1.03891e-12 -1.80578e-13

iter =  11
x =  0.43206 -0.00000 -0.21603  0.37417 -0.21603 -0.37417  0.00000
f(x) =  1.66800e-12 -6.45383e-15 -5.00009e-15 -1.88177e-15  5.22213e-15 -1.88177e-15  2.77556e-16

status = success
iter =   0
x =  0.43206 -0.00000 -0.21603  0.37417 -0.21603 -0.37417  0.00000
f(x) = -2.24274e-02 -6.41365e-15  1.12137e-02 -1.94227e-02  1.12137e-02  1.94227e-02  2.77556e-16

iter =   1
x =  0.43206 -0.00000 -0.21603  0.37417 -0.21603 -0.37417  0.00000
f(x) = -2.24274e-02 -6.41365e-15  1.12137e-02 -1.94227e-02  1.12137e-02  1.94227e-02  2.77556e-16

iter =   2
x =  0.43422 -0.00000 -0.21711  0.37604 -0.21711 -0.37604  0.00000
f(x) = -1.22627e-04  1.32237e-07  6.03156e-05 -1.06682e-04  6.23265e-05  1.05740e-04 -8.65451e-08

iter =   3
x =  0.43422 -0.00000 -0.21711  0.37604 -0.21711 -0.37604  0.00000
f(x) = -1.22627e-04  1.32237e-07  6.03156e-05 -1.06682e-04  6.23265e-05  1.05740e-04 -8.65451e-08

iter =   4
x =  0.43421  0.00000 -0.21712  0.37606 -0.21712 -0.37606 -0.00000
f(x) = -9.67255e-05  3.92373e-07  3.96820e-07 -2.58999e-07 -2.08812e-08  3.79587e-07 -3.06301e-09

iter =   5
x =  0.43422  0.00000 -0.21712  0.37606 -0.21712 -0.37606  0.00000
f(x) = -5.24270e-05  2.10125e-07  2.21784e-07 -1.78295e-07  1.61018e-08  2.25655e-07  7.26106e-10

iter =   6
x =  0.43423  0.00000 -0.21711  0.37605 -0.21711 -0.37605 -0.00000
f(x) = -2.48445e-06  1.09083e-08  8.78900e-09  3.59824e-09 -8.31019e-09  5.03442e-09 -8.18115e-10

iter =   7
x =  0.43423 -0.00000 -0.21711  0.37605 -0.21711 -0.37605  0.00000
f(x) =  4.49479e-07 -1.96923e-09 -1.57274e-09 -7.40346e-10  1.50395e-09 -8.09022e-10  1.46074e-10

iter =   8
x =  0.43423 -0.00000 -0.21711  0.37605 -0.21711 -0.37605  0.00000
f(x) =  7.29892e-10 -3.03004e-12 -2.06554e-12 -8.94097e-13  1.95740e-12 -7.63090e-13  1.17684e-13

iter =   9
x =  0.43423 -0.00000 -0.21711  0.37605 -0.21711 -0.37605  0.00000
f(x) =  4.85092e-11 -2.09815e-13 -1.61294e-13 -7.70639e-14  1.57742e-13 -8.03945e-14  1.42247e-14

status = success
iter =   0
x =  0.43423 -0.00000 -0.21711  0.37605 -0.21711 -0.37605  0.00000
f(x) = -2.25371e-02 -2.09171e-13  1.12685e-02 -1.95177e-02  1.12685e-02  1.95177e-02  1.42247e-14

iter =   1
x =  0.43423 -0.00000 -0.21711  0.37605 -0.21711 -0.37605  0.00000
f(x) = -2.25371e-02 -2.09171e-13  1.12685e-02 -1.95177e-02  1.12685e-02  1.95177e-02  1.42247e-14

iter =   2
x =  0.43644  0.00000 -0.21822  0.37797 -0.21822 -0.37797 -0.00000
f(x) = -1.26995e-04 -1.35636e-07  6.45397e-05 -1.09516e-04  6.24787e-05  1.10486e-04  8.94956e-08

iter =   3
x =  0.43641 -0.00000 -0.21824  0.37799 -0.21824 -0.37799 -0.00000
f(x) = -2.17237e-04 -8.21832e-07 -8.14928e-08 -9.23433e-07  4.45103e-07  1.01490e-06 -4.48904e-08

iter =   4
x =  0.43643 -0.00000 -0.21823  0.37798 -0.21823 -0.37798  0.00000
f(x) = -9.78126e-05 -4.01321e-07 -1.33443e-08 -4.02190e-07  4.14267e-07  2.75692e-07  3.33901e-09

iter =   5
x =  0.43646  0.00000 -0.21822  0.37798 -0.21822 -0.37798 -0.00000
f(x) =  2.42329e-05  1.06543e-07  8.22332e-08  4.01089e-08 -8.20483e-08  4.14447e-08 -7.57904e-09

iter =   6
x =  0.43645 -0.00000 -0.21823  0.37798 -0.21823 -0.37798  0.00000
f(x) = -2.56281e-06 -1.13594e-08 -8.60829e-09 -4.71469e-09  9.17908e-09 -4.28360e-09  8.56538e-10

iter =   7
x =  0.43645  0.00000 -0.21823  0.37798 -0.21823 -0.37798 -0.00000
f(x) =  1.82352e-08  7.92232e-11  5.96479e-11  3.40211e-11 -5.95446e-11  2.31300e-11 -5.09841e-12

iter =   8
x =  0.43645  0.00000 -0.21823  0.37798 -0.21823 -0.37798 -0.00000
f(x) =  3.54016e-10  1.54384e-12  1.17385e-12  6.09871e-13 -1.18806e-12  5.41037e-13 -1.04861e-13

iter =   9
x =  0.43645 -0.00000 -0.21823  0.37798 -0.21823 -0.37798  0.00000
f(x) = -2.39941e-12 -1.07909e-14 -8.57649e-15 -4.75688e-15  8.79854e-15 -3.42461e-15  8.88178e-16

status = success
iter =   0
x =  0.43645 -0.00000 -0.21823  0.37798 -0.21823 -0.37798  0.00000
f(x) = -2.26491e-02 -1.06712e-14  1.13246e-02 -1.96147e-02  1.13246e-02  1.96147e-02  8.88178e-16

iter =   1
x =  0.43645 -0.00000 -0.21823  0.37798 -0.21823 -0.37798  0.00000
f(x) = -2.26491e-02 -1.06712e-14  1.13246e-02 -1.96147e-02  1.13246e-02  1.96147e-02  8.88178e-16

iter =   2
x =  0.43872 -0.00000 -0.21936  0.37994 -0.21936 -0.37994  0.00000
f(x) = -1.31659e-04  1.39552e-07  6.47720e-05 -1.14518e-04  6.68848e-05  1.13518e-04 -9.26253e-08

iter =   3
x =  0.43868  0.00000 -0.21937  0.37996 -0.21938 -0.37996  0.00000
f(x) = -2.20520e-04  8.43828e-07  4.75189e-07 -1.08276e-06 -6.16865e-08  9.95821e-07  4.64885e-08

iter =   4
x =  0.43871  0.00000 -0.21937  0.37995 -0.21937 -0.37995 -0.00000
f(x) = -9.88955e-05  4.10530e-07  4.33020e-07 -2.93766e-07 -4.80296e-09  4.26597e-07 -3.64811e-09

iter =   5
x =  0.43873 -0.00000 -0.21936  0.37995 -0.21936 -0.37995  0.00000
f(x) =  2.45565e-05 -1.09247e-07 -8.43997e-08 -4.29008e-08  8.46568e-08 -4.14954e-08  7.92133e-09

iter =   6
x =  0.43873  0.00000 -0.21936  0.37995 -0.21936 -0.37995 -0.00000
f(x) = -2.60138e-06  1.16662e-08  9.46913e-09  4.42545e-09 -8.85822e-09  4.88999e-09 -8.95222e-10

iter =   7
x =  0.43873 -0.00000 -0.21936  0.37995 -0.21936 -0.37995  0.00000
f(x) =  1.81396e-08 -7.96836e-11 -5.98640e-11 -2.31523e-11  6.02035e-11 -3.46557e-11  5.19354e-12

iter =   8
x =  0.43873 -0.00000 -0.21936  0.37995 -0.21936 -0.37995  0.00000
f(x) =  3.65228e-10 -1.61096e-12 -1.24234e-12 -5.70157e-13  1.22935e-12 -6.42765e-13  1.11397e-13

iter =   9
x =  0.43873  0.00000 -0.21936  0.37995 -0.21936 -0.37995 -0.00000
f(x) = -2.73026e-12  1.20107e-14  1.03390e-14  3.89507e-15 -9.56187e-15  6.33756e-15 -1.01308e-15

status = success
iter =   0
x =  0.43873  0.00000 -0.21936  0.37995 -0.21936 -0.37995 -0.00000
f(x) = -2.27635e-02  1.22142e-14  1.13818e-02 -1.97138e-02  1.13818e-02  1.97138e-02 -1.01308e-15

iter =   1
x =  0.43873  0.00000 -0.21936  0.37995 -0.21936 -0.37995 -0.00000
f(x) = -2.27635e-02  1.22142e-14  1.13818e-02 -1.97138e-02  1.13818e-02  1.97138e-02 -1.01308e-15

iter =   2
x =  0.44105  0.00000 -0.22052  0.38196 -0.22052 -0.38196 -0.00000
f(x) = -1.36579e-04 -1.43440e-07  6.93733e-05 -1.17766e-04  6.72064e-05  1.18798e-04  9.59479e-08

iter =   3
x =  0.44102 -0.00000 -0.22054  0.38198 -0.22054 -0.38198 -0.00000
f(x) = -2.23940e-04 -8.66969e-07 -3.93957e-08 -1.07511e-06  5.07876e-07  1.15719e-06 -4.82087e-08

iter =   4
x =  0.44104 -0.00000 -0.22054  0.38198 -0.22054 -0.38198  0.00000
f(x) = -9.99993e-05 -4.20108e-07  4.78202e-09 -4.52954e-07  4.53203e-07  3.13388e-07  3.98397e-09

iter =   5
x =  0.44107  0.00000 -0.22053  0.38197 -0.22053 -0.38197 -0.00000
f(x) =  2.48965e-05  1.12109e-07  8.72163e-08  4.29767e-08 -8.68969e-08  4.44489e-08 -8.28881e-09

iter =   6
x =  0.44106 -0.00000 -0.22053  0.38197 -0.22053 -0.38197  0.00000
f(x) = -2.64157e-06 -1.19894e-08 -9.11922e-09 -5.07668e-09  9.77661e-09 -4.57466e-09  9.36482e-10

iter =   7
x =  0.44106  0.00000 -0.22053  0.38197 -0.22053 -0.38197 -0.00000
f(x) =  1.79785e-08  7.98701e-11  6.05540e-11  3.52189e-11 -5.99486e-11  2.30406e-11 -5.26980e-12

iter =   8
x =  0.44106  0.00000 -0.22053  0.38197 -0.22053 -0.38197 -0.00000
f(x) =  3.76386e-10  1.67984e-12  1.28671e-12  6.76118e-13 -1.29737e-12  5.99957e-13 -1.18280e-13

iter =   9
x =  0.44106 -0.00000 -0.22053  0.38197 -0.22053 -0.38197  0.00000
f(x) = -3.05089e-12 -1.40894e-14 -1.16000e-14 -5.22055e-15  1.14890e-14 -5.88668e-15  1.17961e-15

status = success
iter =   0
x =  0.44106 -0.00000 -0.22053  0.38197 -0.22053 -0.38197  0.00000
f(x) = -2.28805e-02 -1.40612e-14  1.14402e-02 -1.98151e-02  1.14402e-02  1.98151e-02  1.17961e-15

iter =   1
x =  0.44106 -0.00000 -0.22053  0.38197 -0.22053 -0.38197  0.00000
f(x) = -2.28805e-02 -1.40612e-14  1.14402e-02 -1.98151e-02  1.14402e-02  1.98151e-02  1.17961e-15

iter =   2
x =  0.44345  0.00000 -0.22172  0.38403 -0.22172 -0.38403 -0.00000
f(x) = -1.41820e-04 -1.47386e-07  7.20188e-05 -1.22281e-04  6.97937e-05  1.23345e-04  9.94708e-08

iter =   3
x =  0.44341 -0.00000 -0.22174  0.38406 -0.22174 -0.38406 -0.00000
f(x) = -2.27467e-04 -8.91208e-07 -1.43152e-08 -1.16212e-06  5.43566e-07  1.23870e-06 -5.00245e-08

iter =   4
x =  0.44344 -0.00000 -0.22174  0.38405 -0.22173 -0.38405  0.00000
f(x) = -1.01108e-04 -4.30019e-07  1.55400e-08 -4.81487e-07  4.74997e-07  3.34699e-07  4.36007e-09

iter =   5
x =  0.44347  0.00000 -0.22173  0.38405 -0.22173 -0.38405 -0.00000
f(x) =  2.52469e-05  1.15108e-07  8.99008e-08  4.45455e-08 -8.95250e-08  4.60818e-08 -8.68109e-09

iter =   6
x =  0.44346 -0.00000 -0.22173  0.38405 -0.22173 -0.38405  0.00000
f(x) = -2.68164e-06 -1.23217e-08 -9.38590e-09 -5.27209e-09  1.00963e-08 -4.72836e-09  9.79885e-10

iter =   7
x =  0.44346  0.00000 -0.22173  0.38405 -0.22173 -0.38405 -0.00000
f(x) =  1.77509e-08  7.97677e-11  6.06883e-11  3.56996e-11 -5.97812e-11  2.27855e-11 -5.32470e-12

iter =   8
x =  0.44346  0.00000 -0.22173  0.38405 -0.22173 -0.38405 -0.00000
f(x) =  3.87680e-10  1.75194e-12  1.34723e-12  7.11063e-13 -1.35533e-12  6.30461e-13 -1.25538e-13

iter =   9
x =  0.44346 -0.00000 -0.22173  0.38405 -0.22173 -0.38405  0.00000
f(x) = -3.48432e-12 -1.65244e-14 -1.29300e-14 -7.02995e-15  1.31521e-14 -6.36381e-15  1.34615e-15

status = success
iter =   0
x =  0.44346 -0.00000 -0.22173  0.38405 -0.22173 -0.38405  0.00000
f(x) = -2.30000e-02 -1.63138e-14  1.15000e-02 -1.99186e-02  1.15000e-02  1.99186e-02  1.34615e-15

iter =   1
x =  0.44346 -0.00000 -0.22173  0.38405 -0.22173 -0.38405  0.00000
f(x) = -2.30000e-02 -1.63138e-14  1.15000e-02 -1.99186e-02  1.15000e-02  1.99186e-02  1.34615e-15

iter =   2
x =  0.44590 -0.00000 -0.22295  0.38616 -0.22295 -0.38616  0.00000
f(x) = -1.47377e-04  1.51796e-07  7.25491e-05 -1.28188e-04  7.48343e-05  1.27088e-04 -1.03202e-07

iter =   3
x =  0.44587  0.00000 -0.22297  0.38619 -0.22297 -0.38619  0.00000
f(x) = -2.31148e-04  9.16805e-07  5.82637e-07 -1.32845e-06  1.37776e-08  1.25789e-06  5.19612e-08

iter =   4
x =  0.44590  0.00000 -0.22297  0.38618 -0.22297 -0.38618 -0.00000
f(x) = -1.02236e-04  4.40346e-07  4.98604e-07 -3.57891e-07  2.75531e-08  5.12425e-07 -4.78104e-09

iter =   5
x =  0.44593 -0.00000 -0.22296  0.38618 -0.22296 -0.38618  0.00000
f(x) =  2.56142e-05 -1.18282e-07 -9.23179e-08 -4.78184e-08  9.27463e-08 -4.62197e-08  9.10294e-09

iter =   6
x =  0.44592  0.00000 -0.22296  0.38618 -0.22296 -0.38618 -0.00000
f(x) = -2.72223e-06  1.26670e-08  1.04319e-08  4.88801e-09 -9.66117e-09  5.47813e-09 -1.02586e-09

iter =   7
x =  0.44592 -0.00000 -0.22296  0.38618 -0.22296 -0.38618  0.00000
f(x) =  1.74515e-08 -7.93428e-11 -5.93305e-11 -2.23659e-11  6.05888e-11 -3.60871e-11  5.35504e-12

iter =   8
x =  0.44592 -0.00000 -0.22296  0.38618 -0.22296 -0.38618  0.00000
f(x) =  3.98826e-10 -1.82510e-12 -1.41494e-12 -6.60668e-13  1.40839e-12 -7.48154e-13  1.33143e-13

iter =   9
x =  0.44592  0.00000 -0.22296  0.38618 -0.22296 -0.38618 -0.00000
f(x) = -3.94662e-12  1.87297e-14  1.49426e-14  6.18430e-15 -1.49426e-14  8.84883e-15 -1.55431e-15

status = success
iter =   0
x =  0.44592  0.00000 -0.22296  0.38618 -0.22296 -0.38618 -0.00000
f(x) = -2.31223e-02  1.85592e-14  1.15612e-02 -2.00245e-02  1.15612e-02  2.00245e-02 -1.55431e-15

iter =   1
x =  0.44592  0.00000 -0.22296  0.38618 -0.22296 -0.38618 -0.00000
f(x) = -2.31223e-02  1.85592e-14  1.15612e-02 -2.00245e-02  1.15612e-02  2.00245e-02 -1.55431e-15

iter =   2
x =  0.44843  0.00000 -0.22422  0.38835 -0.22422 -0.38835 -0.00000
f(x) = -1.53311e-04 -1.56411e-07  7.78370e-05 -1.32215e-04  7.54877e-05  1.33352e-04  1.07173e-07

iter =   3
x =  0.44839 -0.00000 -0.22424  0.38838 -0.22424 -0.38838 -0.00000
f(x) = -2.34957e-04 -9.43705e-07  4.53808e-08 -1.36350e-06  6.25507e-07  1.42733e-06 -5.40157e-08

iter =   4
x =  0.44842 -0.00000 -0.22423  0.38837 -0.22423 -0.38837  0.00000
f(x) = -1.03369e-04 -4.51048e-07  4.10264e-08 -5.46004e-07  5.24210e-07  3.83173e-07  5.25227e-09

iter =   5
x =  0.44845  0.00000 -0.22422  0.38837 -0.22422 -0.38837 -0.00000
f(x) =  2.59934e-05  1.21617e-07  9.57452e-08  4.79955e-08 -9.52659e-08  4.96538e-08 -9.55463e-09

iter =   6
x =  0.44845 -0.00000 -0.22422  0.38837 -0.22422 -0.38837  0.00000
f(x) = -2.76255e-06 -1.30222e-08 -9.94243e-09 -5.69387e-09  1.07816e-08 -5.05223e-09  1.07429e-09

iter =   7
x =  0.44845  0.00000 -0.22422  0.38837 -0.22422 -0.38837 -0.00000
f(x) =  1.70790e-08  7.85766e-11  6.02395e-11  3.63727e-11 -5.85732e-11  2.17641e-11 -5.35716e-12

iter =   8
x =  0.44845  0.00000 -0.22422  0.38837 -0.22422 -0.38837 -0.00000
f(x) =  4.10052e-10  1.90029e-12  1.47248e-12  7.85938e-13 -1.47603e-12  6.93567e-13 -1.41193e-13

iter =   9
x =  0.44845 -0.00000 -0.22422  0.38837 -0.22422 -0.38837  0.00000
f(x) = -4.48908e-12 -2.10253e-14 -1.71017e-14 -9.54824e-15  1.71017e-14 -7.99393e-15  1.79023e-15

status = success
iter =   0
x =  0.44845 -0.00000 -0.22422  0.38837 -0.22422 -0.38837  0.00000
f(x) = -2.32475e-02 -2.08935e-14  1.16237e-02 -2.01329e-02  1.16237e-02  2.01329e-02  1.79023e-15

iter =   1
x =  0.44845 -0.00000 -0.22422  0.38837 -0.22422 -0.38837  0.00000
f(x) = -2.32475e-02 -2.08935e-14  1.16237e-02 -2.01329e-02  1.16237e-02  2.01329e-02  1.79023e-15

iter =   2
x =  0.45103 -0.00000 -0.22551  0.39060 -0.22551 -0.39060  0.00000
f(x) = -1.59680e-04  1.61696e-07  7.86277e-05 -1.38868e-04  8.10437e-05  1.37691e-04 -1.11387e-07

iter =   3
x =  0.45099  0.00000 -0.22554  0.39063 -0.22554 -0.39063  0.00000
f(x) = -2.38882e-04  9.71958e-07  6.72738e-07 -1.53643e-06  8.09327e-08  1.48015e-06  5.61805e-08

iter =   4
x =  0.45102  0.00000 -0.22553  0.39062 -0.22553 -0.39062 -0.00000
f(x) = -1.04494e-04  4.62110e-07  5.52066e-07 -4.10766e-07  5.61549e-08  5.82506e-07 -5.78591e-09

iter =   5
x =  0.45105 -0.00000 -0.22552  0.39062 -0.22552 -0.39062  0.00000
f(x) =  2.63812e-05 -1.25107e-07 -9.83706e-08 -5.15916e-08  9.89012e-08 -4.98762e-08  1.00385e-08

iter =   6
x =  0.45105  0.00000 -0.22552  0.39062 -0.22552 -0.39062 -0.00000
f(x) = -2.80183e-06  1.33843e-08  1.11437e-08  5.21981e-09 -1.02271e-08  5.91848e-09 -1.12505e-09

iter =   7
x =  0.45105 -0.00000 -0.22552  0.39062 -0.22552 -0.39062  0.00000
f(x) =  1.65980e-08 -7.72887e-11 -5.73582e-11 -2.09072e-11  5.95062e-11 -3.64814e-11  5.31568e-12

iter =   8
x =  0.45105 -0.00000 -0.22552  0.39062 -0.22552 -0.39062  0.00000
f(x) =  4.20890e-10 -1.97670e-12 -1.53859e-12 -7.26138e-13  1.53726e-12 -8.26058e-13  1.49589e-13

iter =   9
x =  0.45105  0.00000 -0.22552  0.39062 -0.22552 -0.39062 -0.00000
f(x) = -5.17675e-12  2.46678e-14  1.96384e-14  9.09905e-15 -1.97494e-14  1.17636e-14 -2.05391e-15

status = success
iter =   0
x =  0.45105  0.00000 -0.22552  0.39062 -0.22552 -0.39062 -0.00000
f(x) = -2.33757e-02  2.47876e-14  1.16878e-02 -2.02439e-02  1.16878e-02  2.02439e-02 -2.05391e-15

iter =   1
x =  0.45105  0.00000 -0.22552  0.39062 -0.22552 -0.39062 -0.00000
f(x) = -2.33757e-02  2.47876e-14  1.16878e-02 -2.02439e-02  1.16878e-02  2.02439e-02 -2.05391e-15

iter =   2
x =  0.45370  0.00000 -0.22685  0.39292 -0.22685 -0.39292 -0.00000
f(x) = -1.66469e-04 -1.66861e-07  8.44756e-05 -1.43553e-04  8.19887e-05  1.44771e-04  1.15911e-07

iter =   3
x =  0.45366 -0.00000 -0.22687  0.39294 -0.22687 -0.39294 -0.00000
f(x) = -2.42980e-04 -1.00181e-06  1.21050e-07 -1.60947e-06  7.24697e-07  1.65762e-06 -5.85265e-08

iter =   4
x =  0.45369 -0.00000 -0.22687  0.39294 -0.22687 -0.39294  0.00000
f(x) = -1.05633e-04 -4.73617e-07  7.31414e-08 -6.22197e-07  5.82384e-07  4.40972e-07  6.37181e-09

iter =   5
x =  0.45373  0.00000 -0.22686  0.39293 -0.22686 -0.39293 -0.00000
f(x) =  2.67897e-05  1.28820e-07  1.02269e-07  5.18919e-08 -1.01687e-07  5.36599e-08 -1.05617e-08

iter =   6
x =  0.45372 -0.00000 -0.22686  0.39293 -0.22686 -0.39293  0.00000
f(x) = -2.84243e-06 -1.37651e-08 -1.05238e-08 -6.15726e-09  1.15285e-08 -5.39513e-09  1.17922e-09

iter =   7
x =  0.45372  0.00000 -0.22686  0.39293 -0.22686 -0.39293 -0.00000
f(x) =  1.60004e-08  7.54201e-11  5.83481e-11  3.64017e-11 -5.56317e-11  1.97484e-11 -5.22392e-12

iter =   8
x =  0.45372  0.00000 -0.22686  0.39293 -0.22686 -0.39293 -0.00000
f(x) =  4.30767e-10  2.05047e-12  1.60154e-12  8.66079e-13 -1.59832e-12  7.58165e-13 -1.58193e-13

iter =   9
x =  0.45372 -0.00000 -0.22686  0.39293 -0.22686 -0.39293  0.00000
f(x) = -5.92815e-12 -2.83965e-14 -2.28886e-14 -1.32463e-14  2.29997e-14 -1.10259e-14  2.45637e-15

status = success
iter =   0
x =  0.45372 -0.00000 -0.22686  0.39293 -0.22686 -0.39293  0.00000
f(x) = -2.35070e-02 -2.83805e-14  1.17535e-02 -2.03576e-02  1.17535e-02  2.03576e-02  2.45637e-15

iter =   1
x =  0.45372 -0.00000 -0.22686  0.39293 -0.22686 -0.39293  0.00000
f(x) = -2.35070e-02 -2.83805e-14  1.17535e-02 -2.03576e-02  1.17535e-02  2.03576e-02  2.45637e-15

iter =   2
x =  0.45372 -0.00000 -0.22686  0.39293 -0.22686 -0.39293  0.00000
f(x) = -2.35070e-02 -2.83805e-14  1.17535e-02 -2.03576e-02  1.17535e-02  2.03576e-02  2.45637e-15

iter =   3
x =  0.45372 -0.00000 -0.22686  0.39293 -0.22686 -0.39293  0.00000
f(x) = -2.35070e-02 -2.83805e-14  1.17535e-02 -2.03576e-02  1.17535e-02  2.03576e-02  2.45637e-15

iter =   4
x =  0.45372 -0.00000 -0.22686  0.39293 -0.22686 -0.39293  0.00000
f(x) = -2.35070e-02 -2.83805e-14  1.17535e-02 -2.03576e-02  1.17535e-02  2.03576e-02  2.45637e-15

iter =   5
x =  0.45372 -0.00000 -0.22686  0.39293 -0.22686 -0.39293  0.00000
f(x) = -2.35070e-02 -2.83805e-14  1.17535e-02 -2.03576e-02  1.17535e-02  2.03576e-02  2.45637e-15

iter =   6
x =  0.45372 -0.00000 -0.22686  0.39293 -0.22686 -0.39293  0.00000
f(x) = -2.35070e-02 -2.83805e-14  1.17535e-02 -2.03576e-02  1.17535e-02  2.03576e-02  2.45637e-15

iter =   7
x =  0.45372 -0.00000 -0.22686  0.39293 -0.22686 -0.39293  0.00000
f(x) = -2.35070e-02 -2.83805e-14  1.17535e-02 -2.03576e-02  1.17535e-02  2.03576e-02  2.45637e-15

iter =   8
x =  0.45372 -0.00000 -0.22686  0.39293 -0.22686 -0.39293  0.00000
f(x) = -2.35070e-02 -2.83805e-14  1.17535e-02 -2.03576e-02  1.17535e-02  2.03576e-02  2.45637e-15

iter =   9
x =  0.45372 -0.00000 -0.22686  0.39293 -0.22686 -0.39293  0.00000
f(x) = -2.35070e-02 -2.83805e-14  1.17535e-02 -2.03576e-02  1.17535e-02  2.03576e-02  2.45637e-15

iter =  10
x =  0.45372 -0.00000 -0.22686  0.39293 -0.22686 -0.39293  0.00000
f(x) = -2.35070e-02 -2.83805e-14  1.17535e-02 -2.03576e-02  1.17535e-02  2.03576e-02  2.45637e-15

status = iteration is not making progress towards solution
iter =   0
x =  0.45372 -0.00000 -0.22686  0.39293 -0.22686 -0.39293  0.00000
f(x) = -4.69354e-02 -2.81996e-14  2.34677e-02 -4.06472e-02  2.34677e-02  4.06472e-02  2.45637e-15

iter =   1
x =  0.45372 -0.00000 -0.22686  0.39293 -0.22686 -0.39293  0.00000
f(x) = -4.69354e-02 -2.81996e-14  2.34677e-02 -4.06472e-02  2.34677e-02  4.06472e-02  2.45637e-15

iter =   2
x =  0.45923  0.00000 -0.22961  0.39770 -0.22961 -0.39770 -0.00001
f(x) = -7.04014e-04 -7.25211e-07  3.57156e-04 -6.07118e-04  3.46839e-04  6.12239e-04  4.89096e-07

iter =   3
x =  0.45905 -0.00000 -0.22971  0.39782 -0.22971 -0.39782 -0.00000
f(x) = -9.88991e-04 -4.14143e-06  2.76976e-06 -1.47072e-05  5.18098e-06  1.48445e-05 -2.45843e-07

iter =   4
x =  0.45920 -0.00000 -0.22968  0.39779 -0.22968 -0.39779  0.00000
f(x) = -4.30496e-04 -1.93644e-06  1.84290e-06 -5.07032e-06  3.96437e-06  4.27681e-06  3.06338e-08

iter =   5
x =  0.45934  0.00000 -0.22965  0.39777 -0.22965 -0.39777 -0.00000
f(x) =  1.14865e-04  5.43726e-07  4.94862e-07  2.25264e-07 -4.58100e-07  2.80373e-07 -5.16485e-08

iter =   6
x =  0.45931 -0.00000 -0.22966  0.39778 -0.22966 -0.39778  0.00000
f(x) = -1.40856e-05 -6.74084e-08 -5.08758e-08 -3.75128e-08  6.78208e-08 -2.62130e-08  6.66344e-09

iter =   7
x =  0.45931  0.00000 -0.22966  0.39777 -0.22966 -0.39777 -0.00000
f(x) =  6.80521e-08  2.99415e-10  3.24699e-10  2.47175e-10 -1.38375e-10 -4.04587e-11 -1.54672e-11

iter =   8
x =  0.45931  0.00000 -0.22966  0.39777 -0.22966 -0.39777 -0.00000
f(x) =  4.49785e-09  2.06250e-11  1.87811e-11  1.02826e-11 -1.64694e-11  7.51085e-12 -1.69355e-12

iter =   9
x =  0.45931 -0.00000 -0.22966  0.39777 -0.22966 -0.39777  0.00000
f(x) = -2.18654e-10 -1.02098e-12 -9.47172e-13 -5.66182e-13  8.53469e-13 -3.71449e-13  9.42024e-14

iter =  10
x =  0.45931  0.00000 -0.22966  0.39777 -0.22966 -0.39777 -0.00000
f(x) =  3.50053e-12  1.60036e-14  1.30077e-14  6.47276e-15 -1.34518e-14  6.69481e-15 -1.20737e-15

status = success
iter =   0
x =  0.45931  0.00000 -0.22966  0.39777 -0.22966 -0.39777 -0.00000
f(x) = -2.37797e-02  1.61702e-14  1.18899e-02 -2.05938e-02  1.18899e-02  2.05938e-02 -1.20737e-15

iter =   1
x =  0.45931  0.00000 -0.22966  0.39777 -0.22966 -0.39777 -0.00000
f(x) = -2.37797e-02  1.61702e-14  1.18899e-02 -2.05938e-02  1.18899e-02  2.05938e-02 -1.20737e-15

iter =   2
x =  0.46221 -0.00000 -0.23111  0.40029 -0.23111 -0.40029  0.00000
f(x) = -1.90008e-04  1.85160e-07  9.36398e-05 -1.65230e-04  9.63659e-05  1.63869e-04 -1.31458e-07

iter =   3
x =  0.46217  0.00000 -0.23113  0.40032 -0.23113 -0.40032  0.00000
f(x) = -2.56310e-04  1.10222e-06  9.17025e-07 -2.11119e-06  2.75252e-07  2.09320e-06  6.65724e-08

iter =   4
x =  0.46221  0.00000 -0.23112  0.40032 -0.23113 -0.40032 -0.00000
f(x) = -1.09042e-04  5.10879e-07  6.91847e-07 -5.50353e-07  1.37931e-07  7.64537e-07 -8.62458e-09

iter =   5
x =  0.46225 -0.00000 -0.23112  0.40031 -0.23112 -0.40031  0.00000
f(x) =  2.81116e-05 -1.41299e-07 -1.12969e-07 -6.07040e-08  1.13726e-07 -5.88117e-08  1.23995e-08

iter =   6
x =  0.46224  0.00000 -0.23112  0.40031 -0.23112 -0.40031 -0.00000
f(x) = -2.96053e-06  1.49733e-08  1.27930e-08  5.94757e-09 -1.14425e-08  6.94456e-09 -1.35999e-09

iter =   7
x =  0.46224 -0.00000 -0.23112  0.40031 -0.23112 -0.40031  0.00000
f(x) =  1.32292e-08 -6.46799e-11 -4.59208e-11 -1.36685e-11  5.10911e-11 -3.43511e-11  4.48044e-12

iter =   8
x =  0.46224 -0.00000 -0.23112  0.40031 -0.23112 -0.40031  0.00000
f(x) =  4.50885e-10 -2.24095e-12 -1.75519e-12 -8.42934e-13  1.77395e-12 -9.80158e-13  1.83312e-13

iter =   9
x =  0.46224  0.00000 -0.23112  0.40031 -0.23112 -0.40031 -0.00000
f(x) = -9.58833e-12  4.82180e-14  3.90080e-14  1.87731e-14 -3.87860e-14  2.21038e-14 -4.21885e-15

status = success
iter =   0
x =  0.46224  0.00000 -0.23112  0.40031 -0.23112 -0.40031 -0.00000
f(x) = -2.39215e-02  4.81206e-14  1.19607e-02 -2.07166e-02  1.19607e-02  2.07166e-02 -4.21885e-15

iter =   1
x =  0.46224  0.00000 -0.23112  0.40031 -0.23112 -0.40031 -0.00000
f(x) = -2.39215e-02  4.81206e-14  1.19607e-02 -2.07166e-02  1.19607e-02  2.07166e-02 -4.21885e-15

iter =   2
x =  0.46523  0.00000 -0.23262  0.40291 -0.23262 -0.40291 -0.00000
f(x) = -1.99093e-04 -1.91933e-07  1.00961e-04 -1.71724e-04  9.81454e-05  1.73139e-04  1.37440e-07

iter =   3
x =  0.46519 -0.00000 -0.23265  0.40294 -0.23265 -0.40294 -0.00000
f(x) = -2.61150e-04 -1.13986e-06  3.41055e-07 -2.29490e-06  9.96268e-07  2.30070e-06 -6.96826e-08

iter =   4
x =  0.46523 -0.00000 -0.23264  0.40293 -0.23264 -0.40293  0.00000
f(x) = -1.10173e-04 -5.24295e-07  1.65331e-07 -8.21258e-07  7.35897e-07  5.94418e-07  9.56999e-09

iter =   5
x =  0.46527  0.00000 -0.23263  0.40293 -0.23263 -0.40293 -0.00000
f(x) =  2.85917e-05  1.45994e-07  1.18093e-07  6.14716e-08 -1.17266e-07  6.33857e-08 -1.31215e-08

iter =   6
x =  0.46526 -0.00000 -0.23263  0.40293 -0.23263 -0.40293  0.00000
f(x) = -2.99941e-06 -1.54046e-08 -1.17595e-08 -7.23523e-09  1.32610e-08 -6.14225e-09  1.42736e-09

iter =   7
x =  0.46526  0.00000 -0.23263  0.40293 -0.23263 -0.40293 -0.00000
f(x) =  1.18547e-08  5.86268e-11  4.68452e-11  3.27700e-11 -4.05042e-11  1.03839e-11 -3.99829e-12

iter =   8
x =  0.46526  0.00000 -0.23263  0.40293 -0.23263 -0.40293 -0.00000
f(x) =  4.51498e-10  2.27871e-12  1.81375e-12  1.01136e-12 -1.78777e-12  8.58813e-13 -1.90362e-13

iter =   9
x =  0.46526 -0.00000 -0.23263  0.40293 -0.23263 -0.40293  0.00000
f(x) = -1.16285e-11 -5.93809e-14 -4.79698e-14 -2.80652e-14  4.81918e-14 -2.14038e-14  5.27356e-15

status = success
iter =   0
x =  0.46526 -0.00000 -0.23263  0.40293 -0.23263 -0.40293  0.00000
f(x) = -2.40672e-02 -5.92057e-14  1.20336e-02 -2.08428e-02  1.20336e-02  2.08428e-02  5.27356e-15

iter =   1
x =  0.46526 -0.00000 -0.23263  0.40293 -0.23263 -0.40293  0.00000
f(x) = -2.40672e-02 -5.92057e-14  1.20336e-02 -2.08428e-02  1.20336e-02  2.08428e-02  5.27356e-15

iter =   2
x =  0.46836 -0.00000 -0.23418  0.40561 -0.23418 -0.40561  0.00000
f(x) = -2.08957e-04  1.99786e-07  1.03023e-04 -1.81698e-04  1.05934e-04  1.80225e-04 -1.43852e-07

iter =   3
x =  0.46831  0.00000 -0.23421  0.40565 -0.23421 -0.40565  0.00000
f(x) = -2.66183e-04  1.17983e-06  1.08525e-06 -2.51440e-06  4.15952e-07  2.52228e-06  7.29965e-08

iter =   4
x =  0.46835  0.00000 -0.23420  0.40564 -0.23420 -0.40564 -0.00000
f(x) = -1.11281e-04  5.38197e-07  7.84698e-07 -6.43058e-07  1.96396e-07  8.83586e-07 -1.06538e-08

iter =   5
x =  0.46839 -0.00000 -0.23419  0.40563 -0.23419 -0.40563  0.00000
f(x) =  2.90863e-05 -1.50960e-07 -1.21847e-07 -6.62477e-08  1.22754e-07 -6.43256e-08  1.39066e-08

iter =   6
x =  0.46838  0.00000 -0.23419  0.40563 -0.23419 -0.40563 -0.00000
f(x) = -3.03585e-06  1.58405e-08  1.37473e-08  6.33789e-09 -1.20716e-08  7.53672e-09 -1.49772e-09

iter =   7
x =  0.46838 -0.00000 -0.23419  0.40563 -0.23419 -0.40563  0.00000
f(x) =  1.01836e-08 -5.08704e-11 -3.35795e-11 -6.23612e-12  4.13411e-11 -3.05469e-11  3.34838e-12

iter =   8
x =  0.46838 -0.00000 -0.23419  0.40563 -0.23419 -0.40563  0.00000
f(x) =  4.47496e-10 -2.29432e-12 -1.80297e-12 -8.67491e-13  1.83760e-12 -1.03402e-12  1.95857e-13

iter =   9
x =  0.46838  0.00000 -0.23419  0.40563 -0.23419 -0.40563 -0.00000
f(x) = -1.46101e-11  7.55714e-14  6.06721e-14  2.92889e-14 -6.15603e-14  3.50621e-14 -6.78624e-15

status = success
iter =   0
x =  0.46838  0.00000 -0.23419  0.40563 -0.23419 -0.40563 -0.00000
f(x) = -2.42169e-02  7.51700e-14  1.21085e-02 -2.09725e-02  1.21085e-02  2.09725e-02 -6.78624e-15

iter =   1
x =  0.46838  0.00000 -0.23419  0.40563 -0.23419 -0.40563 -0.00000
f(x) = -2.42169e-02  7.51700e-14  1.21085e-02 -2.09725e-02  1.21085e-02  2.09725e-02 -6.78624e-15

iter =   2
x =  0.47159  0.00000 -0.23579  0.40841 -0.23579 -0.40841 -0.00000
f(x) = -2.19638e-04 -2.07966e-07  1.11330e-04 -1.89451e-04  1.08317e-04  1.90988e-04  1.50807e-07

iter =   3
x =  0.47154 -0.00000 -0.23583  0.40845 -0.23583 -0.40845 -0.00000
f(x) = -2.71466e-04 -1.22248e-06  5.01598e-07 -2.77991e-06  1.18528e-06  2.75700e-06 -7.66116e-08

iter =   4
x =  0.47158 -0.00000 -0.23582  0.40844 -0.23582 -0.40844  0.00000
f(x) = -1.12384e-04 -5.52681e-07  2.31717e-07 -9.52186e-07  8.38880e-07  6.96947e-07  1.18721e-08

iter =   5
x =  0.47163  0.00000 -0.23581  0.40843 -0.23581 -0.40843 -0.00000
f(x) =  2.96070e-05  1.56279e-07  1.27787e-07  6.74216e-08 -1.26788e-07  6.93304e-08 -1.47676e-08

iter =   6
x =  0.47162 -0.00000 -0.23581  0.40843 -0.23581 -0.40843  0.00000
f(x) = -3.07239e-06 -1.62950e-08 -1.23872e-08 -7.85571e-09  1.42656e-08 -6.53967e-09  1.57240e-09

iter =   7
x =  0.47162  0.00000 -0.23581  0.40843 -0.23581 -0.40843 -0.00000
f(x) =  8.14508e-09  4.09563e-11  3.42447e-11  2.75160e-11 -2.47492e-11  9.77216e-13 -2.48289e-12

iter =   8
x =  0.47162  0.00000 -0.23581  0.40843 -0.23581 -0.40843 -0.00000
f(x) =  4.36820e-10  2.27706e-12  1.83525e-12  1.04646e-12 -1.79173e-12  8.59500e-13 -1.98813e-13

iter =   9
x =  0.47162 -0.00000 -0.23581  0.40843 -0.23581 -0.40843  0.00000
f(x) = -1.94020e-11 -1.02007e-13 -8.28217e-14 -4.81678e-14  8.16004e-14 -3.86199e-14  9.21485e-15

status = success
iter =   0
x =  0.47162 -0.00000 -0.23581  0.40843 -0.23581 -0.40843  0.00000
f(x) = -2.43710e-02 -1.01752e-13  1.21855e-02 -2.11059e-02  1.21855e-02  2.11059e-02  9.21485e-15

iter =   1
x =  0.47162 -0.00000 -0.23581  0.40843 -0.23581 -0.40843  0.00000
f(x) = -2.43710e-02 -1.01752e-13  1.21855e-02 -2.11059e-02  1.21855e-02  2.11059e-02  9.21485e-15

iter =   2
x =  0.47162 -0.00000 -0.23581  0.40843 -0.23581 -0.40843  0.00000
f(x) = -2.43710e-02 -1.01752e-13  1.21855e-02 -2.11059e-02  1.21855e-02  2.11059e-02  9.21485e-15

iter =   3
x =  0.47162 -0.00000 -0.23581  0.40843 -0.23581 -0.40843  0.00000
f(x) = -2.43710e-02 -1.01752e-13  1.21855e-02 -2.11059e-02  1.21855e-02  2.11059e-02  9.21485e-15

iter =   4
x =  0.47162 -0.00000 -0.23581  0.40843 -0.23581 -0.40843  0.00000
f(x) = -2.43710e-02 -1.01752e-13  1.21855e-02 -2.11059e-02  1.21855e-02  2.11059e-02  9.21485e-15

iter =   5
x =  0.47162 -0.00000 -0.23581  0.40843 -0.23581 -0.40843  0.00000
f(x) = -2.43710e-02 -1.01752e-13  1.21855e-02 -2.11059e-02  1.21855e-02  2.11059e-02  9.21485e-15

iter =   6
x =  0.47162 -0.00000 -0.23581  0.40843 -0.23581 -0.40843  0.00000
f(x) = -2.43710e-02 -1.01752e-13  1.21855e-02 -2.11059e-02  1.21855e-02  2.11059e-02  9.21485e-15

iter =   7
x =  0.47162 -0.00000 -0.23581  0.40843 -0.23581 -0.40843  0.00000
f(x) = -2.43710e-02 -1.01752e-13  1.21855e-02 -2.11059e-02  1.21855e-02  2.11059e-02  9.21485e-15

iter =   8
x =  0.47162 -0.00000 -0.23581  0.40843 -0.23581 -0.40843  0.00000
f(x) = -2.43710e-02 -1.01752e-13  1.21855e-02 -2.11059e-02  1.21855e-02  2.11059e-02  9.21485e-15

iter =   9
x =  0.47162 -0.00000 -0.23581  0.40843 -0.23581 -0.40843  0.00000
f(x) = -2.43710e-02 -1.01752e-13  1.21855e-02 -2.11059e-02  1.21855e-02  2.11059e-02  9.21485e-15

iter =  10
x =  0.47162 -0.00000 -0.23581  0.40843 -0.23581 -0.40843  0.00000
f(x) = -2.43710e-02 -1.01752e-13  1.21855e-02 -2.11059e-02  1.21855e-02  2.11059e-02  9.21485e-15

status = iteration is not making progress towards solution
iter =   0
x =  0.47162 -0.00000 -0.23581  0.40843 -0.23581 -0.40843  0.00000
f(x) = -4.86502e-02 -1.01115e-13  2.43251e-02 -4.21323e-02  2.43251e-02  4.21323e-02  9.21485e-15

iter =   1
x =  0.47162 -0.00000 -0.23581  0.40843 -0.23581 -0.40843  0.00000
f(x) = -4.86502e-02 -1.01115e-13  2.43251e-02 -4.21323e-02  2.43251e-02  4.21323e-02  9.21485e-15

iter =   2
x =  0.47162 -0.00000 -0.23581  0.40843 -0.23581 -0.40843  0.00000
f(x) = -4.86502e-02 -1.01115e-13  2.43251e-02 -4.21323e-02  2.43251e-02  4.21323e-02  9.21485e-15

iter =   3
x =  0.47162 -0.00000 -0.23581  0.40843 -0.23581 -0.40843  0.00000
f(x) = -4.86502e-02 -1.01115e-13  2.43251e-02 -4.21323e-02  2.43251e-02  4.21323e-02  9.21485e-15

iter =   4
x =  0.47162 -0.00000 -0.23581  0.40843 -0.23581 -0.40843  0.00000
f(x) = -4.86502e-02 -1.01115e-13  2.43251e-02 -4.21323e-02  2.43251e-02  4.21323e-02  9.21485e-15

iter =   5
x =  0.47162 -0.00000 -0.23581  0.40843 -0.23581 -0.40843  0.00000
f(x) = -4.86502e-02 -1.01115e-13  2.43251e-02 -4.21323e-02  2.43251e-02  4.21323e-02  9.21485e-15

iter =   6
x =  0.47162 -0.00000 -0.23581  0.40843 -0.23581 -0.40843  0.00000
f(x) = -4.86502e-02 -1.01115e-13  2.43251e-02 -4.21323e-02  2.43251e-02  4.21323e-02  9.21485e-15

iter =   7
x =  0.47162 -0.00000 -0.23581  0.40843 -0.23581 -0.40843  0.00000
f(x) = -4.86502e-02 -1.01115e-13  2.43251e-02 -4.21323e-02  2.43251e-02  4.21323e-02  9.21485e-15

iter =   8
x =  0.47162 -0.00000 -0.23581  0.40843 -0.23581 -0.40843  0.00000
f(x) = -4.86502e-02 -1.01115e-13  2.43251e-02 -4.21323e-02  2.43251e-02  4.21323e-02  9.21485e-15

iter =   9
x =  0.47162 -0.00000 -0.23581  0.40843 -0.23581 -0.40843  0.00000
f(x) = -4.86502e-02 -1.01115e-13  2.43251e-02 -4.21323e-02  2.43251e-02  4.21323e-02  9.21485e-15

iter =  10
x =  0.47162 -0.00000 -0.23581  0.40843 -0.23581 -0.40843  0.00000
f(x) = -4.86502e-02 -1.01115e-13  2.43251e-02 -4.21323e-02  2.43251e-02  4.21323e-02  9.21485e-15

status = iteration is not making progress towards solution
iter =   0
x =  0.47162 -0.00000 -0.23581  0.40843 -0.23581 -0.40843  0.00000
f(x) = -7.28385e-02 -1.00762e-13  3.64192e-02 -6.30800e-02  3.64192e-02  6.30800e-02  9.21485e-15

iter =   1
x =  0.47162 -0.00000 -0.23581  0.40843 -0.23581 -0.40843  0.00000
f(x) = -7.28385e-02 -1.00762e-13  3.64192e-02 -6.30800e-02  3.64192e-02  6.30800e-02  9.21485e-15

iter =   2
x =  0.48174  0.00000 -0.24087  0.41720 -0.24087 -0.41720 -0.00002
f(x) = -2.13653e-03 -2.21467e-06  1.08251e-03 -1.84283e-03  1.05400e-03  1.85772e-03  1.46502e-06

iter =   3
x =  0.48122 -0.00000 -0.24118  0.41763 -0.24118 -0.41763 -0.00000
f(x) = -2.49088e-03 -1.14575e-05  2.51061e-05 -9.09115e-05  3.10262e-05  9.03886e-05 -7.38518e-07

iter =   4
x =  0.48170 -0.00000 -0.24109  0.41754 -0.24109 -0.41754  0.00000
f(x) = -1.04472e-03 -5.03402e-06  1.39501e-05 -2.69378e-05  1.97884e-05  2.42987e-05  1.42087e-07

iter =   5
x =  0.48215  0.00000 -0.24101  0.41745 -0.24101 -0.41745 -0.00000
f(x) =  2.99347e-04  1.50256e-06  1.72498e-06  7.82055e-07 -1.43907e-06  9.91086e-07 -2.04642e-07

iter =   6
x =  0.48204 -0.00000 -0.24103  0.41747 -0.24103 -0.41747  0.00000
f(x) = -4.45551e-05 -2.23716e-07 -1.23834e-07 -1.81029e-07  3.21435e-07 -6.65602e-08  2.79683e-08

iter =   7
x =  0.48205 -0.00000 -0.24103  0.41747 -0.24103 -0.41747  0.00000
f(x) = -7.56302e-07 -3.79355e-09 -1.48281e-09 -3.00147e-10  5.85850e-09 -3.84590e-09  4.60192e-10

iter =   8
x =  0.48205 -0.00000 -0.24103  0.41747 -0.24103 -0.41747  0.00000
f(x) = -8.22230e-09 -3.99132e-11 -1.85733e-11  2.93100e-11  3.78858e-11 -6.12494e-11  2.35496e-12

iter =   9
x =  0.48205 -0.00000 -0.24103  0.41747 -0.24103 -0.41747  0.00000
f(x) = -8.19312e-10 -4.04703e-12 -4.06550e-12 -1.65088e-12  3.59399e-12 -2.66140e-12  4.52458e-13

iter =  10
x =  0.48205  0.00000 -0.24103  0.41747 -0.24103 -0.41747 -0.00000
f(x) =  8.93681e-11  4.44163e-13  3.83515e-13  1.41252e-13 -4.44244e-13  3.23551e-13 -4.88498e-14

status = success
iter =   0
x =  0.48205  0.00000 -0.24103  0.41747 -0.24103 -0.41747 -0.00000
f(x) = -2.48622e-02  4.42639e-13  1.24311e-02 -2.15313e-02  1.24311e-02  2.15313e-02 -4.88498e-14

iter =   1
x =  0.48205  0.00000 -0.24103  0.41747 -0.24103 -0.41747 -0.00000
f(x) = -2.48622e-02  4.42639e-13  1.24311e-02 -2.15313e-02  1.24311e-02  2.15313e-02 -4.88498e-14

iter =   2
x =  0.48577  0.00000 -0.24288  0.42069 -0.24288 -0.42069 -0.00000
f(x) = -2.73222e-04 -2.49534e-07  1.38352e-04 -2.35683e-04  1.34854e-04  2.37523e-04  1.85154e-07

iter =   3
x =  0.48570 -0.00000 -0.24292  0.42074 -0.24292 -0.42074 -0.00000
f(x) = -2.95278e-04 -1.42510e-06  9.95268e-07 -4.24026e-06  1.74170e-06  4.13710e-06 -9.43814e-08

iter =   4
x =  0.48577 -0.00000 -0.24291  0.42073 -0.24291 -0.42073  0.00000
f(x) = -1.16571e-04 -6.16703e-07  4.32587e-07 -1.30806e-06  1.12988e-06  9.80749e-07  1.87417e-08

iter =   5
x =  0.48582  0.00000 -0.24290  0.42072 -0.24290 -0.42072 -0.00000
f(x) =  3.19293e-05  1.81561e-07  1.52421e-07  8.28347e-08 -1.50839e-07  8.42952e-08 -1.91924e-08

iter =   6
x =  0.48581 -0.00000 -0.24290  0.42072 -0.24290 -0.42072  0.00000
f(x) = -3.20361e-06 -1.82353e-08 -1.35508e-08 -9.28325e-09  1.66705e-08 -7.37503e-09  1.90978e-09

iter =   7
x =  0.48581 -0.00000 -0.24290  0.42072 -0.24290 -0.42072  0.00000
f(x) = -6.00054e-09 -3.56635e-11 -2.14008e-11  1.16184e-12  4.31089e-11 -3.90464e-11  4.79257e-12

iter =   8
x =  0.48581  0.00000 -0.24290  0.42072 -0.24290 -0.42072 -0.00000
f(x) =  2.68455e-10  1.50964e-12  1.28626e-12  8.29150e-13 -1.20222e-12  5.10072e-13 -1.50616e-13

iter =   9
x =  0.48581  0.00000 -0.24290  0.42072 -0.24290 -0.42072 -0.00000
f(x) =  1.25349e-11  7.01905e-14  5.99249e-14  3.80552e-14 -5.45958e-14  2.25121e-14 -6.68909e-15

status = success
iter =   0
x =  0.48581  0.00000 -0.24290  0.42072 -0.24290 -0.42072 -0.00000
f(x) = -2.50366e-02  6.99019e-14  1.25183e-02 -2.16823e-02  1.25183e-02  2.16823e-02 -6.68909e-15

iter =   1
x =  0.48581  0.00000 -0.24290  0.42072 -0.24290 -0.42072 -0.00000
f(x) = -2.50366e-02  6.99019e-14  1.25183e-02 -2.16823e-02  1.25183e-02  2.16823e-02 -6.68909e-15

iter =   2
x =  0.48968 -0.00000 -0.24484  0.42407 -0.24484 -0.42407  0.00000
f(x) = -2.90102e-04  2.62731e-07  1.43228e-04 -2.52202e-04  1.46873e-04  2.50268e-04 -1.95820e-07

iter =   3
x =  0.48961  0.00000 -0.24488  0.42414 -0.24488 -0.42414  0.00000
f(x) = -3.02068e-04  1.48586e-06  1.93591e-06 -4.63082e-06  1.17238e-06  4.76057e-06  9.99006e-08

iter =   4
x =  0.48968  0.00000 -0.24487  0.42412 -0.24487 -0.42412 -0.00000
f(x) = -1.17580e-04  6.34567e-07  1.22845e-06 -1.07439e-06  5.03872e-07  1.42376e-06 -2.11251e-08

iter =   5
x =  0.48973 -0.00000 -0.24486  0.42411 -0.24486 -0.42411  0.00000
f(x) =  3.25844e-05 -1.89152e-07 -1.58251e-07 -8.88770e-08  1.60063e-07 -8.77170e-08  2.06318e-08

iter =   6
x =  0.48972  0.00000 -0.24486  0.42411 -0.24486 -0.42411 -0.00000
f(x) = -3.23455e-06  1.87661e-08  1.73915e-08  7.59582e-09 -1.37941e-08  9.68371e-09 -2.00485e-09

iter =   7
x =  0.48972  0.00000 -0.24486  0.42411 -0.24486 -0.42411 -0.00000
f(x) = -1.19430e-08  7.03231e-11  7.36897e-11  5.71142e-11 -4.66923e-11  1.14474e-11 -8.25194e-12

iter =   8
x =  0.48972 -0.00000 -0.24486  0.42411 -0.24486 -0.42411  0.00000
f(x) =  1.72158e-10 -9.94759e-13 -8.06919e-13 -2.70084e-13  8.88965e-13 -6.48448e-13  1.08413e-13

iter =   9
x =  0.48972 -0.00000 -0.24486  0.42411 -0.24486 -0.42411  0.00000
f(x) =  1.43174e-12 -7.85916e-15 -5.22116e-15  5.56682e-16  8.66285e-15 -6.99283e-15  8.32667e-16

status = success
iter =   0
x =  0.48972 -0.00000 -0.24486  0.42411 -0.24486 -0.42411  0.00000
f(x) = -2.52170e-02 -7.74474e-15  1.26085e-02 -2.18386e-02  1.26085e-02  2.18386e-02  8.32667e-16

iter =   1
x =  0.48972 -0.00000 -0.24486  0.42411 -0.24486 -0.42411  0.00000
f(x) = -2.52170e-02 -7.74474e-15  1.26085e-02 -2.18386e-02  1.26085e-02  2.18386e-02  8.32667e-16

iter =   2
x =  0.49376  0.00000 -0.24688  0.42761 -0.24688 -0.42761 -0.00000
f(x) = -3.08864e-04 -2.77003e-07  1.56320e-04 -2.66444e-04  1.52518e-04  2.68479e-04  2.07580e-07

iter =   3
x =  0.49369 -0.00000 -0.24693  0.42768 -0.24693 -0.42768 -0.00000
f(x) = -3.09176e-04 -1.55120e-06  1.38063e-06 -5.37058e-06  2.16139e-06  5.21099e-06 -1.05982e-07

iter =   4
x =  0.49376 -0.00000 -0.24691  0.42766 -0.24691 -0.42766  0.00000
f(x) = -1.18545e-04 -6.53104e-07  5.87392e-07 -1.55324e-06  1.34138e-06  1.17999e-06  2.38487e-08

iter =   5
x =  0.49382  0.00000 -0.24690  0.42765 -0.24690 -0.42765 -0.00000
f(x) =  3.32653e-05  1.97325e-07  1.68449e-07  9.31449e-08 -1.66353e-07  9.38605e-08 -2.22491e-08

iter =   6
x =  0.49381 -0.00000 -0.24690  0.42765 -0.24690 -0.42765  0.00000
f(x) = -3.26603e-06 -1.93246e-08 -1.40028e-08 -1.01019e-08  1.81824e-08 -7.82656e-09  2.10435e-09

iter =   7
x =  0.49381 -0.00000 -0.24690  0.42765 -0.24690 -0.42765  0.00000
f(x) = -1.94940e-08 -1.15700e-10 -7.98224e-11 -2.82432e-11  1.13632e-10 -8.08118e-11  1.28639e-11

iter =   8
x =  0.49381  0.00000 -0.24690  0.42765 -0.24690 -0.42765 -0.00000
f(x) =  4.02787e-11  2.54611e-13  3.06886e-13  3.73583e-13 -2.42604e-13 -7.69454e-14 -4.40481e-14

status = success
iter =   0
x =  0.49381  0.00000 -0.24690  0.42765 -0.24690 -0.42765 -0.00000
f(x) = -2.54039e-02  2.53910e-13  1.27019e-02 -2.20004e-02  1.27019e-02  2.20004e-02 -4.40481e-14

iter =   1
x =  0.49381  0.00000 -0.24690  0.42765 -0.24690 -0.42765 -0.00000
f(x) = -2.54039e-02  2.53910e-13  1.27019e-02 -2.20004e-02  1.27019e-02  2.20004e-02 -4.40481e-14

iter =   2
x =  0.49803 -0.00000 -0.24901  0.43130 -0.24901 -0.43130  0.00000
f(x) = -3.29703e-04  2.93100e-07  1.62869e-04 -2.86614e-04  1.66845e-04  2.84467e-04 -2.20576e-07

iter =   3
x =  0.49795  0.00000 -0.24907  0.43138 -0.24907 -0.43138  0.00000
f(x) = -3.16789e-04  1.62257e-06  2.42529e-06 -5.90019e-06  1.62648e-06  6.09374e-06  1.12709e-07

iter =   4
x =  0.49803  0.00000 -0.24905  0.43136 -0.24905 -0.43136 -0.00000
f(x) = -1.19553e-04  6.72854e-07  1.47217e-06 -1.30023e-06  6.85783e-07  1.69966e-06 -2.69865e-08

iter =   5
x =  0.49810 -0.00000 -0.24904  0.43135 -0.24904 -0.43135  0.00000
f(x) =  3.39908e-05 -2.06257e-07 -1.75340e-07 -9.93417e-08  1.77777e-07 -9.92747e-08  2.40892e-08

iter =   6
x =  0.49808  0.00000 -0.24904  0.43135 -0.24904 -0.43135 -0.00000
f(x) = -3.30085e-06  1.99289e-08  1.90714e-08  8.07532e-09 -1.41708e-08  1.05442e-08 -2.20952e-09

iter =   7
x =  0.49808  0.00000 -0.24904  0.43135 -0.24904 -0.43135 -0.00000
f(x) = -2.90906e-08  1.75072e-10  1.65812e-10  1.11996e-10 -1.23098e-10  5.04629e-11 -1.90003e-11

iter =   8
x =  0.49808  0.00000 -0.24904  0.43135 -0.24904 -0.43135 -0.00000
f(x) = -1.34525e-10  7.68394e-13  5.27230e-13  5.62269e-13 -5.17238e-13  1.55954e-14 -4.91135e-14

iter =   9
x =  0.49808  0.00000 -0.24904  0.43135 -0.24904 -0.43135 -0.00000
f(x) = -8.96550e-12  5.31401e-14  4.21225e-14  2.37645e-14 -4.25666e-14  2.35425e-14 -5.23193e-15

status = success
iter =   0
x =  0.49808  0.00000 -0.24904  0.43135 -0.24904 -0.43135 -0.00000
f(x) = -2.55976e-02  5.29581e-14  1.27988e-02 -2.21682e-02  1.27988e-02  2.21682e-02 -5.23193e-15

iter =   1
x =  0.49808  0.00000 -0.24904  0.43135 -0.24904 -0.43135 -0.00000
f(x) = -2.55976e-02  5.29581e-14  1.27988e-02 -2.21682e-02  1.27988e-02  2.21682e-02 -5.23193e-15

iter =   2
x =  0.50250  0.00000 -0.25125  0.43518 -0.25125 -0.43518 -0.00000
f(x) = -3.53102e-04 -3.11168e-07  1.78630e-04 -3.04657e-04  1.74468e-04  3.06927e-04  2.35006e-07

iter =   3
x =  0.50242 -0.00000 -0.25131  0.43527 -0.25131 -0.43527 -0.00000
f(x) = -3.24788e-04 -1.69985e-06  1.91929e-06 -6.95663e-06  2.73635e-06  6.72460e-06 -1.20153e-07

iter =   4
x =  0.50251 -0.00000 -0.25129  0.43525 -0.25129 -0.43525  0.00000
f(x) = -1.20545e-04 -6.93522e-07  8.02913e-07 -1.86529e-06  1.62462e-06  1.43739e-06  3.05918e-08

iter =   5
x =  0.50258  0.00000 -0.25128  0.43523 -0.25128 -0.43523 -0.00000
f(x) =  3.47446e-05  2.15931e-07  1.88128e-07  1.06216e-07 -1.85274e-07  1.05336e-07 -2.61885e-08

iter =   6
x =  0.50256 -0.00000 -0.25128  0.43523 -0.25128 -0.43523  0.00000
f(x) = -3.34027e-06 -2.05882e-08 -1.42786e-08 -1.10058e-08  2.00811e-08 -8.35132e-09  2.31988e-09

iter =   7
x =  0.50256 -0.00000 -0.25128  0.43523 -0.25128 -0.43523  0.00000
f(x) = -4.15199e-08 -2.54129e-10 -1.80611e-10 -8.03142e-11  2.35118e-10 -1.53793e-10  2.72921e-11

iter =   8
x =  0.50256 -0.00000 -0.25128  0.43523 -0.25128 -0.43523  0.00000
f(x) = -3.61338e-10 -2.14802e-12 -1.65688e-12 -5.57880e-13  1.54430e-12 -1.22179e-12  1.79759e-13

iter =   9
x =  0.50256 -0.00000 -0.25128  0.43523 -0.25128 -0.43523  0.00000
f(x) = -1.26255e-11 -7.63427e-14 -6.27631e-14 -3.51796e-14  5.88773e-14 -3.31812e-14  7.61891e-15

status = success
iter =   0
x =  0.50256 -0.00000 -0.25128  0.43523 -0.25128 -0.43523  0.00000
f(x) = -2.57989e-02 -7.56413e-14  1.28995e-02 -2.23425e-02  1.28995e-02  2.23425e-02  7.61891e-15

iter =   1
x =  0.50256 -0.00000 -0.25128  0.43523 -0.25128 -0.43523  0.00000
f(x) = -2.57989e-02 -7.56413e-14  1.28995e-02 -2.23425e-02  1.28995e-02  2.23425e-02  7.61891e-15

iter =   2
x =  0.50720 -0.00000 -0.25360  0.43925 -0.25360 -0.43925  0.00000
f(x) = -3.79444e-04  3.31517e-07  1.87539e-04 -3.29814e-04  1.91908e-04  3.27407e-04 -2.51071e-07

iter =   3
x =  0.50712  0.00000 -0.25366  0.43935 -0.25366 -0.43935  0.00000
f(x) = -3.33322e-04  1.78449e-06  3.10633e-06 -7.72288e-06  2.27047e-06  7.99906e-06  1.28441e-07

iter =   4
x =  0.50722  0.00000 -0.25365  0.43933 -0.25365 -0.43933 -0.00000
f(x) = -1.21610e-04  7.15620e-07  1.80442e-06 -1.59559e-06  9.43697e-07  2.05475e-06 -3.47461e-08

iter =   5
x =  0.50729 -0.00000 -0.25363  0.43931 -0.25363 -0.43931  0.00000
f(x) =  3.55395e-05 -2.26522e-07 -1.96409e-07 -1.11941e-07  1.99752e-07 -1.14213e-07  2.86162e-08

iter =   6
x =  0.50727  0.00000 -0.25364  0.43931 -0.25364 -0.43931 -0.00000
f(x) = -3.39042e-06  2.13421e-08  2.12684e-08  8.67735e-09 -1.43169e-08  1.14954e-08 -2.43764e-09

iter =   7
x =  0.50727  0.00000 -0.25364  0.43931 -0.25364 -0.43931 -0.00000
f(x) = -5.78554e-08  3.60854e-10  3.28408e-10  2.10748e-10 -2.57993e-10  1.20814e-10 -3.86310e-11

iter =   8
x =  0.50727  0.00000 -0.25364  0.43931 -0.25364 -0.43931 -0.00000
f(x) = -6.45230e-10  3.94029e-12  2.82015e-12  2.08659e-12 -3.19018e-12  1.28146e-12 -3.55466e-13

iter =   9
x =  0.50727  0.00000 -0.25364  0.43931 -0.25364 -0.43931 -0.00000
f(x) = -1.56950e-11  9.70459e-14  7.30077e-14  4.04601e-14 -8.15564e-14  4.62333e-14 -9.81160e-15

status = success
iter =   0
x =  0.50727  0.00000 -0.25364  0.43931 -0.25364 -0.43931 -0.00000
f(x) = -2.60084e-02  9.66131e-14  1.30042e-02 -2.25239e-02  1.30042e-02  2.25239e-02 -9.81160e-15

iter =   1
x =  0.50727  0.00000 -0.25364  0.43931 -0.25364 -0.43931 -0.00000
f(x) = -2.60084e-02  9.66131e-14  1.30042e-02 -2.25239e-02  1.30042e-02  2.25239e-02 -9.81160e-15

iter =   2
x =  0.51216  0.00000 -0.25608  0.44354 -0.25608 -0.44354 -0.00000
f(x) = -4.09339e-04 -3.54494e-07  2.06962e-04 -3.53211e-04  2.02368e-04  3.55769e-04  2.69160e-07

iter =   3
x =  0.51206 -0.00000 -0.25615  0.44365 -0.25615 -0.44365 -0.00000
f(x) = -3.42377e-04 -1.87714e-06  2.69566e-06 -9.27236e-06  3.55040e-06  8.94570e-06 -1.37736e-07

iter =   4
x =  0.51217 -0.00000 -0.25613  0.44363 -0.25613 -0.44363  0.00000
f(x) = -1.22772e-04 -7.39282e-07  1.11502e-06 -2.27293e-06  2.01876e-06  1.77954e-06  3.95111e-08

iter =   5
x =  0.51226  0.00000 -0.25611  0.44361 -0.25612 -0.44361 -0.00000
f(x) =  3.63711e-05  2.38124e-07  2.12877e-07  1.23554e-07 -2.08984e-07  1.19214e-07 -3.14528e-08

iter =   6
x =  0.51223 -0.00000 -0.25612  0.44361 -0.25612 -0.44361  0.00000
f(x) = -3.45927e-06 -2.22448e-08 -1.42712e-08 -1.20182e-08  2.27115e-08 -9.09130e-09  2.56568e-09

iter =   7
x =  0.51224 -0.00000 -0.25612  0.44361 -0.25612 -0.44361  0.00000
f(x) = -7.97126e-08 -5.07423e-10 -3.63815e-10 -1.76491e-10  4.56090e-10 -2.89960e-10  5.43841e-11

iter =   8
x =  0.51224 -0.00000 -0.25612  0.44361 -0.25612 -0.44361  0.00000
f(x) = -9.78860e-10 -6.13031e-12 -5.17165e-12 -2.19554e-12  4.27891e-12 -3.14989e-12  5.77885e-13

iter =   9
x =  0.51224 -0.00000 -0.25612  0.44361 -0.25612 -0.44361  0.00000
f(x) = -1.78506e-11 -1.12706e-13 -9.85234e-14 -5.66812e-14  8.09819e-14 -4.51348e-14  1.15463e-14

status = success
iter =   0
x =  0.51224 -0.00000 -0.25612  0.44361 -0.25612 -0.44361  0.00000
f(x) = -2.62268e-02 -1.12019e-13  1.31134e-02 -2.27131e-02  1.31134e-02  2.27131e-02  1.15463e-14

iter =   1
x =  0.51224 -0.00000 -0.25612  0.44361 -0.25612 -0.44361  0.00000
f(x) = -2.62268e-02 -1.12019e-13  1.31134e-02 -2.27131e-02  1.31134e-02  2.27131e-02  1.15463e-14

iter =   2
x =  0.51739 -0.00000 -0.25870  0.44807 -0.25870 -0.44807  0.00000
f(x) = -4.43484e-04  3.81141e-07  2.19313e-04 -3.85422e-04  2.24158e-04  3.82693e-04 -2.89486e-07

iter =   3
x =  0.51729  0.00000 -0.25877  0.44820 -0.25877 -0.44820  0.00000
f(x) = -3.52064e-04  1.97947e-06  4.08941e-06 -1.04656e-05  3.21514e-06  1.08509e-05  1.48154e-07

iter =   4
x =  0.51741  0.00000 -0.25875  0.44817 -0.25875 -0.44817 -0.00000
f(x) = -1.24143e-04  7.65139e-07  2.27819e-06 -1.99662e-06  1.32646e-06  2.52784e-06 -4.49968e-08

iter =   5
x =  0.51750 -0.00000 -0.25874  0.44815 -0.25874 -0.44815  0.00000
f(x) =  3.72397e-05 -2.50890e-07 -2.23384e-07 -1.27232e-07  2.27828e-07 -1.34677e-07  3.48168e-08

iter =   6
x =  0.51748  0.00000 -0.25874  0.44815 -0.25874 -0.44815 -0.00000
f(x) = -3.55885e-06  2.33803e-08  2.45318e-08  9.65331e-09 -1.41210e-08  1.25835e-08 -2.70876e-09

iter =   7
x =  0.51748  0.00000 -0.25874  0.44815 -0.25874 -0.44815 -0.00000
f(x) = -1.09557e-07  7.12703e-10  6.34192e-10  4.02712e-10 -5.11203e-10  2.54232e-10 -7.66684e-11

iter =   8
x =  0.51748  0.00000 -0.25874  0.44815 -0.25874 -0.44815 -0.00000
f(x) = -1.32718e-09  8.52564e-12  5.64345e-12  4.30570e-12 -7.58478e-12  3.25743e-12 -8.32084e-13

iter =   9
x =  0.51748  0.00000 -0.25874  0.44815 -0.25874 -0.44815 -0.00000
f(x) = -1.81597e-11  1.16993e-13  7.62172e-14  4.41330e-14 -1.10634e-13  6.30068e-14 -1.21708e-14

status = success
iter =   0
x =  0.51748  0.00000 -0.25874  0.44815 -0.25874 -0.44815 -0.00000
f(x) = -2.64550e-02  1.16247e-13  1.32275e-02 -2.29107e-02  1.32275e-02  2.29107e-02 -1.21708e-14

iter =   1
x =  0.51748  0.00000 -0.25874  0.44815 -0.25874 -0.44815 -0.00000
f(x) = -2.64550e-02  1.16247e-13  1.32275e-02 -2.29107e-02  1.32275e-02  2.29107e-02 -1.21708e-14

iter =   2
x =  0.52294 -0.00000 -0.26147  0.45288 -0.26147 -0.45288  0.00000
f(x) = -4.82808e-04  4.11213e-07  2.38840e-04 -4.19581e-04  2.43964e-04  4.16661e-04 -3.12636e-07

iter =   3
x =  0.52283  0.00000 -0.26156  0.45303 -0.26156 -0.45303  0.00000
f(x) = -3.62410e-04  2.09278e-06  4.75103e-06 -1.23865e-05  3.85745e-06  1.28396e-05  1.60006e-07

iter =   4
x =  0.52297  0.00000 -0.26154  0.45299 -0.26154 -0.45299 -0.00000
f(x) = -1.25848e-04  7.93800e-07  2.59697e-06 -2.25698e-06  1.59185e-06  2.83000e-06 -5.12449e-08

iter =   5
x =  0.52307 -0.00000 -0.26152  0.45296 -0.26152 -0.45296  0.00000
f(x) =  3.81457e-05 -2.65026e-07 -2.40212e-07 -1.36050e-07  2.45029e-07 -1.48277e-07  3.88828e-08

iter =   6
x =  0.52304  0.00000 -0.26152  0.45297 -0.26152 -0.45297 -0.00000
f(x) = -3.71193e-06  2.49102e-08  2.69441e-08  1.04817e-08 -1.38614e-08  1.32139e-08 -2.87841e-09

iter =   7
x =  0.52305  0.00000 -0.26152  0.45297 -0.26152 -0.45297 -0.00000
f(x) = -1.51454e-07  1.00806e-09  8.89118e-10  5.68395e-10 -7.21901e-10  3.65124e-10 -1.09002e-10

iter =   8
x =  0.52305  0.00000 -0.26152  0.45297 -0.26152 -0.45297 -0.00000
f(x) = -1.59370e-09  1.05140e-11  6.18117e-12  5.20011e-12 -1.02315e-11  4.29950e-12 -1.06229e-12

iter =   9
x =  0.52305  0.00000 -0.26152  0.45297 -0.26152 -0.45297 -0.00000
f(x) = -1.46301e-11  9.69177e-14  4.57008e-14  2.75247e-14 -1.09539e-13  6.26077e-14 -1.03667e-14

status = success
iter =   0
x =  0.52305  0.00000 -0.26152  0.45297 -0.26152 -0.45297 -0.00000
f(x) = -2.66939e-02  9.62094e-14  1.33470e-02 -2.31176e-02  1.33470e-02  2.31176e-02 -1.03667e-14

iter =   1
x =  0.52305  0.00000 -0.26152  0.45297 -0.26152 -0.45297 -0.00000
f(x) = -2.66939e-02  9.62094e-14  1.33470e-02 -2.31176e-02  1.33470e-02  2.31176e-02 -1.03667e-14

iter =   2
x =  0.52885  0.00000 -0.26443  0.45800 -0.26443 -0.45800 -0.00000
f(x) = -5.28550e-04 -4.46192e-07  2.66992e-04 -4.56168e-04  2.61556e-04  4.59304e-04  3.39108e-07

iter =   3
x =  0.52872 -0.00000 -0.26452  0.45817 -0.26452 -0.45817 -0.00000
f(x) = -3.73454e-04 -2.21904e-06  4.66130e-06 -1.53947e-05  5.57433e-06  1.48619e-05 -1.73499e-07

iter =   4
x =  0.52889 -0.00000 -0.26450  0.45813 -0.26450 -0.45813  0.00000
f(x) = -1.28075e-04 -8.26208e-07  1.93157e-06 -3.19569e-06  2.99635e-06  2.57607e-06  5.83450e-08

iter =   5
x =  0.52900  0.00000 -0.26448  0.45809 -0.26448 -0.45809 -0.00000
f(x) =  3.90709e-05  2.80686e-07  2.64949e-07  1.65403e-07 -2.60368e-07  1.45650e-07 -4.39086e-08

iter =   6
x =  0.52897 -0.00000 -0.26449  0.45810 -0.26449 -0.45810  0.00000
f(x) = -3.95105e-06 -2.70755e-08 -1.34727e-08 -1.39284e-08  3.02774e-08 -1.17732e-08  3.09206e-09

iter =   7
x =  0.52897 -0.00000 -0.26449  0.45810 -0.26449 -0.45810  0.00000
f(x) = -2.12301e-07 -1.44733e-09 -1.03305e-09 -5.27730e-10  1.26570e-09 -8.21367e-10  1.57419e-10

iter =   8
x =  0.52897 -0.00000 -0.26449  0.45810 -0.26449 -0.45810  0.00000
f(x) = -1.55182e-09 -1.05509e-11 -1.25170e-11 -4.90917e-12  4.16488e-12 -4.88453e-12  1.12214e-12

iter =   9
x =  0.52897 -0.00000 -0.26449  0.45810 -0.26449 -0.45810  0.00000
f(x) = -3.00582e-12 -2.06912e-14 -7.96777e-14 -4.45873e-14 -4.16697e-14  2.18040e-14  2.94209e-15

status = success
iter =   0
x =  0.52897 -0.00000 -0.26449  0.45810 -0.26449 -0.45810  0.00000
f(x) = -2.69449e-02 -2.06202e-14  1.34725e-02 -2.33350e-02  1.34725e-02  2.33350e-02  2.94209e-15

iter =   1
x =  0.52897 -0.00000 -0.26449  0.45810 -0.26449 -0.45810  0.00000
f(x) = -2.69449e-02 -2.06202e-14  1.34725e-02 -2.33350e-02  1.34725e-02  2.33350e-02  2.94209e-15

iter =   2
x =  0.53517 -0.00000 -0.26758  0.46347 -0.26758 -0.46347  0.00000
f(x) = -5.82323e-04  4.87690e-07  2.88270e-04 -5.06004e-04  2.94060e-04  5.02620e-04 -3.69697e-07

iter =   3
x =  0.53502  0.00000 -0.26770  0.46367 -0.26770 -0.46367  0.00000
f(x) = -3.85229e-04  2.36083e-06  6.61424e-06 -1.81310e-05  5.68142e-06  1.87579e-05  1.88952e-07

iter =   4
x =  0.53521  0.00000 -0.26767  0.46362 -0.26767 -0.46362 -0.00000
f(x) = -1.31127e-04  8.63894e-07  3.50813e-06 -2.97876e-06  2.37648e-06  3.65087e-06 -6.63345e-08

iter =   5
x =  0.53534 -0.00000 -0.26765  0.46358 -0.26765 -0.46358  0.00000
f(x) =  3.99965e-05 -2.98132e-07 -2.85537e-07 -1.55889e-07  2.88151e-07 -1.87880e-07  5.03139e-08

iter =   6
x =  0.53530  0.00000 -0.26765  0.46359 -0.26765 -0.46359 -0.00000
f(x) = -4.33181e-06  3.02999e-08  3.51074e-08  1.38987e-08 -1.29453e-08  1.47531e-08 -3.38464e-09

iter =   7
x =  0.53531  0.00000 -0.26765  0.46359 -0.26765 -0.46359 -0.00000
f(x) = -3.04150e-07  2.12597e-09  1.84238e-09  1.22573e-09 -1.51011e-09  7.73024e-10 -2.32621e-10

iter =   8
x =  0.53531  0.00000 -0.26765  0.46359 -0.26765 -0.46359 -0.00000
f(x) = -7.29453e-10  5.25303e-12 -4.12540e-12  1.06930e-12 -1.31762e-11  4.31626e-12 -6.88588e-13

iter =   9
x =  0.53531 -0.00000 -0.26765  0.46359 -0.26765 -0.46359  0.00000
f(x) =  2.61187e-11 -1.79437e-13 -2.51757e-13 -1.48459e-13  1.23928e-14 -1.07909e-14  1.67366e-14

status = success
iter =   0
x =  0.53531 -0.00000 -0.26765  0.46359 -0.26765 -0.46359  0.00000
f(x) = -2.72093e-02 -1.78057e-13  1.36046e-02 -2.35639e-02  1.36046e-02  2.35639e-02  1.67366e-14

iter =   1
x =  0.53531 -0.00000 -0.26765  0.46359 -0.26765 -0.46359  0.00000
f(x) = -2.72093e-02 -1.78057e-13  1.36046e-02 -2.35639e-02  1.36046e-02  2.35639e-02  1.67366e-14

iter =   2
x =  0.54196  0.00000 -0.27098  0.46935 -0.27098 -0.46935 -0.00000
f(x) = -6.46353e-04 -5.36147e-07  3.26278e-04 -5.57932e-04  3.20087e-04  5.61603e-04  4.05433e-07

iter =   3
x =  0.54179 -0.00000 -0.27111  0.46959 -0.27111 -0.46959 -0.00000
f(x) = -3.97628e-04 -2.52105e-06  6.99658e-06 -2.33201e-05  7.94918e-06  2.25814e-05 -2.06877e-07

iter =   4
x =  0.54201 -0.00000 -0.27108  0.46953 -0.27108 -0.46953  0.00000
f(x) = -1.35417e-04 -9.08803e-07  2.97483e-06 -4.23756e-06  4.18088e-06  3.50573e-06  7.51469e-08

iter =   5
x =  0.54216  0.00000 -0.27106  0.46948 -0.27106 -0.46948 -0.00000
f(x) =  4.08713e-05  3.17621e-07  3.15047e-07  2.19023e-07 -3.19058e-07  1.66260e-07 -5.88308e-08

iter =   6
x =  0.54212 -0.00000 -0.27106  0.46949 -0.27106 -0.46949  0.00000
f(x) = -4.95195e-06 -3.53478e-08 -1.22862e-08 -1.56888e-08  4.24638e-08 -1.75990e-08  3.82398e-09

iter =   7
x =  0.54212 -0.00000 -0.27106  0.46949 -0.27106 -0.46949  0.00000
f(x) = -4.50889e-07 -3.23438e-09 -2.28448e-09 -1.15925e-09  2.77262e-09 -1.91541e-09  3.55934e-10

iter =   8
x =  0.54212  0.00000 -0.27106  0.46949 -0.27106 -0.46949 -0.00000
f(x) =  1.81498e-09  1.24005e-11 -1.00257e-11 -1.54777e-12 -2.65371e-11  1.17718e-11 -8.94854e-13

iter =   9
x =  0.54212  0.00000 -0.27106  0.46949 -0.27106 -0.46949 -0.00000
f(x) =  9.50393e-11  6.68671e-13  2.41326e-13  1.46793e-13 -7.40815e-13  4.68314e-13 -6.39488e-14

status = success
iter =   0
x =  0.54212  0.00000 -0.27106  0.46949 -0.27106 -0.46949 -0.00000
f(x) = -2.74889e-02  6.63063e-13  1.37444e-02 -2.38060e-02  1.37444e-02  2.38060e-02 -6.39488e-14

iter =   1
x =  0.54212  0.00000 -0.27106  0.46949 -0.27106 -0.46949 -0.00000
f(x) = -2.74889e-02  6.63063e-13  1.37444e-02 -2.38060e-02  1.37444e-02  2.38060e-02 -6.39488e-14

iter =   2
x =  0.54930 -0.00000 -0.27465  0.47571 -0.27465 -0.47571  0.00001
f(x) = -7.23750e-04  5.95204e-07  3.58552e-04 -6.28793e-04  3.65204e-04  6.24788e-04 -4.47582e-07

iter =   3
x =  0.54909  0.00000 -0.27481  0.47601 -0.27481 -0.47601  0.00000
f(x) = -4.10362e-04  2.70418e-06  9.69418e-06 -2.88898e-05  8.71972e-06  2.97634e-05  2.27667e-07

iter =   4
x =  0.54935  0.00000 -0.27477  0.47593 -0.27477 -0.47593 -0.00000
f(x) = -1.41539e-04  9.63802e-07  5.09262e-06 -4.22895e-06  3.80420e-06  5.03034e-06 -8.46875e-08

iter =   5
x =  0.54954 -0.00000 -0.27474  0.47587 -0.27474 -0.47587  0.00000
f(x) =  4.15818e-05 -3.39404e-07 -3.68472e-07 -1.75342e-07  3.44995e-07 -2.65390e-07  7.08450e-08

iter =   6
x =  0.54949  0.00000 -0.27475  0.47588 -0.27475 -0.47588 -0.00000
f(x) = -5.98244e-06  4.35962e-08  5.42435e-08  2.44589e-08 -1.14845e-08  1.65492e-08 -4.54111e-09

iter =   7
x =  0.54950  0.00000 -0.27475  0.47588 -0.27475 -0.47588 -0.00000
f(x) = -7.03020e-07  5.17925e-09  4.37480e-09  3.19600e-09 -3.63981e-09  1.79809e-09 -5.72862e-10

iter =   8
x =  0.54950 -0.00000 -0.27475  0.47588 -0.27475 -0.47588  0.00000
f(x) =  7.89918e-09 -5.63740e-11 -7.96618e-11 -4.78873e-11 -7.16204e-13 -2.39990e-12  4.84887e-12

iter =   9
x =  0.54950 -0.00000 -0.27475  0.47588 -0.27475 -0.47588  0.00000
f(x) =  2.63398e-10 -1.88784e-12 -1.90629e-12 -1.33018e-12  7.74975e-13 -4.56659e-13  1.74499e-13

iter =  10
x =  0.54950  0.00000 -0.27475  0.47588 -0.27475 -0.47588 -0.00000
f(x) = -1.97797e-12  1.65585e-14  2.89811e-14  1.61157e-14 -4.11208e-15 -4.53442e-15 -2.56739e-15

status = success
iter =   0
x =  0.54950  0.00000 -0.27475  0.47588 -0.27475 -0.47588 -0.00000
f(x) = -2.77857e-02  1.62854e-14  1.38929e-02 -2.40632e-02  1.38929e-02  2.40632e-02 -2.56739e-15

iter =   1
x =  0.54950  0.00000 -0.27475  0.47588 -0.27475 -0.47588 -0.00000
f(x) = -2.77857e-02  1.62854e-14  1.38929e-02 -2.40632e-02  1.38929e-02  2.40632e-02 -2.56739e-15

iter =   2
x =  0.55730  0.00000 -0.27865  0.48264 -0.27865 -0.48264 -0.00001
f(x) = -8.18981e-04 -6.68107e-07  4.13080e-04 -7.07049e-04  4.05890e-04  7.11451e-04  4.98114e-07

iter =   3
x =  0.55703 -0.00000 -0.27885  0.48302 -0.27885 -0.48302 -0.00000
f(x) = -4.22452e-04 -2.91615e-06  1.10122e-05 -3.93923e-05  1.20143e-05  3.83543e-05 -2.51911e-07

iter =   4
x =  0.55735 -0.00000 -0.27880  0.48291 -0.27880 -0.48291  0.00000
f(x) = -1.50196e-04 -1.03201e-06  4.99153e-06 -6.16527e-06  6.36922e-06  5.28072e-06  9.47216e-08

iter =   5
x =  0.55760  0.00000 -0.27876  0.48283 -0.27876 -0.48283 -0.00000
f(x) =  4.18587e-05  3.63682e-07  3.72591e-07  3.41876e-07 -4.54013e-07  1.79140e-07 -8.93869e-08

iter =   6
x =  0.55753 -0.00000 -0.27877  0.48285 -0.27877 -0.48285  0.00000
f(x) = -7.76631e-06 -5.78617e-08 -1.05541e-08 -1.62527e-08  7.43361e-08 -3.85375e-08  5.82236e-09

iter =   7
x =  0.55754 -0.00000 -0.27877  0.48285 -0.27877 -0.48285  0.00000
f(x) = -1.18545e-06 -8.97419e-09 -6.30465e-09 -2.92099e-09  7.40884e-09 -5.89340e-09  9.97020e-10

iter =   8
x =  0.55754  0.00000 -0.27877  0.48285 -0.27877 -0.48285 -0.00000
f(x) =  2.13283e-08  1.56220e-10  1.21238e-11 -1.00133e-11 -2.02774e-10  1.53856e-10 -1.33907e-11

iter =   9
x =  0.55754  0.00000 -0.27877  0.48285 -0.27877 -0.48285 -0.00000
f(x) =  7.26552e-10  5.24491e-12  2.00970e-12  1.11796e-12 -4.86508e-12  4.08537e-12 -4.31155e-13

iter =  10
x =  0.55754  0.00000 -0.27877  0.48285 -0.27877 -0.48285  0.00000
f(x) =  7.34546e-12  3.35586e-14  8.37283e-15  7.24472e-14  4.90257e-14 -6.37863e-15  6.30052e-15

status = success
iter =   0
x =  0.55754  0.00000 -0.27877  0.48285 -0.27877 -0.48285  0.00000
f(x) = -2.81026e-02  3.51006e-14  1.40513e-02 -2.43376e-02  1.40513e-02  2.43376e-02  6.30052e-15

iter =   1
x =  0.55754  0.00000 -0.27877  0.48285 -0.27877 -0.48285  0.00000
f(x) = -2.81026e-02  3.51006e-14  1.40513e-02 -2.43376e-02  1.40513e-02  2.43376e-02  6.30052e-15

iter =   2
x =  0.55754  0.00000 -0.27877  0.48285 -0.27877 -0.48285  0.00000
f(x) = -2.81026e-02  3.51006e-14  1.40513e-02 -2.43376e-02  1.40513e-02  2.43376e-02  6.30052e-15

iter =   3
x =  0.55754  0.00000 -0.27877  0.48285 -0.27877 -0.48285  0.00000
f(x) = -2.81026e-02  3.51006e-14  1.40513e-02 -2.43376e-02  1.40513e-02  2.43376e-02  6.30052e-15

iter =   4
x =  0.55754  0.00000 -0.27877  0.48285 -0.27877 -0.48285  0.00000
f(x) = -2.81026e-02  3.51006e-14  1.40513e-02 -2.43376e-02  1.40513e-02  2.43376e-02  6.30052e-15

iter =   5
x =  0.55754  0.00000 -0.27877  0.48285 -0.27877 -0.48285  0.00000
f(x) = -2.81026e-02  3.51006e-14  1.40513e-02 -2.43376e-02  1.40513e-02  2.43376e-02  6.30052e-15

iter =   6
x =  0.55754  0.00000 -0.27877  0.48285 -0.27877 -0.48285  0.00000
f(x) = -2.81026e-02  3.51006e-14  1.40513e-02 -2.43376e-02  1.40513e-02  2.43376e-02  6.30052e-15

iter =   7
x =  0.55754  0.00000 -0.27877  0.48285 -0.27877 -0.48285  0.00000
f(x) = -2.81026e-02  3.51006e-14  1.40513e-02 -2.43376e-02  1.40513e-02  2.43376e-02  6.30052e-15

iter =   8
x =  0.55754  0.00000 -0.27877  0.48285 -0.27877 -0.48285  0.00000
f(x) = -2.81026e-02  3.51006e-14  1.40513e-02 -2.43376e-02  1.40513e-02  2.43376e-02  6.30052e-15

iter =   9
x =  0.55754  0.00000 -0.27877  0.48285 -0.27877 -0.48285  0.00000
f(x) = -2.81026e-02  3.51006e-14  1.40513e-02 -2.43376e-02  1.40513e-02  2.43376e-02  6.30052e-15

iter =  10
x =  0.55754  0.00000 -0.27877  0.48285 -0.27877 -0.48285  0.00000
f(x) = -2.81026e-02  3.51006e-14  1.40513e-02 -2.43376e-02  1.40513e-02  2.43376e-02  6.30052e-15

status = iteration is not making progress towards solution
iter =   0
x =  0.55754  0.00000 -0.27877  0.48285 -0.27877 -0.48285  0.00000
f(x) = -5.60240e-02  3.66456e-14  2.80120e-02 -4.85182e-02  2.80120e-02  4.85182e-02  6.30052e-15

iter =   1
x =  0.55754  0.00000 -0.27877  0.48285 -0.27877 -0.48285  0.00000
f(x) = -5.60240e-02  3.66456e-14  2.80120e-02 -4.85182e-02  2.80120e-02  4.85182e-02  6.30052e-15

iter =   2
x =  0.57490  0.00001 -0.28745  0.49788 -0.28745 -0.49788 -0.00002
f(x) = -3.80122e-03 -3.53168e-06  1.91646e-03 -3.28194e-03  1.88480e-03  3.30202e-03  2.29022e-06

iter =   3
x =  0.57294 -0.00000 -0.28858  0.50020 -0.28858 -0.50020 -0.00000
f(x) = -1.56905e-03 -1.28368e-05  1.20602e-04 -5.22061e-04  1.24774e-04  5.16877e-04 -1.16118e-06

iter =   4
x =  0.57460 -0.00000 -0.28837  0.49973 -0.28837 -0.49973  0.00000
f(x) = -6.12181e-04 -3.50425e-06  5.73647e-05 -6.44156e-05  6.35622e-05  6.00683e-05  6.20532e-07

iter =   5
x =  0.57654  0.00000 -0.28809  0.49896 -0.28810 -0.49895 -0.00001
f(x) =  9.87243e-05  1.29828e-06 -2.11503e-06  1.48704e-05 -1.04833e-05 -9.36135e-06 -1.24784e-06

iter =   6
x =  0.57654  0.00000 -0.28809  0.49896 -0.28810 -0.49895 -0.00001
f(x) =  9.87243e-05  1.29828e-06 -2.11503e-06  1.48704e-05 -1.04833e-05 -9.36135e-06 -1.24784e-06

iter =   7
x =  0.57609 -0.00000 -0.28816  0.49913 -0.28816 -0.49913  0.00000
f(x) = -5.51238e-05 -3.85300e-07 -4.01572e-07  1.73375e-07  2.57466e-07 -6.45118e-07  4.97406e-08

iter =   8
x =  0.57617 -0.00000 -0.28815  0.49910 -0.28815 -0.49910  0.00000
f(x) = -3.06325e-05 -2.14139e-07 -2.48491e-07  2.77515e-08  1.19412e-07 -2.90635e-07  2.79381e-08

iter =   9
x =  0.57627  0.00000 -0.28813  0.49906 -0.28813 -0.49906 -0.00000
f(x) =  7.00242e-08  6.80605e-10 -4.69987e-09 -4.83223e-08 -5.54164e-09  4.94906e-08 -4.42649e-11

iter =  10
x =  0.57627 -0.00000 -0.28813  0.49906 -0.28813 -0.49906  0.00000
f(x) =  1.06596e-08  5.13170e-11  1.46340e-10 -2.22315e-09  2.71827e-10  2.41527e-09  1.31435e-11

iter =  11
x =  0.57627 -0.00000 -0.28813  0.49906 -0.28813 -0.49906  0.00000
f(x) =  5.48146e-09  1.83017e-11 -8.78272e-12  1.09699e-10  4.09048e-11 -1.96742e-11  3.60986e-12

iter =  12
x =  0.57627 -0.00000 -0.28813  0.49906 -0.28813 -0.49906  0.00000
f(x) = -2.49343e-10 -3.96255e-12 -2.90187e-11  8.53888e-11 -1.70403e-11 -8.94740e-11  1.15356e-12

iter =  13
x =  0.57627 -0.00000 -0.28813  0.49906 -0.28813 -0.49906  0.00000
f(x) = -2.49343e-10 -3.96255e-12 -2.90187e-11  8.53888e-11 -1.70403e-11 -8.94740e-11  1.15356e-12

iter =  14
x =  0.57627 -0.00000 -0.28813  0.49906 -0.28813 -0.49906  0.00000
f(x) =  2.08856e-10  7.37990e-13 -1.56050e-12  2.91012e-12  1.23982e-13  8.99279e-14  1.49894e-13

iter =  15
x =  0.57627 -0.00000 -0.28813  0.49906 -0.28813 -0.49906  0.00000
f(x) =  1.05105e-10  3.76333e-13 -7.96710e-13  1.50345e-12  1.84436e-14 -1.06692e-14  7.32053e-14

iter =  16
x =  0.57627  0.00000 -0.28813  0.49906 -0.28813 -0.49906 -0.00000
f(x) = -2.30505e-12 -6.26957e-15  1.31212e-14 -1.75066e-14 -1.81173e-14 -2.23916e-14 -2.47025e-15

status = success
iter =   0
x =  0.57627  0.00000 -0.28813  0.49906 -0.28813 -0.49906 -0.00000
f(x) = -2.88117e-02 -9.75071e-15  1.44059e-02 -2.49517e-02  1.44059e-02  2.49517e-02 -2.47025e-15

iter =   1
x =  0.57627  0.00000 -0.28813  0.49906 -0.28813 -0.49906 -0.00000
f(x) = -2.88117e-02 -9.75071e-15  1.44059e-02 -2.49517e-02  1.44059e-02  2.49517e-02 -2.47025e-15

iter =   2
x =  0.58691 -0.00000 -0.29345  0.50828 -0.29345 -0.50828  0.00001
f(x) = -1.30019e-03  1.03352e-06  6.45321e-04 -1.12913e-03  6.54904e-04  1.12290e-03 -7.38427e-07

iter =   3
x =  0.58524  0.00000 -0.29405  0.50967 -0.29404 -0.50967  0.00000
f(x) = -3.32215e-04  3.83970e-06  2.18581e-05 -1.70392e-04  2.03385e-05  1.72170e-04  3.35471e-07

iter =   4
x =  0.58603  0.00000 -0.29394  0.50939 -0.29394 -0.50939 -0.00000
f(x) = -1.19446e-04  8.76645e-07  1.25136e-05 -1.21455e-05  1.08619e-05  1.33781e-05 -1.99112e-07

iter =   5
x =  0.58741 -0.00000 -0.29372  0.50875 -0.29372 -0.50875  0.00000
f(x) =  3.60911e-06 -4.63292e-07 -5.41404e-06  3.12566e-06 -2.04462e-06 -5.41765e-06  5.91338e-07

iter =   6
x =  0.58741 -0.00000 -0.29372  0.50875 -0.29372 -0.50875  0.00000
f(x) =  3.60911e-06 -4.63292e-07 -5.41404e-06  3.12566e-06 -2.04462e-06 -5.41765e-06  5.91338e-07

iter =   7
x =  0.58741 -0.00000 -0.29372  0.50875 -0.29372 -0.50875  0.00000
f(x) =  3.60911e-06 -4.63292e-07 -5.41404e-06  3.12566e-06 -2.04462e-06 -5.41765e-06  5.91338e-07

iter =   8
x =  0.58743 -0.00000 -0.29372  0.50873 -0.29372 -0.50873  0.00000
f(x) = -1.42825e-08 -1.13549e-08 -4.25408e-09 -7.44009e-09  1.70213e-08  9.16871e-09 -1.62392e-10

iter =   9
x =  0.58743 -0.00000 -0.29372  0.50873 -0.29372 -0.50873  0.00000
f(x) = -1.66585e-09 -1.45503e-09 -5.30327e-10 -7.33848e-10  2.19147e-09  9.32267e-10 -2.08015e-11

iter =  10
x =  0.58743  0.00000 -0.29372  0.50873 -0.29372 -0.50873 -0.00000
f(x) =  2.03793e-12  1.82548e-12  6.65518e-13  8.34363e-13 -2.75462e-12 -1.08344e-12  2.61735e-14

status = success
iter =   0
x =  0.58743  0.00000 -0.29372  0.50873 -0.29372 -0.50873 -0.00000
f(x) = -2.92151e-02  9.73230e-13  1.46075e-02 -2.53010e-02  1.46075e-02  2.53010e-02  2.61735e-14

iter =   1
x =  0.58743  0.00000 -0.29372  0.50873 -0.29372 -0.50873 -0.00000
f(x) = -2.92151e-02  9.73230e-13  1.46075e-02 -2.53010e-02  1.46075e-02  2.53010e-02  2.61735e-14

iter =   2
x =  0.59960  0.00000 -0.29980  0.51928 -0.29980 -0.51928 -0.00001
f(x) = -1.58919e-03 -1.25759e-06  8.00479e-04 -1.37385e-03  7.89603e-04  1.38111e-03  8.76282e-07

iter =   3
x =  0.59960  0.00000 -0.29980  0.51928 -0.29980 -0.51928 -0.00001
f(x) = -1.58919e-03 -1.25759e-06  8.00479e-04 -1.37385e-03  7.89603e-04  1.38111e-03  8.76282e-07

iter =   4
x =  0.60169  0.00000 -0.29992  0.51918 -0.29994 -0.51921  0.00000
f(x) = -3.12210e-04 -3.52844e-06  4.77503e-05 -5.43248e-06  5.53123e-05  6.29905e-06  4.66143e-07

iter =   5
x =  0.60009  0.00001 -0.30017  0.51996 -0.30022 -0.52003  0.00000
f(x) = -5.50968e-05 -2.18681e-06  2.84969e-05 -9.13066e-05  4.15938e-05  9.53055e-05  1.28488e-06

iter =   6
x =  0.60009  0.00001 -0.30017  0.51996 -0.30022 -0.52003  0.00000
f(x) = -5.50968e-05 -2.18681e-06  2.84969e-05 -9.13066e-05  4.15938e-05  9.53055e-05  1.28488e-06

iter =   7
x =  0.60009  0.00001 -0.30017  0.51996 -0.30022 -0.52003  0.00000
f(x) = -5.50968e-05 -2.18681e-06  2.84969e-05 -9.13066e-05  4.15938e-05  9.53055e-05  1.28488e-06

iter =   8
x =  0.60035  0.00000 -0.30018  0.51992 -0.30018 -0.51992 -0.00000
f(x) = -2.41817e-07  3.73730e-08  2.04655e-08 -8.53245e-08 -1.80513e-08  1.07981e-07  4.83003e-10

iter =   9
x =  0.60035 -0.00000 -0.30018  0.51992 -0.30018 -0.51992  0.00000
f(x) =  3.46742e-10 -1.72416e-11  1.49306e-10  4.46940e-10  1.15541e-10 -5.44835e-10  2.32356e-12

iter =  10
x =  0.60035 -0.00000 -0.30018  0.51992 -0.30018 -0.51992 -0.00000
f(x) =  4.69402e-13 -3.36976e-13 -4.27374e-13 -3.28672e-13 -9.84276e-14  2.77065e-13 -5.42622e-15

status = success
iter =   0
x =  0.60035 -0.00000 -0.30018  0.51992 -0.30018 -0.51992 -0.00000
f(x) = -2.96628e-02 -3.57918e-13  1.48314e-02 -2.56887e-02  1.48314e-02  2.56887e-02 -5.42622e-15

iter =   1
x =  0.60035 -0.00000 -0.30018  0.51992 -0.30018 -0.51992 -0.00000
f(x) = -2.96628e-02 -3.57918e-13  1.48314e-02 -2.56887e-02  1.48314e-02  2.56887e-02 -5.42622e-15

iter =   2
x =  0.61465 -0.00000 -0.30732  0.53230 -0.30732 -0.53230  0.00001
f(x) = -2.02349e-03  1.60719e-06  1.00531e-03 -1.75663e-03  1.01805e-03  1.74788e-03 -1.07984e-06

iter =   3
x =  0.61792  0.00000 -0.30745  0.53189 -0.30746 -0.53190  0.00000
f(x) = -1.22924e-03  4.95298e-06  8.86992e-05  2.73784e-05  9.00231e-05 -2.38015e-05  7.11591e-07

iter =   4
x =  0.61613  0.00000 -0.30778  0.53295 -0.30778 -0.53295 -0.00000
f(x) = -3.62431e-04  3.11380e-06  4.81607e-05 -1.08394e-04  4.50377e-05  1.10302e-04 -7.20235e-08

iter =   5
x =  0.61560 -0.00000 -0.30792  0.53338 -0.30792 -0.53339 -0.00000
f(x) =  8.13595e-05 -8.22365e-07  1.43774e-06 -1.60389e-05  2.44138e-06  1.65784e-05 -5.16996e-08

iter =   6
x =  0.61570 -0.00000 -0.30791  0.53333 -0.30790 -0.53333 -0.00000
f(x) =  4.33967e-05 -1.04688e-07  1.07079e-06 -2.09019e-06  7.80090e-08  1.45306e-06 -1.20774e-07

iter =   7
x =  0.61570 -0.00000 -0.30791  0.53333 -0.30790 -0.53333 -0.00000
f(x) =  4.33967e-05 -1.04688e-07  1.07079e-06 -2.09019e-06  7.80090e-08  1.45306e-06 -1.20774e-07

iter =   8
x =  0.61577 -0.00000 -0.30789  0.53329 -0.30789 -0.53329 -0.00000
f(x) =  7.71767e-06  2.06796e-08  2.22449e-07 -2.78776e-07 -1.88601e-07  1.01234e-07 -4.45182e-08

iter =   9
x =  0.61579  0.00000 -0.30789  0.53328 -0.30789 -0.53328  0.00000
f(x) = -3.44074e-06 -1.88599e-08 -1.21213e-07  5.26260e-08  1.05157e-07  3.14851e-08  2.42257e-08

iter =  10
x =  0.61578 -0.00000 -0.30789  0.53328 -0.30789 -0.53328 -0.00000
f(x) =  1.65009e-07  2.32419e-09  9.76140e-09 -6.37717e-09 -8.86433e-09 -1.66154e-11 -1.88244e-09

iter =  11
x =  0.61578  0.00000 -0.30789  0.53328 -0.30789 -0.53328  0.00000
f(x) = -5.76889e-08 -2.30463e-10 -1.62524e-09  5.17039e-10  1.68647e-09  8.61253e-10  3.51011e-10

iter =  12
x =  0.61578  0.00000 -0.30789  0.53328 -0.30789 -0.53328  0.00000
f(x) = -1.33293e-08 -8.18116e-11 -4.48128e-10  1.19721e-10  4.75300e-10  2.32830e-10  9.70632e-11

iter =  13
x =  0.61578 -0.00000 -0.30789  0.53328 -0.30789 -0.53328 -0.00000
f(x) =  1.42056e-09  1.20061e-11  5.85787e-11 -2.10142e-11 -5.83832e-11 -2.00525e-11 -1.22674e-11

iter =  14
x =  0.61578  0.00000 -0.30789  0.53328 -0.30789 -0.53328  0.00000
f(x) = -9.15645e-11 -9.80284e-13 -4.21010e-12  9.85505e-13  4.46912e-12  1.90610e-12  9.05775e-13

iter =  15
x =  0.61578 -0.00000 -0.30789  0.53328 -0.30789 -0.53328 -0.00000
f(x) =  6.40887e-12  5.16747e-14  2.64916e-13 -1.18106e-13 -2.50816e-13 -6.37051e-14 -5.42066e-14

status = success
iter =   0
x =  0.61578 -0.00000 -0.30789  0.53328 -0.30789 -0.53328 -0.00000
f(x) = -3.01703e-02  7.75782e-14  1.50851e-02 -2.61282e-02  1.50851e-02  2.61282e-02 -5.42066e-14

iter =   1
x =  0.61578 -0.00000 -0.30789  0.53328 -0.30789 -0.53328 -0.00000
f(x) = -3.01703e-02  7.75782e-14  1.50851e-02 -2.61282e-02  1.50851e-02  2.61282e-02 -5.42066e-14

iter =   2
x =  0.63325 -0.00000 -0.31663  0.54841 -0.31663 -0.54841  0.00001
f(x) = -2.73788e-03  2.22675e-06  1.36100e-03 -2.37665e-03  1.37682e-03  2.36538e-03 -1.42553e-06

iter =   3
x =  0.63618  0.00000 -0.31725  0.54904 -0.31725 -0.54904  0.00000
f(x) = -1.36267e-03  6.07016e-06  1.50909e-04 -1.13608e-04  1.52244e-04  1.18485e-04  8.63069e-07

iter =   4
x =  0.63444 -0.00000 -0.31772  0.55050 -0.31771 -0.55049 -0.00000
f(x) =  4.29897e-04  6.60880e-07  1.50597e-05 -2.35989e-04  6.48645e-06  2.36055e-04 -1.17543e-06

iter =   5
x =  0.63505 -0.00000 -0.31764  0.55024 -0.31764 -0.55024 -0.00000
f(x) =  1.66599e-04 -1.35419e-06 -1.05600e-06 -3.68522e-06  1.04281e-07  3.48132e-06 -7.38128e-08

iter =   6
x =  0.63533  0.00000 -0.31758  0.55000 -0.31757 -0.55000 -0.00000
f(x) = -1.26525e-04  1.24495e-06  2.10709e-06  4.82990e-06  1.59888e-07 -5.27941e-06 -1.65940e-08

iter =   7
x =  0.63521  0.00000 -0.31760  0.55010 -0.31760 -0.55010  0.00000
f(x) = -6.04741e-06 -4.71729e-08 -1.90136e-07  2.87244e-07  2.71560e-07 -9.14285e-08  4.70575e-08

iter =   8
x =  0.63520 -0.00000 -0.31760  0.55011 -0.31760 -0.55011 -0.00000
f(x) =  3.07757e-06  5.78961e-08  2.05055e-07 -8.87465e-08 -2.13077e-07 -6.04208e-08 -4.19606e-08

iter =   9
x =  0.63521  0.00000 -0.31760  0.55011 -0.31760 -0.55011  0.00000
f(x) = -1.49499e-07 -1.14856e-08 -3.29417e-08  1.24636e-08  3.47565e-08  6.94329e-09  6.76340e-09

iter =  10
x =  0.63521 -0.00000 -0.31760  0.55011 -0.31760 -0.55011 -0.00000
f(x) =  3.41469e-08  4.20758e-09  1.20583e-08 -3.21019e-09 -1.19843e-08 -3.47321e-09 -2.39359e-09

iter =  11
x =  0.63521  0.00000 -0.31760  0.55011 -0.31760 -0.55011  0.00000
f(x) = -4.55197e-09 -4.37537e-10 -1.25396e-09  3.93838e-10  1.28095e-09  3.25767e-10  2.52332e-10

iter =  12
x =  0.63521  0.00000 -0.31760  0.55011 -0.31760 -0.55011  0.00000
f(x) = -2.68637e-10 -3.46963e-11 -9.80917e-11  2.96201e-11  9.98264e-11  2.53695e-11  1.96933e-11

iter =  13
x =  0.63521 -0.00000 -0.31760  0.55011 -0.31760 -0.55011 -0.00000
f(x) =  2.71840e-11  3.16261e-12  9.06176e-12 -2.51094e-12 -9.06232e-12 -2.55291e-12 -1.80400e-12

status = success
iter =   0
x =  0.63521 -0.00000 -0.31760  0.55011 -0.31760 -0.55011 -0.00000
f(x) = -3.07658e-02  3.69796e-12  1.53829e-02 -2.66440e-02  1.53829e-02  2.66440e-02 -1.80400e-12

iter =   1
x =  0.63521 -0.00000 -0.31760  0.55011 -0.31760 -0.55011 -0.00000
f(x) = -3.07658e-02  3.69796e-12  1.53829e-02 -2.66440e-02  1.53829e-02  2.66440e-02 -1.80400e-12

iter =   2
x =  0.65812  0.00001 -0.32906  0.56995 -0.32906 -0.56995 -0.00002
f(x) = -4.12928e-03 -3.64493e-06  2.07571e-03 -3.56776e-03  2.05355e-03  3.58432e-03  2.16229e-06

iter =   3
x =  0.66254 -0.00001 -0.33056  0.57204 -0.33056 -0.57203 -0.00000
f(x) = -2.12297e-03 -8.24673e-06  3.50634e-04 -4.11581e-04  3.47711e-04  4.03481e-04 -1.30302e-06

iter =   4
x =  0.66125  0.00000 -0.33156  0.57477 -0.33157 -0.57479  0.00001
f(x) =  1.61335e-03  2.34890e-06 -8.33454e-05 -4.01526e-04 -6.29503e-05  4.06135e-04  3.26343e-06

iter =   5
x =  0.66240  0.00000 -0.33124  0.57380 -0.33124 -0.57380 -0.00000
f(x) =  1.62255e-04  2.13390e-06  9.20252e-06  2.48054e-05  5.65469e-06 -2.43603e-05 -1.41941e-07

iter =   6
x =  0.66246 -0.00000 -0.33119  0.57361 -0.33119 -0.57361  0.00000
f(x) = -8.97056e-05 -1.00324e-06 -2.98123e-07  7.76595e-07  1.59950e-06 -4.28349e-07  5.62684e-08

iter =   7
x =  0.66243 -0.00000 -0.33121  0.57367 -0.33121 -0.57367 -0.00000
f(x) = -8.49004e-06 -7.62026e-09  2.62702e-07  2.62459e-07 -2.80195e-09 -3.98425e-07 -3.41448e-08

iter =   8
x =  0.66243  0.00000 -0.33121  0.57368 -0.33121 -0.57368  0.00000
f(x) = -5.75584e-07 -5.09070e-08 -1.20939e-07  4.39746e-08  1.27410e-07  3.37153e-08  2.29626e-08

iter =   9
x =  0.66243  0.00000 -0.33121  0.57368 -0.33121 -0.57368  0.00000
f(x) = -5.75584e-07 -5.09070e-08 -1.20939e-07  4.39746e-08  1.27410e-07  3.37153e-08  2.29626e-08

iter =  10
x =  0.66243 -0.00000 -0.33121  0.57368 -0.33121 -0.57368 -0.00000
f(x) =  5.66035e-08  4.27688e-09  1.04294e-08 -3.10664e-09 -1.03315e-08 -3.35326e-09 -1.91888e-09

iter =  11
x =  0.66243 -0.00000 -0.33121  0.57368 -0.33121 -0.57368 -0.00000
f(x) =  3.89753e-09  1.58237e-10  3.72058e-10 -7.40014e-11 -3.41709e-10 -1.38602e-10 -6.43003e-11

iter =  12
x =  0.66243 -0.00000 -0.33121  0.57368 -0.33121 -0.57368 -0.00000
f(x) =  8.92436e-10  4.22338e-11  9.84026e-11 -2.62042e-11 -9.74183e-11 -2.91341e-11 -1.81638e-11

iter =  13
x =  0.66243 -0.00000 -0.33121  0.57368 -0.33121 -0.57368  0.00000
f(x) = -1.44318e-10 -2.14969e-12 -3.78628e-12 -2.03266e-13  3.38416e-12  7.76173e-13  6.57030e-13

iter =  14
x =  0.66243  0.00000 -0.33121  0.57368 -0.33121 -0.57368  0.00000
f(x) = -2.44207e-11 -1.60479e-12 -3.85654e-12  1.14425e-12  3.85376e-12  1.17334e-12  7.16094e-13

status = success
iter =   0
x =  0.66243  0.00000 -0.33121  0.57368 -0.33121 -0.57368  0.00000
f(x) = -3.15158e-02 -1.76828e-12  1.57579e-02 -2.72935e-02  1.57579e-02  2.72935e-02  7.16094e-13

iter =   1
x =  0.66243  0.00000 -0.33121  0.57368 -0.33121 -0.57368  0.00000
f(x) = -3.15158e-02 -1.76828e-12  1.57579e-02 -2.72935e-02  1.57579e-02  2.72935e-02  7.16094e-13

iter =   2
x =  0.69773  0.00001 -0.34886  0.60425 -0.34886 -0.60425 -0.00003
f(x) = -7.99877e-03 -9.07192e-06  4.02071e-03 -6.91008e-03  3.97809e-03  6.94426e-03  4.66002e-06

iter =   3
x =  0.71020 -0.00001 -0.35412  0.61231 -0.35411 -0.61230 -0.00001
f(x) = -6.20345e-03 -1.44935e-05  1.55400e-03 -2.09877e-03  1.54221e-03  2.07763e-03 -2.98995e-06

iter =   4
x =  0.71020 -0.00001 -0.35412  0.61231 -0.35411 -0.61230 -0.00001
f(x) = -6.20345e-03 -1.44935e-05  1.55400e-03 -2.09877e-03  1.54221e-03  2.07763e-03 -2.98995e-06

iter =   5
x =  0.72244  0.00000 -0.36035  0.62414 -0.36035 -0.62411 -0.00001
f(x) = -1.48225e-03  1.11543e-05  3.58873e-04  7.69229e-04  3.08016e-04 -7.79013e-04 -4.50070e-06

iter =   6
x =  0.72153 -0.00000 -0.36079  0.62480 -0.36079 -0.62481  0.00000
f(x) = -1.71874e-04 -5.34031e-06 -1.82098e-05 -8.65803e-05 -2.41693e-06  9.30649e-05  5.25845e-07

iter =   7
x =  0.72211  0.00000 -0.36111  0.62553 -0.36110 -0.62552 -0.00000
f(x) =  1.96245e-04  5.00595e-06  1.62418e-05 -3.62628e-05 -2.06318e-07  2.69549e-05 -5.80034e-07

iter =   8
x =  0.72199  0.00000 -0.36098  0.62524 -0.36098 -0.62524  0.00000
f(x) = -2.60778e-05 -8.38065e-07  2.63456e-06  6.50675e-06  6.37663e-06 -4.26595e-06  2.23594e-07

iter =   9
x =  0.72200 -0.00000 -0.36100  0.62527 -0.36100 -0.62527 -0.00000
f(x) = -4.24780e-06  1.85057e-07  1.42197e-06  1.06117e-06  4.06817e-07 -1.48654e-06 -8.76492e-08

iter =  10
x =  0.72200  0.00000 -0.36100  0.62527 -0.36100 -0.62527  0.00000
f(x) = -3.44348e-06 -1.11507e-07 -1.69977e-07  2.53545e-07  3.38207e-07 -3.17784e-08  3.69658e-08

iter =  11
x =  0.72200  0.00000 -0.36100  0.62527 -0.36100 -0.62527  0.00000
f(x) = -1.24670e-06 -8.29482e-08 -1.96295e-07  9.88906e-08  1.95696e-07  8.93137e-08  2.83295e-08

iter =  12
x =  0.72200 -0.00000 -0.36100  0.62527 -0.36100 -0.62527 -0.00000
f(x) = -7.61661e-08  1.68644e-08  4.71285e-08 -1.32123e-08 -3.52008e-08 -3.20551e-08 -5.72711e-09

iter =  13
x =  0.72200  0.00000 -0.36100  0.62527 -0.36100 -0.62527  0.00000
f(x) =  1.05557e-08 -7.21893e-09 -1.96987e-08  5.89379e-09  1.52884e-08  1.31464e-08  2.43132e-09

iter =  14
x =  0.72200 -0.00000 -0.36100  0.62527 -0.36100 -0.62527 -0.00000
f(x) = -4.21860e-09  9.11533e-10  2.53049e-09 -7.32579e-10 -1.91721e-09 -1.72068e-09 -3.08705e-10

iter =  15
x =  0.72200 -0.00000 -0.36100  0.62527 -0.36100 -0.62527 -0.00000
f(x) = -9.71095e-10  2.21498e-10  6.13798e-10 -1.78632e-10 -4.66445e-10 -4.16537e-10 -7.49908e-11

iter =  16
x =  0.72200  0.00000 -0.36100  0.62527 -0.36100 -0.62527  0.00000
f(x) =  1.04419e-11 -3.10312e-12 -8.57920e-12  2.48185e-12  6.52573e-12  5.80242e-12  1.04922e-12

status = success
iter =   0
x =  0.72200  0.00000 -0.36100  0.62527 -0.36100 -0.62527  0.00000
f(x) = -3.27952e-02 -3.39135e-12  1.63976e-02 -2.84014e-02  1.63976e-02  2.84014e-02  1.04922e-12

iter =   1
x =  0.72200  0.00000 -0.36100  0.62527 -0.36100 -0.62527  0.00000
f(x) = -3.27952e-02 -3.39135e-12  1.63976e-02 -2.84014e-02  1.63976e-02  2.84014e-02  1.04922e-12

iter =   2
x =  0.72200  0.00000 -0.36100  0.62527 -0.36100 -0.62527  0.00000
f(x) = -3.27952e-02 -3.39135e-12  1.63976e-02 -2.84014e-02  1.63976e-02  2.84014e-02  1.04922e-12

iter =   3
x =  0.72200  0.00000 -0.36100  0.62527 -0.36100 -0.62527  0.00000
f(x) = -3.27952e-02 -3.39135e-12  1.63976e-02 -2.84014e-02  1.63976e-02  2.84014e-02  1.04922e-12

iter =   4
x =  0.72200  0.00000 -0.36100  0.62527 -0.36100 -0.62527  0.00000
f(x) = -3.27952e-02 -3.39135e-12  1.63976e-02 -2.84014e-02  1.63976e-02  2.84014e-02  1.04922e-12

iter =   5
x =  0.72200  0.00000 -0.36100  0.62527 -0.36100 -0.62527  0.00000
f(x) = -3.27952e-02 -3.39135e-12  1.63976e-02 -2.84014e-02  1.63976e-02  2.84014e-02  1.04922e-12

iter =   6
x =  0.72200  0.00000 -0.36100  0.62527 -0.36100 -0.62527  0.00000
f(x) = -3.27952e-02 -3.39135e-12  1.63976e-02 -2.84014e-02  1.63976e-02  2.84014e-02  1.04922e-12

iter =   7
x =  0.72200  0.00000 -0.36100  0.62527 -0.36100 -0.62527  0.00000
f(x) = -3.27952e-02 -3.39135e-12  1.63976e-02 -2.84014e-02  1.63976e-02  2.84014e-02  1.04922e-12

iter =   8
x =  0.72200  0.00000 -0.36100  0.62527 -0.36100 -0.62527  0.00000
f(x) = -3.27952e-02 -3.39135e-12  1.63976e-02 -2.84014e-02  1.63976e-02  2.84014e-02  1.04922e-12

iter =   9
x =  0.72200  0.00000 -0.36100  0.62527 -0.36100 -0.62527  0.00000
f(x) = -3.27952e-02 -3.39135e-12  1.63976e-02 -2.84014e-02  1.63976e-02  2.84014e-02  1.04922e-12

iter =  10
x =  0.72200  0.00000 -0.36100  0.62527 -0.36100 -0.62527  0.00000
f(x) = -3.27952e-02 -3.39135e-12  1.63976e-02 -2.84014e-02  1.63976e-02  2.84014e-02  1.04922e-12

status = iteration is not making progress towards solution
