iter =   0
x =  0.41634  0.00000 -0.20817  0.36056 -0.20817 -0.36056  0.00000
f(x) =  4.44089e-16  0.00000e+00 -2.22045e-16  4.44089e-16 -2.22045e-16 -4.44089e-16  0.00000e+00

iter =   1
x =  0.41634 -0.00000 -0.20817  0.36056 -0.20817 -0.36056 -0.00000
f(x) = -2.22045e-16 -1.63188e-24  1.11022e-16  6.11955e-25  1.11022e-16  6.11955e-25  0.00000e+00

status = success
iter =   0
x =  0.41634 -0.00000 -0.20817  0.36056 -0.20817 -0.36056 -0.00000
f(x) =  2.16789e-02 -1.63472e-24 -1.08394e-02  1.87745e-02 -1.08394e-02 -1.87745e-02  0.00000e+00

iter =   1
x =  0.41634 -0.00000 -0.20817  0.36056 -0.20817 -0.36056 -0.00000
f(x) =  2.16789e-02 -1.63472e-24 -1.08394e-02  1.87745e-02 -1.08394e-02 -1.87745e-02  0.00000e+00

iter =   2
x =  0.41634 -0.00000 -0.20817  0.36056 -0.20817 -0.36056 -0.00000
f(x) =  2.16789e-02 -1.63472e-24 -1.08394e-02  1.87745e-02 -1.08394e-02 -1.87745e-02  0.00000e+00

iter =   3
x =  0.41634 -0.00000 -0.20817  0.36056 -0.20817 -0.36056 -0.00000
f(x) =  2.16789e-02 -1.63472e-24 -1.08394e-02  1.87745e-02 -1.08394e-02 -1.87745e-02  0.00000e+00

iter =   4
x =  0.41634 -0.00000 -0.20817  0.36056 -0.20817 -0.36056 -0.00000
f(x) =  2.16789e-02 -1.63472e-24 -1.08394e-02  1.87745e-02 -1.08394e-02 -1.87745e-02  0.00000e+00

iter =   5
x =  0.41634 -0.00000 -0.20817  0.36056 -0.20817 -0.36056 -0.00000
f(x) =  2.16789e-02 -1.63472e-24 -1.08394e-02  1.87745e-02 -1.08394e-02 -1.87745e-02  0.00000e+00

iter =   6
x =  0.41634 -0.00000 -0.20817  0.36056 -0.20817 -0.36056 -0.00000
f(x) =  2.16789e-02 -1.63472e-24 -1.08394e-02  1.87745e-02 -1.08394e-02 -1.87745e-02  0.00000e+00

iter =   7
x =  0.41634 -0.00000 -0.20817  0.36056 -0.20817 -0.36056 -0.00000
f(x) =  2.16789e-02 -1.63472e-24 -1.08394e-02  1.87745e-02 -1.08394e-02 -1.87745e-02  0.00000e+00

iter =   8
x =  0.41634 -0.00000 -0.20817  0.36056 -0.20817 -0.36056 -0.00000
f(x) =  2.16789e-02 -1.63472e-24 -1.08394e-02  1.87745e-02 -1.08394e-02 -1.87745e-02  0.00000e+00

iter =   9
x =  0.41634 -0.00000 -0.20817  0.36056 -0.20817 -0.36056 -0.00000
f(x) =  2.16789e-02 -1.63472e-24 -1.08394e-02  1.87745e-02 -1.08394e-02 -1.87745e-02  0.00000e+00

iter =  10
x =  0.41634 -0.00000 -0.20817  0.36056 -0.20817 -0.36056 -0.00000
f(x) =  2.16789e-02 -1.63472e-24 -1.08394e-02  1.87745e-02 -1.08394e-02 -1.87745e-02  0.00000e+00

status = iteration is not making progress towards solution
iter =   0
x =  0.41634 -0.00000 -0.20817  0.36056 -0.20817 -0.36056 -0.00000
f(x) =  4.34148e-02 -1.63758e-24 -2.17074e-02  3.75983e-02 -2.17074e-02 -3.75983e-02  0.00000e+00

iter =   1
x =  0.41634 -0.00000 -0.20817  0.36056 -0.20817 -0.36056 -0.00000
f(x) =  4.34148e-02 -1.63758e-24 -2.17074e-02  3.75983e-02 -2.17074e-02 -3.75983e-02  0.00000e+00

iter =   2
x =  0.41634 -0.00000 -0.20817  0.36056 -0.20817 -0.36056 -0.00000
f(x) =  4.34148e-02 -1.63758e-24 -2.17074e-02  3.75983e-02 -2.17074e-02 -3.75983e-02  0.00000e+00

iter =   3
x =  0.41634 -0.00000 -0.20817  0.36056 -0.20817 -0.36056 -0.00000
f(x) =  4.34148e-02 -1.63758e-24 -2.17074e-02  3.75983e-02 -2.17074e-02 -3.75983e-02  0.00000e+00

iter =   4
x =  0.41634 -0.00000 -0.20817  0.36056 -0.20817 -0.36056 -0.00000
f(x) =  4.34148e-02 -1.63758e-24 -2.17074e-02  3.75983e-02 -2.17074e-02 -3.75983e-02  0.00000e+00

iter =   5
x =  0.41634 -0.00000 -0.20817  0.36056 -0.20817 -0.36056 -0.00000
f(x) =  4.34148e-02 -1.63758e-24 -2.17074e-02  3.75983e-02 -2.17074e-02 -3.75983e-02  0.00000e+00

iter =   6
x =  0.41634 -0.00000 -0.20817  0.36056 -0.20817 -0.36056 -0.00000
f(x) =  4.34148e-02 -1.63758e-24 -2.17074e-02  3.75983e-02 -2.17074e-02 -3.75983e-02  0.00000e+00

iter =   7
x =  0.41634 -0.00000 -0.20817  0.36056 -0.20817 -0.36056 -0.00000
f(x) =  4.34148e-02 -1.63758e-24 -2.17074e-02  3.75983e-02 -2.17074e-02 -3.75983e-02  0.00000e+00

iter =   8
x =  0.41634 -0.00000 -0.20817  0.36056 -0.20817 -0.36056 -0.00000
f(x) =  4.34148e-02 -1.63758e-24 -2.17074e-02  3.75983e-02 -2.17074e-02 -3.75983e-02  0.00000e+00

iter =   9
x =  0.41634 -0.00000 -0.20817  0.36056 -0.20817 -0.36056 -0.00000
f(x) =  4.34148e-02 -1.63758e-24 -2.17074e-02  3.75983e-02 -2.17074e-02 -3.75983e-02  0.00000e+00

iter =  10
x =  0.41634 -0.00000 -0.20817  0.36056 -0.20817 -0.36056 -0.00000
f(x) =  4.34148e-02 -1.63758e-24 -2.17074e-02  3.75983e-02 -2.17074e-02 -3.75983e-02  0.00000e+00

status = iteration is not making progress towards solution
iter =   0
x =  0.41634 -0.00000 -0.20817  0.36056 -0.20817 -0.36056 -0.00000
f(x) =  6.52084e-02 -1.64047e-24 -3.26042e-02  5.64721e-02 -3.26042e-02 -5.64721e-02  0.00000e+00

iter =   1
x =  0.41634 -0.00000 -0.20817  0.36056 -0.20817 -0.36056 -0.00000
f(x) =  6.52084e-02 -1.64047e-24 -3.26042e-02  5.64721e-02 -3.26042e-02 -5.64721e-02  0.00000e+00

iter =   2
x =  0.41102  0.00000 -0.20551  0.35595 -0.20551 -0.35595 -0.00000
f(x) = -8.12789e-04 -7.62130e-08  4.07024e-04 -7.03616e-04  4.05764e-04  7.04173e-04  4.96690e-08

iter =   3
x =  0.41108 -0.00000 -0.20554  0.35601 -0.20554 -0.35601  0.00000
f(x) = -8.94736e-07 -6.49665e-06 -8.50465e-06  8.09456e-06 -1.42046e-06 -9.29585e-06 -7.79439e-07

iter =   4
x =  0.41108 -0.00000 -0.20554  0.35601 -0.20554 -0.35601  0.00000
f(x) = -8.94736e-07 -6.49665e-06 -8.50465e-06  8.09456e-06 -1.42046e-06 -9.29585e-06 -7.79439e-07

iter =   5
x =  0.41108 -0.00000 -0.20554  0.35601 -0.20554 -0.35601 -0.00000
f(x) = -6.42074e-07 -5.37223e-07  1.75278e-07  2.78638e-08 -1.77731e-07  3.06967e-08  4.62567e-08

iter =   6
x =  0.41108 -0.00000 -0.20554  0.35601 -0.20554 -0.35601 -0.00000
f(x) = -6.42074e-07 -5.37223e-07  1.75278e-07  2.78638e-08 -1.77731e-07  3.06967e-08  4.62567e-08

iter =   7
x =  0.41108 -0.00000 -0.20554  0.35601 -0.20554 -0.35601 -0.00000
f(x) = -4.67372e-07 -3.47996e-07  2.36656e-08  2.57276e-09 -2.26718e-08  4.45273e-09  8.53586e-09

iter =   8
x =  0.41108 -0.00000 -0.20554  0.35601 -0.20554 -0.35601 -0.00000
f(x) = -1.76722e-07 -1.31581e-07  8.94188e-09  9.71612e-10 -8.56618e-09  1.68253e-09  3.22609e-09

iter =   9
x =  0.41108 -0.00000 -0.20554  0.35601 -0.20554 -0.35601 -0.00000
f(x) = -2.32787e-11 -1.72772e-11  1.07088e-12  1.11899e-13 -1.02425e-12  2.05379e-13  4.02484e-13

status = success
iter =   0
x =  0.41108 -0.00000 -0.20554  0.35601 -0.20554 -0.35601 -0.00000
f(x) =  2.14033e-02 -1.72999e-11 -1.07016e-02  1.85358e-02 -1.07016e-02 -1.85358e-02  4.02484e-13

iter =   1
x =  0.41108 -0.00000 -0.20554  0.35601 -0.20554 -0.35601 -0.00000
f(x) =  2.14033e-02 -1.72999e-11 -1.07016e-02  1.85358e-02 -1.07016e-02 -1.85358e-02  4.02484e-13

iter =   2
x =  0.40939 -0.00000 -0.20470  0.35454 -0.20470 -0.35454  0.00000
f(x) = -8.50272e-05  8.33154e-09  4.24487e-05 -7.36624e-05  4.25767e-05  7.36062e-05 -4.97249e-09

iter =   3
x =  0.40940  0.00000 -0.20470  0.35455 -0.20470 -0.35455 -0.00000
f(x) = -7.79975e-07  1.98729e-07 -3.85082e-08  3.11612e-07 -2.91537e-07 -2.69592e-07  2.32029e-08

iter =   4
x =  0.40940  0.00000 -0.20470  0.35455 -0.20470 -0.35455 -0.00000
f(x) = -7.79975e-07  1.98729e-07 -3.85082e-08  3.11612e-07 -2.91537e-07 -2.69592e-07  2.32029e-08

iter =   5
x =  0.40940  0.00000 -0.20470  0.35455 -0.20470 -0.35455  0.00000
f(x) = -1.25773e-07  2.94264e-08 -3.51562e-09 -7.59571e-10  3.79156e-09 -3.34973e-10 -1.63798e-09

iter =   6
x =  0.40940  0.00000 -0.20470  0.35455 -0.20470 -0.35455  0.00000
f(x) = -8.67926e-08  1.95233e-08 -4.21518e-10 -1.79999e-10  6.50650e-10  7.66581e-11 -6.60195e-10

iter =   7
x =  0.40940 -0.00000 -0.20470  0.35455 -0.20470 -0.35455 -0.00000
f(x) =  2.96320e-09 -7.15317e-10  1.39135e-10  2.75712e-11 -1.44587e-10  1.65747e-11  5.17950e-11

iter =   8
x =  0.40940 -0.00000 -0.20470  0.35455 -0.20470 -0.35455 -0.00000
f(x) =  7.38576e-11 -1.78366e-11  3.48696e-12  6.90446e-13 -3.62363e-12  4.15777e-13  1.29549e-12

iter =   9
x =  0.40940 -0.00000 -0.20470  0.35455 -0.20470 -0.35455 -0.00000
f(x) =  9.54792e-15 -2.51037e-15  7.73747e-16 -5.35302e-16  1.14431e-16  5.74921e-16  1.80411e-16

status = success
iter =   0
x =  0.40940 -0.00000 -0.20470  0.35455 -0.20470 -0.35455 -0.00000
f(x) =  2.13145e-02 -2.56870e-15 -1.06572e-02  1.84589e-02 -1.06572e-02 -1.84589e-02  1.80411e-16

iter =   1
x =  0.40940 -0.00000 -0.20470  0.35455 -0.20470 -0.35455 -0.00000
f(x) =  2.13145e-02 -2.56870e-15 -1.06572e-02  1.84589e-02 -1.06572e-02 -1.84589e-02  1.80411e-16

iter =   2
x =  0.40774 -0.00000 -0.20387  0.35311 -0.20387 -0.35311  0.00000
f(x) = -8.27078e-05  8.07466e-09  4.12918e-05 -7.16531e-05  4.14151e-05  7.15988e-05 -4.76266e-09

iter =   3
x =  0.40774  0.00000 -0.20387  0.35312 -0.20387 -0.35312 -0.00000
f(x) = -7.51227e-07  1.02231e-07 -8.00274e-08  2.88513e-07 -2.33507e-07 -2.63653e-07  1.15498e-08

iter =   4
x =  0.40774  0.00000 -0.20387  0.35312 -0.20387 -0.35312 -0.00000
f(x) = -7.51227e-07  1.02231e-07 -8.00274e-08  2.88513e-07 -2.33507e-07 -2.63653e-07  1.15498e-08

iter =   5
x =  0.40774  0.00000 -0.20387  0.35312 -0.20387 -0.35312  0.00000
f(x) = -1.31017e-07  1.58304e-08  1.00632e-09 -1.84774e-11 -6.90604e-10  3.97101e-10 -6.04336e-10

iter =   6
x =  0.40774  0.00000 -0.20387  0.35312 -0.20387 -0.35312  0.00000
f(x) = -6.33537e-08  7.39583e-09  1.15685e-09  1.06347e-10 -9.80383e-10  2.86584e-10 -1.37644e-10

iter =   7
x =  0.40774 -0.00000 -0.20387  0.35312 -0.20387 -0.35312 -0.00000
f(x) =  8.74984e-09 -1.03510e-09 -1.24505e-10 -8.62156e-12  1.01336e-10 -3.45735e-11  2.71462e-11

iter =   8
x =  0.40774 -0.00000 -0.20387  0.35312 -0.20387 -0.35312 -0.00000
f(x) =  1.98352e-10 -2.34695e-11 -2.81109e-12 -1.93196e-13  2.28551e-12 -7.82280e-13  6.18033e-13

iter =   9
x =  0.40774 -0.00000 -0.20387  0.35312 -0.20387 -0.35312 -0.00000
f(x) =  7.59393e-14 -9.13461e-15 -8.09003e-16 -3.54823e-16  1.25309e-15  8.92666e-17  2.63678e-16

status = success
iter =   0
x =  0.40774 -0.00000 -0.20387  0.35312 -0.20387 -0.35312 -0.00000
f(x) =  2.12272e-02 -9.22187e-15 -1.06136e-02  1.83833e-02 -1.06136e-02 -1.83833e-02  2.63678e-16

iter =   1
x =  0.40774 -0.00000 -0.20387  0.35312 -0.20387 -0.35312 -0.00000
f(x) =  2.12272e-02 -9.22187e-15 -1.06136e-02  1.83833e-02 -1.06136e-02 -1.83833e-02  2.63678e-16

iter =   2
x =  0.40611  0.00000 -0.20306  0.35170 -0.20306 -0.35170 -0.00000
f(x) = -8.04869e-05 -7.52163e-09  4.03039e-05 -6.96785e-05  4.01843e-05  6.97309e-05  4.59133e-09

iter =   3
x =  0.40612 -0.00000 -0.20306  0.35171 -0.20306 -0.35171  0.00000
f(x) = -7.23846e-07 -7.25465e-08 -2.10179e-07  2.52889e-07 -8.79155e-08 -2.72130e-07 -8.01205e-09

iter =   4
x =  0.40612 -0.00000 -0.20306  0.35171 -0.20306 -0.35171  0.00000
f(x) = -7.23846e-07 -7.25465e-08 -2.10179e-07  2.52889e-07 -8.79155e-08 -2.72130e-07 -8.01205e-09

iter =   5
x =  0.40612 -0.00000 -0.20306  0.35171 -0.20306 -0.35171 -0.00000
f(x) = -1.21103e-07 -1.05854e-08 -1.76432e-09 -5.33058e-10  2.06850e-09 -1.55478e-10  2.97946e-10

iter =   6
x =  0.40612 -0.00000 -0.20306  0.35171 -0.20306 -0.35171 -0.00000
f(x) = -4.60586e-08 -3.88427e-09 -1.02285e-09 -2.51541e-10  1.15595e-09 -1.21959e-10  2.93868e-11

iter =   7
x =  0.40612  0.00000 -0.20306  0.35171 -0.20306 -0.35171  0.00000
f(x) =  5.69563e-09  4.87137e-10  1.09583e-10  2.87412e-11 -1.25256e-10  1.20741e-11 -7.65719e-12

iter =   8
x =  0.40612  0.00000 -0.20306  0.35171 -0.20306 -0.35171  0.00000
f(x) =  1.38026e-10  1.18086e-11  2.64706e-12  6.95420e-13 -3.02731e-12  2.90855e-13 -1.87558e-13

iter =   9
x =  0.40612  0.00000 -0.20306  0.35171 -0.20306 -0.35171  0.00000
f(x) =  7.94920e-14  6.94607e-15  1.37656e-15 -2.35425e-16 -2.15372e-15 -1.33805e-17 -1.11022e-16

status = success
iter =   0
x =  0.40612  0.00000 -0.20306  0.35171 -0.20306 -0.35171  0.00000
f(x) =  2.11413e-02  7.08504e-15 -1.05707e-02  1.83089e-02 -1.05707e-02 -1.83089e-02 -1.11022e-16

iter =   1
x =  0.40612  0.00000 -0.20306  0.35171 -0.20306 -0.35171  0.00000
f(x) =  2.11413e-02  7.08504e-15 -1.05707e-02  1.83089e-02 -1.05707e-02 -1.83089e-02 -1.11022e-16

iter =   2
x =  0.40452 -0.00000 -0.20226  0.35032 -0.20226 -0.35032  0.00000
f(x) = -7.83659e-05  7.29412e-09  3.91250e-05 -6.78913e-05  3.92400e-05  6.78411e-05 -4.40383e-09

iter =   3
x =  0.40452  0.00000 -0.20226  0.35033 -0.20226 -0.35033 -0.00000
f(x) = -6.89597e-07  5.89706e-08 -8.84635e-08  2.57962e-07 -1.95261e-07 -2.41683e-07  6.38696e-09

iter =   4
x =  0.40452  0.00000 -0.20226  0.35033 -0.20226 -0.35033 -0.00000
f(x) = -6.89597e-07  5.89706e-08 -8.84635e-08  2.57962e-07 -1.95261e-07 -2.41683e-07  6.38696e-09

iter =   5
x =  0.40452  0.00000 -0.20226  0.35033 -0.20226 -0.35033  0.00000
f(x) = -1.10463e-07  8.13859e-09  2.28750e-09  1.89513e-10 -2.00488e-09  5.35939e-10 -1.85040e-10

iter =   6
x =  0.40452  0.00000 -0.20226  0.35033 -0.20226 -0.35033  0.00000
f(x) = -3.60687e-08  2.55815e-09  1.00706e-09  1.05258e-10 -9.00600e-10  2.07755e-10 -2.01655e-12

iter =   7
x =  0.40452 -0.00000 -0.20226  0.35033 -0.20226 -0.35033 -0.00000
f(x) =  3.99166e-09 -2.87739e-10 -9.93608e-11 -9.63530e-12  8.81904e-11 -2.14465e-11  2.94016e-12

iter =   8
x =  0.40452 -0.00000 -0.20226  0.35033 -0.20226 -0.35033 -0.00000
f(x) =  1.03006e-10 -7.42789e-12 -2.55637e-12 -2.47546e-13  2.26760e-12 -5.52857e-13  7.75768e-14

iter =   9
x =  0.40452 -0.00000 -0.20226  0.35033 -0.20226 -0.35033 -0.00000
f(x) =  7.66054e-14 -5.58550e-15 -1.94689e-15  5.72280e-16  1.94689e-15 -5.37943e-16  5.55112e-17

status = success
iter =   0
x =  0.40452 -0.00000 -0.20226  0.35033 -0.20226 -0.35033 -0.00000
f(x) =  2.10568e-02 -5.72036e-15 -1.05284e-02  1.82357e-02 -1.05284e-02 -1.82357e-02  5.55112e-17

iter =   1
x =  0.40452 -0.00000 -0.20226  0.35033 -0.20226 -0.35033 -0.00000
f(x) =  2.10568e-02 -5.72036e-15 -1.05284e-02  1.82357e-02 -1.05284e-02 -1.82357e-02  5.55112e-17

iter =   2
x =  0.40295  0.00000 -0.20147  0.34896 -0.20147 -0.34896 -0.00000
f(x) = -7.63300e-05 -7.00714e-09  3.82212e-05 -6.60799e-05  3.81097e-05  6.61284e-05  4.23298e-09

iter =   3
x =  0.40295 -0.00000 -0.20148  0.34897 -0.20148 -0.34897  0.00000
f(x) = -6.62021e-07 -5.16585e-08 -1.84137e-07  2.30707e-07 -8.60967e-08 -2.45145e-07 -5.51609e-09

iter =   4
x =  0.40295 -0.00000 -0.20148  0.34897 -0.20148 -0.34897  0.00000
f(x) = -6.62021e-07 -5.16585e-08 -1.84137e-07  2.30707e-07 -8.60967e-08 -2.45145e-07 -5.51609e-09

iter =   5
x =  0.40295 -0.00000 -0.20148  0.34897 -0.20148 -0.34897 -0.00000
f(x) = -1.01976e-07 -6.82750e-09 -2.02280e-09 -5.10224e-10  2.28538e-09 -1.84483e-10  1.36796e-10

iter =   6
x =  0.40295 -0.00000 -0.20148  0.34897 -0.20148 -0.34897 -0.00000
f(x) = -3.02652e-08 -1.94675e-09 -7.97123e-10 -1.76785e-10  8.87404e-10 -8.87352e-11 -5.84628e-12

iter =   7
x =  0.40295  0.00000 -0.20148  0.34897 -0.20148 -0.34897  0.00000
f(x) =  3.12497e-09  2.04680e-10  7.32213e-11  1.70679e-11 -8.20209e-11  7.60367e-12 -1.53273e-12

iter =   8
x =  0.40295  0.00000 -0.20148  0.34897 -0.20148 -0.34897  0.00000
f(x) =  8.39104e-11  5.49866e-12  1.95967e-12  4.57783e-13 -2.19537e-12  2.03098e-13 -4.26326e-14

status = success
iter =   0
x =  0.40295  0.00000 -0.20148  0.34897 -0.20148 -0.34897  0.00000
f(x) =  2.09736e-02  5.51487e-12 -1.04868e-02  1.81637e-02 -1.04868e-02 -1.81637e-02 -4.26326e-14

iter =   1
x =  0.40295  0.00000 -0.20148  0.34897 -0.20148 -0.34897  0.00000
f(x) =  2.09736e-02  5.51487e-12 -1.04868e-02  1.81637e-02 -1.04868e-02 -1.81637e-02 -4.26326e-14

iter =   2
x =  0.40141 -0.00000 -0.20070  0.34763 -0.20070 -0.34763  0.00000
f(x) = -7.43801e-05  6.79483e-09  3.71364e-05 -6.44386e-05  3.72441e-05  6.43920e-05 -4.05608e-09

iter =   3
x =  0.40141  0.00000 -0.20071  0.34763 -0.20071 -0.34763 -0.00000
f(x) = -6.32583e-07  4.67991e-08 -8.30264e-08  2.33275e-07 -1.74593e-07 -2.20278e-07  4.93091e-09

iter =   4
x =  0.40141 -0.00000 -0.20071  0.34763 -0.20071 -0.34763  0.00000
f(x) =  7.01314e-07 -2.70601e-08 -6.28623e-08 -8.85927e-09  5.75232e-08 -8.35196e-09 -9.36232e-09

iter =   5
x =  0.40141  0.00000 -0.20071  0.34763 -0.20071 -0.34763  0.00000
f(x) = -9.47282e-08  5.99729e-09  2.20708e-09  1.66067e-10 -1.96348e-09  4.76661e-10 -1.13278e-10

iter =   6
x =  0.40141  0.00000 -0.20071  0.34763 -0.20071 -0.34763  0.00000
f(x) = -3.45464e-08  2.12713e-09  9.62999e-10  8.55201e-11 -8.64367e-10  1.92403e-10 -6.54349e-12

iter =   7
x =  0.40141 -0.00000 -0.20071  0.34763 -0.20071 -0.34763 -0.00000
f(x) =  2.25112e-09 -1.38940e-10 -6.19220e-11 -5.44258e-12  5.55017e-11 -1.24214e-11  6.11844e-13

iter =   8
x =  0.40141 -0.00000 -0.20071  0.34763 -0.20071 -0.34763 -0.00000
f(x) =  6.82499e-12 -4.23947e-13 -1.81484e-13 -1.48431e-14  1.61833e-13 -3.68255e-14  3.27516e-15

status = success
iter =   0
x =  0.40141 -0.00000 -0.20071  0.34763 -0.20071 -0.34763 -0.00000
f(x) =  2.08918e-02 -4.25045e-13 -1.04459e-02  1.80928e-02 -1.04459e-02 -1.80928e-02  3.27516e-15

iter =   1
x =  0.40141 -0.00000 -0.20071  0.34763 -0.20071 -0.34763 -0.00000
f(x) =  2.08918e-02 -4.25045e-13 -1.04459e-02  1.80928e-02 -1.04459e-02 -1.80928e-02  3.27516e-15

iter =   2
x =  0.39989 -0.00000 -0.19995  0.34632 -0.19995 -0.34632  0.00000
f(x) = -7.25104e-05  6.72572e-09  3.62028e-05 -6.28174e-05  3.63066e-05  6.27728e-05 -3.88466e-09

iter =   3
x =  0.39990  0.00000 -0.19995  0.34632 -0.19995 -0.34632 -0.00000
f(x) = -6.01973e-07  4.31772e-08 -7.98279e-08  2.22191e-07 -1.65984e-07 -2.10432e-07  4.48367e-09

iter =   4
x =  0.39990 -0.00000 -0.19995  0.34632 -0.19995 -0.34632  0.00000
f(x) =  6.47156e-07 -2.39356e-08 -5.76100e-08 -7.75811e-09  5.25959e-08 -7.45946e-09 -8.42753e-09

iter =   5
x =  0.39990  0.00000 -0.19995  0.34632 -0.19995 -0.34632  0.00000
f(x) = -8.84697e-08  5.41709e-09  2.10387e-09  1.43030e-10 -1.87804e-09  4.42412e-10 -1.00999e-10

iter =   6
x =  0.39990  0.00000 -0.19995  0.34632 -0.19995 -0.34632  0.00000
f(x) = -3.14407e-08  1.87192e-09  8.88064e-10  7.23148e-11 -7.98848e-10  1.73254e-10 -5.30399e-12

iter =   7
x =  0.39990 -0.00000 -0.19995  0.34632 -0.19995 -0.34632 -0.00000
f(x) =  1.94845e-09 -1.16314e-10 -5.42680e-11 -4.36405e-12  4.87451e-11 -1.06326e-11  4.98962e-13

iter =   8
x =  0.39990 -0.00000 -0.19995  0.34632 -0.19995 -0.34632 -0.00000
f(x) =  6.28386e-12 -3.77011e-13 -1.69055e-13 -1.37132e-14  1.51402e-13 -3.30310e-14  2.88658e-15

status = success
iter =   0
x =  0.39990 -0.00000 -0.19995  0.34632 -0.19995 -0.34632 -0.00000
f(x) =  2.08112e-02 -3.78402e-13 -1.04056e-02  1.80230e-02 -1.04056e-02 -1.80230e-02  2.88658e-15

iter =   1
x =  0.39990 -0.00000 -0.19995  0.34632 -0.19995 -0.34632 -0.00000
f(x) =  2.08112e-02 -3.78402e-13 -1.04056e-02  1.80230e-02 -1.04056e-02 -1.80230e-02  2.88658e-15

iter =   2
x =  0.39840  0.00000 -0.19920  0.34503 -0.19920 -0.34503 -0.00000
f(x) = -7.07133e-05 -6.46754e-09  3.54069e-05 -6.12178e-05  3.53063e-05  6.12612e-05  3.73683e-09

iter =   3
x =  0.39841 -0.00000 -0.19920  0.34503 -0.19920 -0.34503  0.00000
f(x) = -5.78160e-07 -4.05597e-08 -1.58514e-07  2.01076e-07 -7.61758e-08 -2.11857e-07 -4.18215e-09

iter =   4
x =  0.39841  0.00000 -0.19920  0.34503 -0.19920 -0.34503 -0.00000
f(x) =  6.07764e-07  2.18768e-08  4.92168e-08  6.82204e-09 -5.39872e-08  6.92250e-09  7.77961e-09

iter =   5
x =  0.39841 -0.00000 -0.19920  0.34503 -0.19920 -0.34503 -0.00000
f(x) = -8.30292e-08 -4.98585e-09 -1.78138e-09 -4.09424e-10  1.99019e-09 -1.17882e-10  9.55236e-11

iter =   6
x =  0.39841 -0.00000 -0.19920  0.34503 -0.19920 -0.34503 -0.00000
f(x) = -2.89784e-08 -1.69143e-09 -7.41913e-10 -1.57185e-10  8.23161e-10 -6.01950e-11  5.56984e-12

iter =   7
x =  0.39841  0.00000 -0.19920  0.34503 -0.19920 -0.34503  0.00000
f(x) =  1.73461e-09  1.01535e-10  4.36965e-11  9.31324e-12 -4.85530e-11  3.49656e-12 -4.91968e-13

iter =   8
x =  0.39841  0.00000 -0.19920  0.34503 -0.19920 -0.34503  0.00000
f(x) =  5.81379e-12  3.42216e-13  1.41077e-13  3.14355e-14 -1.57508e-13  1.03412e-14 -2.77556e-15

status = success
iter =   0
x =  0.39841  0.00000 -0.19920  0.34503 -0.19920 -0.34503  0.00000
f(x) =  2.07318e-02  3.43435e-13 -1.03659e-02  1.79542e-02 -1.03659e-02 -1.79542e-02 -2.77556e-15

iter =   1
x =  0.39841  0.00000 -0.19920  0.34503 -0.19920 -0.34503  0.00000
f(x) =  2.07318e-02  3.43435e-13 -1.03659e-02  1.79542e-02 -1.03659e-02 -1.79542e-02 -2.77556e-15

iter =   2
x =  0.39694 -0.00000 -0.19847  0.34376 -0.19847 -0.34376  0.00000
f(x) = -6.89880e-05  6.14337e-09  3.44453e-05 -5.97662e-05  3.45428e-05  5.97245e-05 -3.60073e-09

iter =   3
x =  0.39694  0.00000 -0.19847  0.34376 -0.19847 -0.34376 -0.00000
f(x) = -5.54742e-07  3.83676e-08 -7.26237e-08  2.02155e-07 -1.51625e-07 -1.92258e-07  3.93784e-09

iter =   4
x =  0.39694 -0.00000 -0.19847  0.34376 -0.19847 -0.34376  0.00000
f(x) =  5.73597e-07 -2.02793e-08 -5.10107e-08 -6.20721e-09  4.64656e-08 -6.29441e-09 -7.25698e-09

iter =   5
x =  0.39694  0.00000 -0.19847  0.34376 -0.19847 -0.34376  0.00000
f(x) = -7.79800e-08  4.63264e-09  1.86996e-09  9.21454e-11 -1.67812e-09  3.77387e-10 -9.32377e-11

iter =   6
x =  0.39694  0.00000 -0.19847  0.34376 -0.19847 -0.34376  0.00000
f(x) = -2.68596e-08  1.55046e-09  7.63549e-10  4.88662e-11 -6.89584e-10  1.42932e-10 -6.52740e-12

iter =   7
x =  0.39694 -0.00000 -0.19847  0.34376 -0.19847 -0.34376 -0.00000
f(x) =  1.56407e-09 -9.05562e-11 -4.37848e-11 -2.74825e-12  3.94834e-11 -8.23498e-12  5.28230e-13

iter =   8
x =  0.39694 -0.00000 -0.19847  0.34376 -0.19847 -0.34376 -0.00000
f(x) =  5.36748e-12 -3.12667e-13 -1.45343e-13 -8.70001e-15  1.30244e-13 -2.80179e-14  2.88658e-15

status = success
iter =   0
x =  0.39694 -0.00000 -0.19847  0.34376 -0.19847 -0.34376 -0.00000
f(x) =  2.06536e-02 -3.13400e-13 -1.03268e-02  1.78865e-02 -1.03268e-02 -1.78865e-02  2.88658e-15

iter =   1
x =  0.39694 -0.00000 -0.19847  0.34376 -0.19847 -0.34376 -0.00000
f(x) =  2.06536e-02 -3.13400e-13 -1.03268e-02  1.78865e-02 -1.03268e-02 -1.78865e-02  2.88658e-15

iter =   2
x =  0.39694 -0.00000 -0.19847  0.34376 -0.19847 -0.34376 -0.00000
f(x) =  2.06536e-02 -3.13400e-13 -1.03268e-02  1.78865e-02 -1.03268e-02 -1.78865e-02  2.88658e-15

iter =   3
x =  0.39694 -0.00000 -0.19847  0.34376 -0.19847 -0.34376 -0.00000
f(x) =  2.06536e-02 -3.13400e-13 -1.03268e-02  1.78865e-02 -1.03268e-02 -1.78865e-02  2.88658e-15

iter =   4
x =  0.39694 -0.00000 -0.19847  0.34376 -0.19847 -0.34376 -0.00000
f(x) =  2.06536e-02 -3.13400e-13 -1.03268e-02  1.78865e-02 -1.03268e-02 -1.78865e-02  2.88658e-15

iter =   5
x =  0.39694 -0.00000 -0.19847  0.34376 -0.19847 -0.34376 -0.00000
f(x) =  2.06536e-02 -3.13400e-13 -1.03268e-02  1.78865e-02 -1.03268e-02 -1.78865e-02  2.88658e-15

iter =   6
x =  0.39694 -0.00000 -0.19847  0.34376 -0.19847 -0.34376 -0.00000
f(x) =  2.06536e-02 -3.13400e-13 -1.03268e-02  1.78865e-02 -1.03268e-02 -1.78865e-02  2.88658e-15

iter =   7
x =  0.39694 -0.00000 -0.19847  0.34376 -0.19847 -0.34376 -0.00000
f(x) =  2.06536e-02 -3.13400e-13 -1.03268e-02  1.78865e-02 -1.03268e-02 -1.78865e-02  2.88658e-15

iter =   8
x =  0.39694 -0.00000 -0.19847  0.34376 -0.19847 -0.34376 -0.00000
f(x) =  2.06536e-02 -3.13400e-13 -1.03268e-02  1.78865e-02 -1.03268e-02 -1.78865e-02  2.88658e-15

iter =   9
x =  0.39694 -0.00000 -0.19847  0.34376 -0.19847 -0.34376 -0.00000
f(x) =  2.06536e-02 -3.13400e-13 -1.03268e-02  1.78865e-02 -1.03268e-02 -1.78865e-02  2.88658e-15

iter =  10
x =  0.39694 -0.00000 -0.19847  0.34376 -0.19847 -0.34376 -0.00000
f(x) =  2.06536e-02 -3.13400e-13 -1.03268e-02  1.78865e-02 -1.03268e-02 -1.78865e-02  2.88658e-15

status = iteration is not making progress towards solution
iter =   0
x =  0.39694 -0.00000 -0.19847  0.34376 -0.19847 -0.34376 -0.00000
f(x) =  4.13543e-02 -3.14588e-13 -2.06772e-02  3.58139e-02 -2.06772e-02 -3.58139e-02  2.88658e-15

iter =   1
x =  0.39694 -0.00000 -0.19847  0.34376 -0.19847 -0.34376 -0.00000
f(x) =  4.13543e-02 -3.14588e-13 -2.06772e-02  3.58139e-02 -2.06772e-02 -3.58139e-02  2.88658e-15

iter =   2
x =  0.39406  0.00000 -0.19703  0.34127 -0.19703 -0.34127 -0.00000
f(x) = -2.66025e-04 -2.39529e-08  1.33198e-04 -2.30304e-04  1.32826e-04  2.30462e-04  1.35689e-08

iter =   3
x =  0.39408 -0.00000 -0.19704  0.34128 -0.19704 -0.34128  0.00000
f(x) = -1.22655e-06 -1.41209e-07 -9.87837e-07  1.45567e-06 -6.93134e-07 -1.48890e-06 -1.41678e-08

iter =   4
x =  0.39408  0.00000 -0.19704  0.34128 -0.19704 -0.34128 -0.00000
f(x) =  2.06816e-06  7.08661e-08  1.63734e-07  1.93057e-08 -1.89690e-07  2.25440e-08  2.57610e-08

iter =   5
x =  0.39408 -0.00000 -0.19704  0.34128 -0.19704 -0.34128 -0.00000
f(x) = -3.08905e-07 -1.75655e-08 -7.82653e-09 -1.67314e-09  8.34586e-09 -3.75610e-10  1.85413e-10

iter =   6
x =  0.39408 -0.00000 -0.19704  0.34128 -0.19704 -0.34128 -0.00000
f(x) = -9.72291e-08 -5.47811e-09 -2.57850e-09 -5.59605e-10  2.73281e-09 -1.22223e-10  3.56560e-11

iter =   7
x =  0.39408  0.00000 -0.19704  0.34128 -0.19704 -0.34128  0.00000
f(x) =  1.38508e-09  8.18238e-11  2.75706e-11  6.87191e-12 -2.96249e-11  3.40915e-13 -2.48694e-12

iter =   8
x =  0.39408  0.00000 -0.19704  0.34128 -0.19704 -0.34128  0.00000
f(x) =  7.70686e-11  4.42596e-12  1.84197e-12  4.20044e-13 -1.96021e-12  6.52171e-14 -7.20396e-14

status = success
iter =   0
x =  0.39408  0.00000 -0.19704  0.34128 -0.19704 -0.34128  0.00000
f(x) =  2.05006e-02  4.43670e-12 -1.02503e-02  1.77540e-02 -1.02503e-02 -1.77540e-02 -7.20396e-14

iter =   1
x =  0.39408  0.00000 -0.19704  0.34128 -0.19704 -0.34128  0.00000
f(x) =  2.05006e-02  4.43670e-12 -1.02503e-02  1.77540e-02 -1.02503e-02 -1.77540e-02 -7.20396e-14

iter =   2
x =  0.39268 -0.00000 -0.19634  0.34007 -0.19634 -0.34007  0.00000
f(x) = -6.41977e-05  5.46349e-09  3.20549e-05 -5.56167e-05  3.21440e-05  5.55791e-05 -3.23303e-09

iter =   3
x =  0.39268  0.00000 -0.19634  0.34008 -0.19634 -0.34008 -0.00000
f(x) = -4.90716e-07  3.33701e-08 -6.29386e-08  1.76312e-07 -1.33551e-07 -1.68700e-07  3.37567e-09

iter =   4
x =  0.39268 -0.00000 -0.19634  0.34008 -0.19634 -0.34008  0.00000
f(x) =  4.89076e-07 -1.68381e-08 -4.41441e-08 -4.48859e-09  4.02200e-08 -5.07541e-09 -6.09815e-09

iter =   5
x =  0.39268  0.00000 -0.19634  0.34008 -0.19634 -0.34008  0.00000
f(x) = -6.55608e-08  3.87777e-09  1.53355e-09  1.95474e-11 -1.38982e-09  2.95218e-10 -9.44303e-11

iter =   6
x =  0.39268  0.00000 -0.19634  0.34008 -0.19634 -0.34008  0.00000
f(x) = -2.20496e-08  1.26611e-09  6.16385e-10  1.95886e-11 -5.61268e-10  1.09407e-10 -1.07111e-11

iter =   7
x =  0.39268 -0.00000 -0.19634  0.34008 -0.19634 -0.34008 -0.00000
f(x) =  1.19347e-09 -6.87608e-11 -3.27855e-11 -9.83098e-13  2.98063e-11 -5.85409e-12  7.03132e-13

iter =   8
x =  0.39268 -0.00000 -0.19634  0.34008 -0.19634 -0.34008 -0.00000
f(x) =  4.23483e-12 -2.45731e-13 -1.12338e-13 -2.57216e-15  1.02124e-13 -2.05578e-14  3.35842e-15

status = success
iter =   0
x =  0.39268 -0.00000 -0.19634  0.34008 -0.19634 -0.34008 -0.00000
f(x) =  2.04258e-02 -2.46319e-13 -1.02129e-02  1.76892e-02 -1.02129e-02 -1.76892e-02  3.35842e-15

iter =   1
x =  0.39268 -0.00000 -0.19634  0.34008 -0.19634 -0.34008 -0.00000
f(x) =  2.04258e-02 -2.46319e-13 -1.02129e-02  1.76892e-02 -1.02129e-02 -1.76892e-02  3.35842e-15

iter =   2
x =  0.39131  0.00000 -0.19565  0.33888 -0.19565 -0.33888 -0.00000
f(x) = -6.27191e-05 -5.31712e-09  3.14033e-05 -5.42991e-05  3.13169e-05  5.43352e-05  3.10199e-09

iter =   3
x =  0.39131 -0.00000 -0.19566  0.33888 -0.19566 -0.33888  0.00000
f(x) = -4.70045e-07 -3.19834e-08 -1.28117e-07  1.61725e-07 -6.01807e-08 -1.68640e-07 -3.20619e-09

iter =   4
x =  0.39131  0.00000 -0.19566  0.33888 -0.19566 -0.33888 -0.00000
f(x) =  4.63188e-07  1.58723e-08  3.84096e-08  4.72883e-09 -4.21245e-08  3.99941e-09  5.77634e-09

iter =   5
x =  0.39131 -0.00000 -0.19566  0.33888 -0.19566 -0.33888 -0.00000
f(x) = -6.21859e-08 -3.69131e-09 -1.30582e-09 -2.72479e-10  1.43438e-09  2.42823e-12  9.57406e-11

iter =   6
x =  0.39131 -0.00000 -0.19566  0.33888 -0.19566 -0.33888 -0.00000
f(x) = -2.08085e-08 -1.19893e-09 -5.26282e-10 -1.00577e-10  5.75756e-10 -1.11449e-11  1.21483e-11

iter =   7
x =  0.39131  0.00000 -0.19566  0.33888 -0.19566 -0.33888  0.00000
f(x) =  1.09642e-09  6.33927e-11  2.71838e-11  5.23718e-12 -2.97874e-11  5.16065e-13 -7.56756e-13

iter =   8
x =  0.39131  0.00000 -0.19566  0.33888 -0.19566 -0.33888  0.00000
f(x) =  3.91509e-12  2.28221e-13  9.34426e-14  1.79746e-14 -1.02213e-13  1.32125e-15 -3.59435e-15

status = success
iter =   0
x =  0.39131  0.00000 -0.19566  0.33888 -0.19566 -0.33888  0.00000
f(x) =  2.03520e-02  2.28765e-13 -1.01760e-02  1.76253e-02 -1.01760e-02 -1.76253e-02 -3.59435e-15

iter =   1
x =  0.39131  0.00000 -0.19566  0.33888 -0.19566 -0.33888  0.00000
f(x) =  2.03520e-02  2.28765e-13 -1.01760e-02  1.76253e-02 -1.01760e-02 -1.76253e-02 -3.59435e-15

iter =   2
x =  0.38995 -0.00000 -0.19498  0.33771 -0.19498 -0.33771  0.00000
f(x) = -6.12954e-05  5.41358e-09  3.06062e-05 -5.31014e-05  3.06895e-05  5.30662e-05 -2.97978e-09

iter =   3
x =  0.38996  0.00000 -0.19498  0.33771 -0.19498 -0.33771 -0.00000
f(x) = -4.48478e-07  3.06338e-08 -5.77416e-08  1.61382e-07 -1.22842e-07 -1.55154e-07  3.02958e-09

iter =   4
x =  0.38996 -0.00000 -0.19498  0.33771 -0.19498 -0.33771  0.00000
f(x) =  4.36765e-07 -1.49050e-08 -4.00702e-08 -3.53429e-09  3.65759e-08 -4.39020e-09 -5.46041e-09

iter =   5
x =  0.38996  0.00000 -0.19498  0.33771 -0.19498 -0.33771  0.00000
f(x) = -5.91004e-08  3.52518e-09  1.34238e-09 -2.31412e-11 -1.22868e-09  2.51810e-10 -9.68693e-11

iter =   6
x =  0.38996  0.00000 -0.19498  0.33771 -0.19498 -0.33771  0.00000
f(x) = -1.96875e-08  1.13983e-09  5.38223e-10  3.25859e-12 -4.94214e-10  9.26000e-11 -1.35021e-11

iter =   7
x =  0.38996 -0.00000 -0.19498  0.33771 -0.19498 -0.33771 -0.00000
f(x) =  1.00445e-09 -5.83635e-11 -2.69363e-11 -1.01835e-13  2.46961e-11 -4.66641e-12  7.99125e-13

iter =   8
x =  0.38996 -0.00000 -0.19498  0.33771 -0.19498 -0.33771 -0.00000
f(x) =  3.61022e-12 -2.11414e-13 -9.31004e-14  6.82411e-16  8.54399e-14 -1.57489e-14  3.64986e-15

status = success
iter =   0
x =  0.38996 -0.00000 -0.19498  0.33771 -0.19498 -0.33771 -0.00000
f(x) =  2.02793e-02 -2.11755e-13 -1.01396e-02  1.75624e-02 -1.01396e-02 -1.75624e-02  3.64986e-15

iter =   1
x =  0.38996 -0.00000 -0.19498  0.33771 -0.19498 -0.33771 -0.00000
f(x) =  2.02793e-02 -2.11755e-13 -1.01396e-02  1.75624e-02 -1.01396e-02 -1.75624e-02  3.64986e-15

iter =   2
x =  0.38862 -0.00000 -0.19431  0.33655 -0.19431 -0.33655  0.00000
f(x) = -5.99218e-05  5.06524e-09  2.99207e-05 -5.19117e-05  3.00020e-05  5.18779e-05 -2.88601e-09

iter =   3
x =  0.38862  0.00000 -0.19431  0.33656 -0.19431 -0.33656 -0.00000
f(x) = -4.32285e-07  2.95226e-08 -5.50420e-08  1.54547e-07 -1.18230e-07 -1.48887e-07  2.92175e-09

iter =   4
x =  0.38862 -0.00000 -0.19431  0.33656 -0.19431 -0.33656  0.00000
f(x) =  4.17783e-07 -1.42420e-08 -3.85920e-08 -3.13909e-09  3.52740e-08 -4.12849e-09 -5.22394e-09

iter =   5
x =  0.38862  0.00000 -0.19431  0.33656 -0.19431 -0.33656  0.00000
f(x) = -5.59387e-08  3.35886e-09  1.24147e-09 -4.33745e-11 -1.14360e-09  2.30942e-10 -9.88560e-11

iter =   6
x =  0.38862  0.00000 -0.19431  0.33656 -0.19431 -0.33656  0.00000
f(x) = -1.85781e-08  1.08241e-09  4.99735e-10 -4.25122e-12 -4.61338e-10  8.48586e-11 -1.49417e-11

iter =   7
x =  0.38862 -0.00000 -0.19431  0.33656 -0.19431 -0.33656 -0.00000
f(x) =  9.26884e-10 -5.42026e-11 -2.44329e-11  2.72831e-13  2.25218e-11 -4.17961e-12  8.49792e-13

iter =   8
x =  0.38862 -0.00000 -0.19431  0.33656 -0.19431 -0.33656 -0.00000
f(x) =  3.32645e-12 -1.96061e-13 -8.36964e-14  5.05507e-16  7.78122e-14 -1.34833e-14  3.83027e-15

status = success
iter =   0
x =  0.38862 -0.00000 -0.19431  0.33656 -0.19431 -0.33656 -0.00000
f(x) =  2.02075e-02 -1.96706e-13 -1.01038e-02  1.75002e-02 -1.01038e-02 -1.75002e-02  3.83027e-15

iter =   1
x =  0.38862 -0.00000 -0.19431  0.33656 -0.19431 -0.33656 -0.00000
f(x) =  2.02075e-02 -1.96706e-13 -1.01038e-02  1.75002e-02 -1.01038e-02 -1.75002e-02  3.83027e-15

iter =   2
x =  0.38731  0.00000 -0.19365  0.33542 -0.19365 -0.33542 -0.00000
f(x) = -5.85981e-05 -5.20012e-09  2.93381e-05 -5.07307e-05  2.92597e-05  5.07635e-05  2.76959e-09

iter =   3
x =  0.38731 -0.00000 -0.19366  0.33542 -0.19366 -0.33542  0.00000
f(x) = -4.11821e-07 -2.83141e-08 -1.13429e-07  1.43009e-07 -5.29697e-08 -1.48046e-07 -2.75754e-09

iter =   4
x =  0.38731  0.00000 -0.19366  0.33542 -0.19366 -0.33542 -0.00000
f(x) =  3.93296e-07  1.33652e-08  3.35847e-08  3.82798e-09 -3.66841e-08  2.73564e-09  4.94232e-09

iter =   5
x =  0.38731 -0.00000 -0.19366  0.33542 -0.19366 -0.33542 -0.00000
f(x) = -5.32972e-08 -3.22190e-09 -1.07551e-09 -2.13482e-10  1.15879e-09  6.18729e-11  9.99505e-11

iter =   6
x =  0.38731 -0.00000 -0.19366  0.33542 -0.19366 -0.33542 -0.00000
f(x) = -1.76413e-08 -1.03488e-09 -4.33679e-10 -7.82440e-11  4.66842e-10  1.11565e-11  1.61599e-11

iter =   7
x =  0.38731  0.00000 -0.19366  0.33542 -0.19366 -0.33542  0.00000
f(x) =  8.48219e-10  4.99485e-11  2.03789e-11  3.71318e-12 -2.19709e-11 -5.93818e-13 -8.75772e-13

iter =   8
x =  0.38731  0.00000 -0.19366  0.33542 -0.19366 -0.33542  0.00000
f(x) =  3.06644e-12  1.81785e-13  7.02610e-14  1.23721e-14 -7.61452e-14 -2.06078e-15 -3.87190e-15

status = success
iter =   0
x =  0.38731  0.00000 -0.19366  0.33542 -0.19366 -0.33542  0.00000
f(x) =  2.01368e-02  1.82019e-13 -1.00684e-02  1.74390e-02 -1.00684e-02 -1.74390e-02 -3.87190e-15

iter =   1
x =  0.38731  0.00000 -0.19366  0.33542 -0.19366 -0.33542  0.00000
f(x) =  2.01368e-02  1.82019e-13 -1.00684e-02  1.74390e-02 -1.00684e-02 -1.74390e-02 -3.87190e-15

iter =   2
x =  0.38601 -0.00000 -0.19301  0.33430 -0.19301 -0.33430  0.00000
f(x) = -5.73189e-05  4.85669e-09  2.86216e-05 -4.96560e-05  2.86981e-05  4.96243e-05 -2.69327e-09

iter =   3
x =  0.38602  0.00000 -0.19301  0.33430 -0.19301 -0.33430 -0.00000
f(x) = -3.97791e-07  2.73581e-08 -5.05061e-08  1.41921e-07 -1.09358e-07 -1.37381e-07  2.67438e-09

iter =   4
x =  0.38602 -0.00000 -0.19301  0.33430 -0.19301 -0.33430  0.00000
f(x) =  3.77424e-07 -1.28311e-08 -3.54405e-08 -2.39757e-09  3.25074e-08 -3.60966e-09 -4.74761e-09

iter =   5
x =  0.38602  0.00000 -0.19301  0.33430 -0.19301 -0.33430  0.00000
f(x) = -5.04655e-08  3.07638e-09  1.06384e-09 -7.96924e-11 -9.96294e-10  1.95267e-10 -1.01923e-10

iter =   6
x =  0.38602  0.00000 -0.19301  0.33430 -0.19301 -0.33430  0.00000
f(x) = -1.66725e-08  9.85914e-10  4.31721e-10 -1.76726e-11 -4.04011e-10  7.16275e-11 -1.74771e-11

iter =   7
x =  0.38602 -0.00000 -0.19301  0.33430 -0.19301 -0.33430 -0.00000
f(x) =  7.82038e-10 -4.64267e-11 -1.97975e-11  8.81419e-13  1.84993e-11 -3.31456e-12  9.13353e-13

iter =   8
x =  0.38602 -0.00000 -0.19301  0.33430 -0.19301 -0.33430 -0.00000
f(x) =  2.80798e-12 -1.68413e-13 -6.77288e-14  4.23917e-15  6.35100e-14 -1.19701e-14  3.95517e-15

status = success
iter =   0
x =  0.38602 -0.00000 -0.19301  0.33430 -0.19301 -0.33430 -0.00000
f(x) =  2.00670e-02 -1.68464e-13 -1.00335e-02  1.73785e-02 -1.00335e-02 -1.73785e-02  3.95517e-15

iter =   1
x =  0.38602 -0.00000 -0.19301  0.33430 -0.19301 -0.33430 -0.00000
f(x) =  2.00670e-02 -1.68464e-13 -1.00335e-02  1.73785e-02 -1.00335e-02 -1.73785e-02  3.95517e-15

iter =   2
x =  0.38474 -0.00000 -0.19237  0.33319 -0.19237 -0.33319  0.00000
f(x) = -5.60864e-05  5.00986e-09  2.80060e-05 -4.85870e-05  2.80797e-05  4.85562e-05 -2.56804e-09

iter =   3
x =  0.38474  0.00000 -0.19237  0.33320 -0.19237 -0.33320 -0.00000
f(x) = -3.78242e-07  2.62516e-08 -4.87765e-08  1.36085e-07 -1.04947e-07 -1.32115e-07  2.51654e-09

iter =   4
x =  0.38474 -0.00000 -0.19237  0.33320 -0.19237 -0.33320  0.00000
f(x) =  3.54304e-07 -1.20067e-08 -3.36211e-08 -2.04761e-09  3.09047e-08 -3.33781e-09 -4.48909e-09

iter =   5
x =  0.38474  0.00000 -0.19237  0.33320 -0.19237 -0.33320  0.00000
f(x) = -4.82170e-08  2.96237e-09  9.90606e-10 -9.60134e-11 -9.37335e-10  1.80674e-10 -1.02810e-10

iter =   6
x =  0.38474  0.00000 -0.19237  0.33320 -0.19237 -0.33320  0.00000
f(x) = -1.58864e-08  9.46977e-10  4.02918e-10 -2.36858e-11 -3.80253e-10  6.61426e-11 -1.85329e-11

iter =   7
x =  0.38474 -0.00000 -0.19237  0.33320 -0.19237 -0.33320 -0.00000
f(x) =  7.13747e-10 -4.27198e-11 -1.76690e-11  1.11284e-12  1.66532e-11 -2.92970e-12  9.21541e-13

iter =   8
x =  0.38474 -0.00000 -0.19237  0.33320 -0.19237 -0.33320 -0.00000
f(x) =  2.58660e-12 -1.55858e-13 -6.09886e-14  4.22062e-15  5.67698e-14 -1.06564e-14  3.98293e-15

status = success
iter =   0
x =  0.38474 -0.00000 -0.19237  0.33320 -0.19237 -0.33320 -0.00000
f(x) =  1.99981e-02 -1.55844e-13 -9.99906e-03  1.73189e-02 -9.99906e-03 -1.73189e-02  3.98293e-15

iter =   1
x =  0.38474 -0.00000 -0.19237  0.33320 -0.19237 -0.33320 -0.00000
f(x) =  1.99981e-02 -1.55844e-13 -9.99906e-03  1.73189e-02 -9.99906e-03 -1.73189e-02  3.98293e-15

iter =   2
x =  0.38348 -0.00000 -0.19174  0.33211 -0.19174 -0.33211  0.00000
f(x) = -5.48949e-05  4.79682e-09  2.74111e-05 -4.75543e-05  2.74826e-05  4.75245e-05 -2.49242e-09

iter =   3
x =  0.38349  0.00000 -0.19174  0.33211 -0.19174 -0.33211 -0.00000
f(x) = -3.63534e-07  2.53149e-08 -4.67341e-08  1.30576e-07 -1.01151e-07 -1.27071e-07  2.42777e-09

iter =   4
x =  0.38349 -0.00000 -0.19174  0.33211 -0.19174 -0.33211  0.00000
f(x) =  3.38284e-07 -1.14665e-08 -3.23371e-08 -1.74641e-09  2.97959e-08 -3.13099e-09 -4.29885e-09

iter =   5
x =  0.38349  0.00000 -0.19174  0.33211 -0.19174 -0.33211  0.00000
f(x) = -4.56761e-08  2.83223e-09  9.04197e-10 -1.11104e-10 -8.66216e-10  1.65016e-10 -1.04173e-10

iter =   6
x =  0.38349  0.00000 -0.19174  0.33211 -0.19174 -0.33211  0.00000
f(x) = -1.50274e-08  9.03862e-10  3.71026e-10 -2.92049e-11 -3.53622e-10  6.04776e-11 -1.96303e-11

iter =   7
x =  0.38349 -0.00000 -0.19174  0.33211 -0.19174 -0.33211 -0.00000
f(x) =  6.53185e-10 -3.94534e-11 -1.57155e-11  1.31516e-12  1.49603e-11 -2.58972e-12  9.37236e-13

iter =   8
x =  0.38349 -0.00000 -0.19174  0.33211 -0.19174 -0.33211 -0.00000
f(x) =  2.35478e-12 -1.43502e-13 -5.26706e-14  5.00997e-15  5.05611e-14 -9.42293e-15  4.03844e-15

status = success
iter =   0
x =  0.38349 -0.00000 -0.19174  0.33211 -0.19174 -0.33211 -0.00000
f(x) =  1.99302e-02 -1.43975e-13 -9.96508e-03  1.72600e-02 -9.96508e-03 -1.72600e-02  4.03844e-15

iter =   1
x =  0.38349 -0.00000 -0.19174  0.33211 -0.19174 -0.33211 -0.00000
f(x) =  1.99302e-02 -1.43975e-13 -9.96508e-03  1.72600e-02 -9.96508e-03 -1.72600e-02  4.03844e-15

iter =   2
x =  0.38224 -0.00000 -0.19112  0.33103 -0.19112 -0.33103  0.00000
f(x) = -5.37428e-05  4.54230e-09  2.68361e-05 -4.65561e-05  2.69060e-05  4.65274e-05 -2.42376e-09

iter =   3
x =  0.38225  0.00000 -0.19112  0.33104 -0.19112 -0.33104 -0.00000
f(x) = -3.50596e-07  2.44784e-08 -4.47460e-08  1.25347e-07 -9.76011e-08 -1.22274e-07  2.34992e-09

iter =   4
x =  0.38225 -0.00000 -0.19112  0.33104 -0.19112 -0.33104  0.00000
f(x) =  3.23864e-07 -1.09822e-08 -3.11828e-08 -1.46900e-09  2.88087e-08 -2.94382e-09 -4.12918e-09

iter =   5
x =  0.38225  0.00000 -0.19112  0.33104 -0.19112 -0.33104  0.00000
f(x) = -4.33747e-08  2.71557e-09  8.23249e-10 -1.25137e-10 -8.00208e-10  1.50863e-10 -1.05637e-10

iter =   6
x =  0.38225  0.00000 -0.19112  0.33104 -0.19112 -0.33104  0.00000
f(x) = -1.42544e-08  8.65459e-10  3.41479e-10 -3.43098e-11 -3.29184e-10  5.53838e-11 -2.06872e-11

iter =   7
x =  0.38225 -0.00000 -0.19112  0.33104 -0.19112 -0.33104 -0.00000
f(x) =  5.98112e-10 -3.64729e-11 -1.39341e-11  1.48150e-12  1.34210e-11 -2.28704e-12  9.47742e-13

iter =   8
x =  0.38225 -0.00000 -0.19112  0.33104 -0.19112 -0.33104 -0.00000
f(x) =  2.15050e-12 -1.32508e-13 -4.76585e-14  5.77925e-15  4.49939e-14 -8.65365e-15  3.99680e-15

status = success
iter =   0
x =  0.38225 -0.00000 -0.19112  0.33104 -0.19112 -0.33104 -0.00000
f(x) =  1.98631e-02 -1.32372e-13 -9.93154e-03  1.72019e-02 -9.93154e-03 -1.72019e-02  3.99680e-15

iter =   1
x =  0.38225 -0.00000 -0.19112  0.33104 -0.19112 -0.33104 -0.00000
f(x) =  1.98631e-02 -1.32372e-13 -9.93154e-03  1.72019e-02 -9.93154e-03 -1.72019e-02  3.99680e-15

iter =   2
x =  0.38225 -0.00000 -0.19112  0.33104 -0.19112 -0.33104 -0.00000
f(x) =  1.98631e-02 -1.32372e-13 -9.93154e-03  1.72019e-02 -9.93154e-03 -1.72019e-02  3.99680e-15

iter =   3
x =  0.38225 -0.00000 -0.19112  0.33104 -0.19112 -0.33104 -0.00000
f(x) =  1.98631e-02 -1.32372e-13 -9.93154e-03  1.72019e-02 -9.93154e-03 -1.72019e-02  3.99680e-15

iter =   4
x =  0.38225 -0.00000 -0.19112  0.33104 -0.19112 -0.33104 -0.00000
f(x) =  1.98631e-02 -1.32372e-13 -9.93154e-03  1.72019e-02 -9.93154e-03 -1.72019e-02  3.99680e-15

iter =   5
x =  0.38225 -0.00000 -0.19112  0.33104 -0.19112 -0.33104 -0.00000
f(x) =  1.98631e-02 -1.32372e-13 -9.93154e-03  1.72019e-02 -9.93154e-03 -1.72019e-02  3.99680e-15

iter =   6
x =  0.38225 -0.00000 -0.19112  0.33104 -0.19112 -0.33104 -0.00000
f(x) =  1.98631e-02 -1.32372e-13 -9.93154e-03  1.72019e-02 -9.93154e-03 -1.72019e-02  3.99680e-15

iter =   7
x =  0.38225 -0.00000 -0.19112  0.33104 -0.19112 -0.33104 -0.00000
f(x) =  1.98631e-02 -1.32372e-13 -9.93154e-03  1.72019e-02 -9.93154e-03 -1.72019e-02  3.99680e-15

iter =   8
x =  0.38225 -0.00000 -0.19112  0.33104 -0.19112 -0.33104 -0.00000
f(x) =  1.98631e-02 -1.32372e-13 -9.93154e-03  1.72019e-02 -9.93154e-03 -1.72019e-02  3.99680e-15

iter =   9
x =  0.38225 -0.00000 -0.19112  0.33104 -0.19112 -0.33104 -0.00000
f(x) =  1.98631e-02 -1.32372e-13 -9.93154e-03  1.72019e-02 -9.93154e-03 -1.72019e-02  3.99680e-15

iter =  10
x =  0.38225 -0.00000 -0.19112  0.33104 -0.19112 -0.33104 -0.00000
f(x) =  1.98631e-02 -1.32372e-13 -9.93154e-03  1.72019e-02 -9.93154e-03 -1.72019e-02  3.99680e-15

status = iteration is not making progress towards solution
iter =   0
x =  0.38225 -0.00000 -0.19112  0.33104 -0.19112 -0.33104 -0.00000
f(x) =  3.97668e-02 -1.32461e-13 -1.98834e-02  3.44391e-02 -1.98834e-02 -3.44391e-02  3.99680e-15

iter =   1
x =  0.38225 -0.00000 -0.19112  0.33104 -0.19112 -0.33104 -0.00000
f(x) =  3.97668e-02 -1.32461e-13 -1.98834e-02  3.44391e-02 -1.98834e-02 -3.44391e-02  3.99680e-15

iter =   2
x =  0.37981  0.00000 -0.18990  0.32892 -0.18990 -0.32892 -0.00000
f(x) = -2.07992e-04 -1.71700e-08  1.04133e-04 -1.80073e-04  1.03862e-04  1.80184e-04  9.25414e-09

iter =   3
x =  0.37982 -0.00000 -0.18991  0.32893 -0.18991 -0.32893  0.00000
f(x) = -7.88499e-07 -9.31788e-08 -6.37842e-07  9.29690e-07 -4.36306e-07 -9.38642e-07 -8.87531e-09

iter =   4
x =  0.37982  0.00000 -0.18991  0.32893 -0.18991 -0.32893 -0.00000
f(x) =  1.19548e-06  4.02470e-08  1.05445e-07  9.93784e-09 -1.19788e-07  4.51275e-09  1.53619e-08

iter =   5
x =  0.37982 -0.00000 -0.18991  0.32893 -0.18991 -0.32893 -0.00000
f(x) = -1.74644e-07 -1.07282e-08 -3.91766e-09 -7.01870e-10  3.68001e-09  5.62666e-10  3.31572e-10

iter =   6
x =  0.37982 -0.00000 -0.18991  0.32893 -0.18991 -0.32893 -0.00000
f(x) = -5.31432e-08 -3.24454e-09 -1.23799e-09 -2.25905e-10  1.15107e-09  1.69616e-10  9.38842e-11

iter =   7
x =  0.37982  0.00000 -0.18991  0.32893 -0.18991 -0.32893  0.00000
f(x) =  3.25316e-10  2.21491e-11  2.04399e-12  9.00276e-13 -1.45446e-12 -1.66034e-12 -1.68178e-12

iter =   8
x =  0.37982  0.00000 -0.18991  0.32893 -0.18991 -0.32893  0.00000
f(x) =  3.20821e-11  2.00752e-12  6.29234e-13  1.25758e-13 -5.74500e-13 -1.15605e-13 -8.04218e-14

status = success
iter =   0
x =  0.37982  0.00000 -0.18991  0.32893 -0.18991 -0.32893  0.00000
f(x) =  1.97315e-02  2.00977e-12 -9.86575e-03  1.70880e-02 -9.86575e-03 -1.70880e-02 -8.04218e-14

iter =   1
x =  0.37982  0.00000 -0.18991  0.32893 -0.18991 -0.32893  0.00000
f(x) =  1.97315e-02  2.00977e-12 -9.86575e-03  1.70880e-02 -9.86575e-03 -1.70880e-02 -8.04218e-14

iter =   2
x =  0.37863  0.00000 -0.18931  0.32790 -0.18931 -0.32790 -0.00000
f(x) = -5.05084e-05 -4.36241e-09  2.52861e-05 -4.37282e-05  2.52219e-05  4.37547e-05  2.18765e-09

iter =   3
x =  0.37863 -0.00000 -0.18932  0.32791 -0.18932 -0.32791  0.00000
f(x) = -3.11174e-07 -2.20919e-08 -8.75099e-08  1.09313e-07 -3.98975e-08 -1.11164e-07 -2.07561e-09

iter =   4
x =  0.37863  0.00000 -0.18932  0.32791 -0.18932 -0.32791 -0.00000
f(x) =  2.78708e-07  9.41748e-09  2.56697e-08  2.40089e-09 -2.75271e-08  7.38068e-10  3.61954e-09

iter =   5
x =  0.37863 -0.00000 -0.18932  0.32791 -0.18932 -0.32791 -0.00000
f(x) = -3.77414e-08 -2.43307e-09 -6.38811e-10 -1.16797e-10  6.19398e-10  1.61177e-10  1.08754e-10

iter =   6
x =  0.37863 -0.00000 -0.18932  0.32791 -0.18932 -0.32791 -0.00000
f(x) = -1.23593e-08 -7.72637e-10 -2.68293e-10 -4.30042e-11  2.66084e-10  4.73982e-11  2.33410e-11

iter =   7
x =  0.37863  0.00000 -0.18932  0.32791 -0.18932 -0.32791  0.00000
f(x) =  4.49464e-10  2.82371e-11  9.41274e-12  1.53521e-12 -9.33125e-12 -1.75838e-12 -9.17572e-13

iter =   8
x =  0.37863  0.00000 -0.18932  0.32791 -0.18932 -0.32791  0.00000
f(x) =  1.62004e-12  1.01948e-13  3.11136e-14  5.70613e-15 -3.11136e-14 -6.50633e-15 -3.74700e-15

status = success
iter =   0
x =  0.37863  0.00000 -0.18932  0.32791 -0.18932 -0.32791  0.00000
f(x) =  1.96670e-02  1.02225e-13 -9.83348e-03  1.70321e-02 -9.83348e-03 -1.70321e-02 -3.74700e-15

iter =   1
x =  0.37863  0.00000 -0.18932  0.32791 -0.18932 -0.32791  0.00000
f(x) =  1.96670e-02  1.02225e-13 -9.83348e-03  1.70321e-02 -9.83348e-03 -1.70321e-02 -3.74700e-15

iter =   2
x =  0.37746 -0.00000 -0.18873  0.32689 -0.18873 -0.32689  0.00000
f(x) = -4.94996e-05  4.05597e-09  2.47181e-05 -4.28800e-05  2.47810e-05  4.28547e-05 -2.13550e-09

iter =   3
x =  0.37746  0.00000 -0.18873  0.32689 -0.18873 -0.32689 -0.00000
f(x) = -3.00161e-07  2.13708e-08 -3.82985e-08  1.06905e-07 -8.46212e-08 -1.05389e-07  2.02047e-09

iter =   4
x =  0.37746 -0.00000 -0.18873  0.32689 -0.18873 -0.32689  0.00000
f(x) =  2.67450e-07 -9.04639e-09 -2.65762e-08 -5.31609e-10  2.48726e-08 -2.25693e-09 -3.48557e-09

iter =   5
x =  0.37746  0.00000 -0.18873  0.32689 -0.18873 -0.32689  0.00000
f(x) = -3.57570e-08  2.33047e-09  5.47537e-10 -1.69983e-10 -5.80761e-10  1.05853e-10 -1.09527e-10

iter =   6
x =  0.37746  0.00000 -0.18873  0.32689 -0.18873 -0.32689  0.00000
f(x) = -1.17077e-08  7.39737e-10  2.40332e-10 -5.06746e-11 -2.47215e-10  3.91141e-11 -2.40877e-11

iter =   7
x =  0.37746 -0.00000 -0.18873  0.32689 -0.18873 -0.32689 -0.00000
f(x) =  4.05432e-10 -2.57494e-11 -7.99349e-12  1.78368e-12  8.23329e-12 -1.32717e-12  8.99114e-13

iter =   8
x =  0.37746 -0.00000 -0.18873  0.32689 -0.18873 -0.32689 -0.00000
f(x) =  1.44729e-12 -9.30258e-14 -2.67780e-14  7.11166e-15  2.67780e-14 -4.87875e-15  3.64986e-15

status = success
iter =   0
x =  0.37746 -0.00000 -0.18873  0.32689 -0.18873 -0.32689 -0.00000
f(x) =  1.96032e-02 -9.30371e-14 -9.80161e-03  1.69769e-02 -9.80161e-03 -1.69769e-02  3.64986e-15

iter =   1
x =  0.37746 -0.00000 -0.18873  0.32689 -0.18873 -0.32689 -0.00000
f(x) =  1.96032e-02 -9.30371e-14 -9.80161e-03  1.69769e-02 -9.80161e-03 -1.69769e-02  3.64986e-15

iter =   2
x =  0.37630 -0.00000 -0.18815  0.32589 -0.18815 -0.32589  0.00000
f(x) = -4.85233e-05  4.18847e-09  2.42307e-05 -4.20336e-05  2.42913e-05  4.20089e-05 -2.04586e-09

iter =   3
x =  0.37630  0.00000 -0.18815  0.32589 -0.18815 -0.32589 -0.00000
f(x) = -2.86190e-07  2.05876e-08 -3.71873e-08  1.02846e-07 -8.14811e-08 -1.01690e-07  1.91152e-09

iter =   4
x =  0.37630 -0.00000 -0.18815  0.32589 -0.18815 -0.32589  0.00000
f(x) =  2.51602e-07 -8.47809e-09 -2.52578e-08 -3.41614e-10  2.37269e-08 -2.08516e-09 -3.31191e-09

iter =   5
x =  0.37630  0.00000 -0.18815  0.32589 -0.18815 -0.32589  0.00000
f(x) = -3.42992e-08  2.25723e-09  4.93989e-10 -1.79048e-10 -5.40311e-10  9.75272e-11 -1.09811e-10

iter =   6
x =  0.37630  0.00000 -0.18815  0.32589 -0.18815 -0.32589  0.00000
f(x) = -1.12141e-08  7.15654e-10  2.19938e-10 -5.39710e-11 -2.31292e-10  3.60268e-11 -2.47025e-11

iter =   7
x =  0.37630 -0.00000 -0.18815  0.32589 -0.18815 -0.32589 -0.00000
f(x) =  3.63187e-10 -2.33050e-11 -6.80810e-12  1.77615e-12  7.17647e-12 -1.14262e-12  8.61936e-13

iter =   8
x =  0.37630 -0.00000 -0.18815  0.32589 -0.18815 -0.32589 -0.00000
f(x) =  1.30806e-12 -8.44363e-14 -2.21113e-14  5.96927e-15  2.27774e-14 -4.68887e-15  3.53884e-15

status = success
iter =   0
x =  0.37630 -0.00000 -0.18815  0.32589 -0.18815 -0.32589 -0.00000
f(x) =  1.95403e-02 -8.45776e-14 -9.77013e-03  1.69224e-02 -9.77013e-03 -1.69224e-02  3.53884e-15

iter =   1
x =  0.37630 -0.00000 -0.18815  0.32589 -0.18815 -0.32589 -0.00000
f(x) =  1.95403e-02 -8.45776e-14 -9.77013e-03  1.69224e-02 -9.77013e-03 -1.69224e-02  3.53884e-15

iter =   2
x =  0.37516  0.00000 -0.18758  0.32490 -0.18758 -0.32490 -0.00000
f(x) = -4.75749e-05 -4.01826e-09  2.38171e-05 -4.11889e-05  2.37577e-05  4.12131e-05  1.98889e-09

iter =   3
x =  0.37516 -0.00000 -0.18758  0.32490 -0.18758 -0.32490  0.00000
f(x) = -2.77647e-07 -2.00240e-08 -7.88775e-08  9.81230e-08 -3.57224e-08 -9.89794e-08 -1.85909e-09

iter =   4
x =  0.37516  0.00000 -0.18758  0.32490 -0.18758 -0.32490 -0.00000
f(x) =  2.41662e-07  8.13867e-09  2.30413e-08  1.96147e-09 -2.44304e-08  1.68755e-10  3.19927e-09

iter =   5
x =  0.37516 -0.00000 -0.18758  0.32490 -0.18758 -0.32490 -0.00000
f(x) = -3.28280e-08 -2.18407e-09 -4.94601e-10 -8.91710e-11  4.35043e-10  1.87193e-10  1.10924e-10

iter =   6
x =  0.37516 -0.00000 -0.18758  0.32490 -0.18758 -0.32490 -0.00000
f(x) = -1.07307e-08 -6.92198e-10 -2.14730e-10 -3.30434e-11  1.98922e-10  5.69441e-11  2.54510e-11

iter =   7
x =  0.37516  0.00000 -0.18758  0.32490 -0.18758 -0.32490  0.00000
f(x) =  3.26818e-10  2.12046e-11  6.23769e-12  9.83536e-13 -5.75552e-12 -1.76160e-12 -8.34444e-13

iter =   8
x =  0.37516  0.00000 -0.18758  0.32490 -0.18758 -0.32490  0.00000
f(x) =  1.17484e-12  7.70450e-14  2.08227e-14  1.79775e-15 -1.76031e-14 -5.08564e-15 -3.40006e-15

status = success
iter =   0
x =  0.37516  0.00000 -0.18758  0.32490 -0.18758 -0.32490  0.00000
f(x) =  1.94781e-02  7.70440e-14 -9.73904e-03  1.68685e-02 -9.73904e-03 -1.68685e-02 -3.40006e-15

iter =   1
x =  0.37516  0.00000 -0.18758  0.32490 -0.18758 -0.32490  0.00000
f(x) =  1.94781e-02  7.70440e-14 -9.73904e-03  1.68685e-02 -9.73904e-03 -1.68685e-02 -3.40006e-15

iter =   2
x =  0.37516  0.00000 -0.18758  0.32490 -0.18758 -0.32490  0.00000
f(x) =  1.94781e-02  7.70440e-14 -9.73904e-03  1.68685e-02 -9.73904e-03 -1.68685e-02 -3.40006e-15

iter =   3
x =  0.37516  0.00000 -0.18758  0.32490 -0.18758 -0.32490  0.00000
f(x) =  1.94781e-02  7.70440e-14 -9.73904e-03  1.68685e-02 -9.73904e-03 -1.68685e-02 -3.40006e-15

iter =   4
x =  0.37516  0.00000 -0.18758  0.32490 -0.18758 -0.32490  0.00000
f(x) =  1.94781e-02  7.70440e-14 -9.73904e-03  1.68685e-02 -9.73904e-03 -1.68685e-02 -3.40006e-15

iter =   5
x =  0.37516  0.00000 -0.18758  0.32490 -0.18758 -0.32490  0.00000
f(x) =  1.94781e-02  7.70440e-14 -9.73904e-03  1.68685e-02 -9.73904e-03 -1.68685e-02 -3.40006e-15

iter =   6
x =  0.37516  0.00000 -0.18758  0.32490 -0.18758 -0.32490  0.00000
f(x) =  1.94781e-02  7.70440e-14 -9.73904e-03  1.68685e-02 -9.73904e-03 -1.68685e-02 -3.40006e-15

iter =   7
x =  0.37516  0.00000 -0.18758  0.32490 -0.18758 -0.32490  0.00000
f(x) =  1.94781e-02  7.70440e-14 -9.73904e-03  1.68685e-02 -9.73904e-03 -1.68685e-02 -3.40006e-15

iter =   8
x =  0.37516  0.00000 -0.18758  0.32490 -0.18758 -0.32490  0.00000
f(x) =  1.94781e-02  7.70440e-14 -9.73904e-03  1.68685e-02 -9.73904e-03 -1.68685e-02 -3.40006e-15

iter =   9
x =  0.37516  0.00000 -0.18758  0.32490 -0.18758 -0.32490  0.00000
f(x) =  1.94781e-02  7.70440e-14 -9.73904e-03  1.68685e-02 -9.73904e-03 -1.68685e-02 -3.40006e-15

iter =  10
x =  0.37516  0.00000 -0.18758  0.32490 -0.18758 -0.32490  0.00000
f(x) =  1.94781e-02  7.70440e-14 -9.73904e-03  1.68685e-02 -9.73904e-03 -1.68685e-02 -3.40006e-15

status = iteration is not making progress towards solution
iter =   0
x =  0.37516  0.00000 -0.18758  0.32490 -0.18758 -0.32490  0.00000
f(x) =  3.89939e-02  7.70999e-14 -1.94970e-02  3.37697e-02 -1.94970e-02 -3.37697e-02 -3.40006e-15

iter =   1
x =  0.37516  0.00000 -0.18758  0.32490 -0.18758 -0.32490  0.00000
f(x) =  3.89939e-02  7.70999e-14 -1.94970e-02  3.37697e-02 -1.94970e-02 -3.37697e-02 -3.40006e-15

iter =   2
x =  0.37291  0.00000 -0.18646  0.32295 -0.18646 -0.32295 -0.00000
f(x) = -1.84418e-04 -1.55094e-08  9.23236e-05 -1.59664e-04  9.20945e-05  1.59757e-04  7.61628e-09

iter =   3
x =  0.37292 -0.00000 -0.18646  0.32296 -0.18646 -0.32296  0.00000
f(x) = -6.13447e-07 -7.61578e-08 -5.14529e-07  7.47274e-07 -3.50946e-07 -7.48305e-07 -7.00679e-09

iter =   4
x =  0.37292  0.00000 -0.18646  0.32296 -0.18646 -0.32296 -0.00000
f(x) =  8.86551e-07  2.95650e-08  8.41124e-08  6.79243e-09 -9.33356e-08 -3.35083e-10  1.18965e-08

iter =   5
x =  0.37292 -0.00000 -0.18646  0.32296 -0.18646 -0.32296 -0.00000
f(x) = -1.32768e-07 -8.66045e-09 -2.61449e-09 -4.31194e-10  2.03095e-09  7.98494e-10  3.66487e-10

iter =   6
x =  0.37292 -0.00000 -0.18646  0.32296 -0.18646 -0.32296 -0.00000
f(x) = -4.00378e-08 -2.60781e-09 -7.96735e-10 -1.36270e-10  6.02993e-10  2.40604e-10  1.11235e-10

iter =   7
x =  0.37292 -0.00000 -0.18646  0.32296 -0.18646 -0.32296  0.00000
f(x) = -9.17710e-13  1.72419e-12 -4.31621e-12 -3.11852e-13  4.34663e-12 -3.96895e-13 -8.25992e-13

status = success
iter =   0
x =  0.37292 -0.00000 -0.18646  0.32296 -0.18646 -0.32296  0.00000
f(x) =  1.93559e-02  1.68575e-12 -9.67797e-03  1.67627e-02 -9.67797e-03 -1.67627e-02 -8.25992e-13

iter =   1
x =  0.37292 -0.00000 -0.18646  0.32296 -0.18646 -0.32296  0.00000
f(x) =  1.93559e-02  1.68575e-12 -9.67797e-03  1.67627e-02 -9.67797e-03 -1.67627e-02 -8.25992e-13

iter =   2
x =  0.37182 -0.00000 -0.18591  0.32201 -0.18591 -0.32201  0.00000
f(x) = -4.49050e-05  3.76083e-09  2.24245e-05 -3.88989e-05  2.24793e-05  3.88768e-05 -1.80895e-09

iter =   3
x =  0.37183  0.00000 -0.18591  0.32201 -0.18591 -0.32201 -0.00000
f(x) = -2.46595e-07  1.81255e-08 -3.23282e-08  8.84711e-08 -7.12324e-08 -8.84304e-08  1.65870e-09

iter =   4
x =  0.37183 -0.00000 -0.18591  0.32201 -0.18591 -0.32201  0.00000
f(x) =  2.08477e-07 -6.97974e-09 -2.15671e-08  2.63674e-10  2.06068e-08 -1.58545e-09 -2.82232e-09

iter =   5
x =  0.37183  0.00000 -0.18591  0.32201 -0.18591 -0.32201  0.00000
f(x) = -2.86200e-08  1.96703e-09  2.75560e-10 -2.03950e-10 -3.71495e-10  6.74279e-11 -1.11703e-10

iter =   6
x =  0.37183  0.00000 -0.18591  0.32201 -0.18591 -0.32201  0.00000
f(x) = -9.34244e-09  6.22610e-10  1.40614e-10 -6.32739e-11 -1.68721e-10  2.51704e-11 -2.69763e-11

iter =   7
x =  0.37183 -0.00000 -0.18591  0.32201 -0.18591 -0.32201 -0.00000
f(x) =  2.25353e-10 -1.51261e-11 -3.12534e-12  1.54792e-12  3.80258e-12 -5.90816e-13  7.01841e-13

iter =   8
x =  0.37183 -0.00000 -0.18591  0.32201 -0.18591 -0.32201 -0.00000
f(x) =  8.14460e-13 -5.50997e-14 -9.55370e-15  5.51836e-15  1.17742e-14 -2.03116e-15  2.90046e-15

status = success
iter =   0
x =  0.37183 -0.00000 -0.18591  0.32201 -0.18591 -0.32201 -0.00000
f(x) =  1.92960e-02 -5.52369e-14 -9.64798e-03  1.67108e-02 -9.64798e-03 -1.67108e-02  2.90046e-15

iter =   1
x =  0.37183 -0.00000 -0.18591  0.32201 -0.18591 -0.32201 -0.00000
f(x) =  1.92960e-02 -5.52369e-14 -9.64798e-03  1.67108e-02 -9.64798e-03 -1.67108e-02  2.90046e-15

iter =   2
x =  0.37074 -0.00000 -0.18537  0.32107 -0.18537 -0.32107  0.00000
f(x) = -4.40660e-05  3.48264e-09  2.20061e-05 -3.81731e-05  2.20602e-05  3.81517e-05 -1.77488e-09

iter =   3
x =  0.37074  0.00000 -0.18537  0.32107 -0.18537 -0.32107 -0.00000
f(x) = -2.40247e-07  1.76649e-08 -3.10383e-08  8.52816e-08 -6.91698e-08 -8.54625e-08  1.63182e-09

iter =   4
x =  0.37074 -0.00000 -0.18537  0.32107 -0.18537 -0.32107  0.00000
f(x) =  2.01724e-07 -6.75802e-09 -2.09703e-08  3.90484e-10  2.01320e-08 -1.49608e-09 -2.74218e-09

iter =   5
x =  0.37074  0.00000 -0.18537  0.32107 -0.18537 -0.32107  0.00000
f(x) = -2.73006e-08  1.89899e-09  2.22130e-10 -2.07574e-10 -3.29411e-10  6.08992e-11 -1.12405e-10

iter =   6
x =  0.37074  0.00000 -0.18537  0.32107 -0.18537 -0.32107  0.00000
f(x) = -8.91739e-09  6.01273e-10  1.21909e-10 -6.47389e-11 -1.53837e-10  2.28641e-11 -2.75267e-11

iter =   7
x =  0.37074 -0.00000 -0.18537  0.32107 -0.18537 -0.32107 -0.00000
f(x) =  1.97143e-10 -1.33971e-11 -2.43957e-12  1.45032e-12  3.14712e-12 -4.87903e-13  6.57377e-13

iter =   8
x =  0.37074 -0.00000 -0.18537  0.32107 -0.18537 -0.32107 -0.00000
f(x) =  7.05880e-13 -4.83583e-14 -6.35140e-15  5.18785e-15  8.46082e-15 -2.36167e-15  2.69229e-15

status = success
iter =   0
x =  0.37074 -0.00000 -0.18537  0.32107 -0.18537 -0.32107 -0.00000
f(x) =  1.92367e-02 -4.84148e-14 -9.61833e-03  1.66594e-02 -9.61833e-03 -1.66594e-02  2.69229e-15

iter =   1
x =  0.37074 -0.00000 -0.18537  0.32107 -0.18537 -0.32107 -0.00000
f(x) =  1.92367e-02 -4.84148e-14 -9.61833e-03  1.66594e-02 -9.61833e-03 -1.66594e-02  2.69229e-15

iter =   2
x =  0.36967 -0.00000 -0.18483  0.32014 -0.18483 -0.32014  0.00000
f(x) = -4.32522e-05  3.55036e-09  2.16004e-05 -3.74692e-05  2.16529e-05  3.74479e-05 -1.71294e-09

iter =   3
x =  0.36967  0.00000 -0.18484  0.32014 -0.18484 -0.32014 -0.00000
f(x) = -2.31809e-07  1.71608e-08 -3.00986e-08  8.22420e-08 -6.69158e-08 -8.26495e-08  1.56601e-09

iter =   4
x =  0.36967 -0.00000 -0.18484  0.32014 -0.18484 -0.32014  0.00000
f(x) =  1.91841e-07 -6.39899e-09 -2.01200e-08  4.94604e-10  1.94071e-08 -1.39043e-09 -2.63420e-09

iter =   5
x =  0.36967  0.00000 -0.18484  0.32014 -0.18484 -0.32014  0.00000
f(x) = -2.63367e-08  1.85155e-09  1.80600e-10 -2.12220e-10 -2.99362e-10  5.58959e-11 -1.12878e-10

iter =   6
x =  0.36967  0.00000 -0.18484  0.32014 -0.18484 -0.32014  0.00000
f(x) = -8.59618e-09  5.85933e-10  1.06645e-10 -6.64506e-11 -1.42426e-10  2.10187e-11 -2.80109e-11

iter =   7
x =  0.36967 -0.00000 -0.18484  0.32014 -0.18484 -0.32014 -0.00000
f(x) =  1.71291e-10 -1.17755e-11 -1.87812e-12  1.34220e-12  2.59055e-12 -4.03958e-13  6.05030e-13

iter =   8
x =  0.36967 -0.00000 -0.18484  0.32014 -0.18484 -0.32014 -0.00000
f(x) =  6.17506e-13 -4.39675e-14 -5.50400e-15  4.87356e-15  8.83466e-15 -8.99596e-16  2.47025e-15

status = success
iter =   0
x =  0.36967 -0.00000 -0.18484  0.32014 -0.18484 -0.32014 -0.00000
f(x) =  1.91781e-02 -4.36200e-14 -9.58903e-03  1.66087e-02 -9.58903e-03 -1.66087e-02  2.47025e-15

iter =   1
x =  0.36967 -0.00000 -0.18484  0.32014 -0.18484 -0.32014 -0.00000
f(x) =  1.91781e-02 -4.36200e-14 -9.58903e-03  1.66087e-02 -9.58903e-03 -1.66087e-02  2.47025e-15

iter =   2
x =  0.36861  0.00000 -0.18431  0.31923 -0.18431 -0.31923 -0.00000
f(x) = -4.24633e-05 -3.52461e-09  2.12577e-05 -3.67646e-05  2.12066e-05  3.67854e-05  1.66304e-09

iter =   3
x =  0.36861 -0.00000 -0.18431  0.31923 -0.18431 -0.31923  0.00000
f(x) = -2.23202e-07 -1.66329e-08 -6.47685e-08  7.99591e-08 -2.91994e-08 -7.93490e-08 -1.50813e-09

iter =   4
x =  0.36861  0.00000 -0.18431  0.31923 -0.18431 -0.31923 -0.00000
f(x) =  1.82682e-07  6.07299e-09  1.87148e-08  1.29160e-09 -1.93076e-08 -5.88940e-10  2.53039e-09

iter =   5
x =  0.36861 -0.00000 -0.18431  0.31923 -0.18431 -0.31923 -0.00000
f(x) = -2.52555e-08 -1.79534e-09 -2.67105e-10 -5.08323e-11  1.37843e-10  2.14900e-10  1.12911e-10

iter =   6
x =  0.36861 -0.00000 -0.18431  0.31923 -0.18431 -0.31923 -0.00000
f(x) = -8.23984e-09 -5.67974e-10 -1.30281e-10 -1.91653e-11  9.09608e-11  6.75326e-11  2.83694e-11

iter =   7
x =  0.36861  0.00000 -0.18431  0.31923 -0.18431 -0.31923  0.00000
f(x) =  1.46560e-10  1.01980e-11  2.07983e-12  3.26650e-13 -1.37928e-12 -1.21678e-12 -5.49408e-13

iter =   8
x =  0.36861  0.00000 -0.18431  0.31923 -0.18431 -0.31923  0.00000
f(x) =  5.31353e-13  3.77723e-14  6.84793e-15  1.86321e-15 -3.85033e-15 -5.24221e-15 -2.20657e-15

status = success
iter =   0
x =  0.36861  0.00000 -0.18431  0.31923 -0.18431 -0.31923  0.00000
f(x) =  1.91201e-02  3.81311e-14 -9.56007e-03  1.65585e-02 -9.56007e-03 -1.65585e-02 -2.20657e-15

iter =   1
x =  0.36861  0.00000 -0.18431  0.31923 -0.18431 -0.31923  0.00000
f(x) =  1.91201e-02  3.81311e-14 -9.56007e-03  1.65585e-02 -9.56007e-03 -1.65585e-02 -2.20657e-15

iter =   2
x =  0.36757 -0.00000 -0.18378  0.31832 -0.18378 -0.31832  0.00000
f(x) = -4.16969e-05  3.27692e-09  2.08234e-05 -3.61207e-05  2.08736e-05  3.61009e-05 -1.62180e-09

iter =   3
x =  0.36757  0.00000 -0.18378  0.31832 -0.18378 -0.31832 -0.00000
f(x) = -2.14940e-07  1.60906e-08 -2.82621e-08  7.65937e-08 -6.27940e-08 -7.73796e-08  1.46865e-09

iter =   4
x =  0.36757 -0.00000 -0.18378  0.31832 -0.18378 -0.31832  0.00000
f(x) =  1.75089e-07 -5.81733e-09 -1.85995e-08  6.79206e-10  1.81215e-08 -1.20405e-09 -2.43819e-09

iter =   5
x =  0.36757  0.00000 -0.18378  0.31832 -0.18378 -0.31832  0.00000
f(x) = -2.39716e-08  1.72484e-09  9.17745e-11 -2.14789e-10 -2.29952e-10  4.54692e-11 -1.12464e-10

iter =   6
x =  0.36757  0.00000 -0.18378  0.31832 -0.18378 -0.31832  0.00000
f(x) = -7.82452e-09  5.45842e-10  7.42996e-11 -6.77526e-11 -1.16663e-10  1.72383e-11 -2.85881e-11

iter =   7
x =  0.36757 -0.00000 -0.18378  0.31832 -0.18378 -0.31832 -0.00000
f(x) =  1.22807e-10 -8.65915e-12 -9.39892e-13  1.07778e-12  1.60536e-12 -2.58036e-13  4.91066e-13

iter =   8
x =  0.36757 -0.00000 -0.18378  0.31832 -0.18378 -0.31832 -0.00000
f(x) =  4.41647e-13 -3.23948e-14 -1.88592e-15  4.30006e-15  4.99454e-15  5.25305e-16  2.06779e-15

status = success
iter =   0
x =  0.36757 -0.00000 -0.18378  0.31832 -0.18378 -0.31832 -0.00000
f(x) =  1.90629e-02 -3.20115e-14 -9.53143e-03  1.65089e-02 -9.53143e-03 -1.65089e-02  2.06779e-15

iter =   1
x =  0.36757 -0.00000 -0.18378  0.31832 -0.18378 -0.31832 -0.00000
f(x) =  1.90629e-02 -3.20115e-14 -9.53143e-03  1.65089e-02 -9.53143e-03 -1.65089e-02  2.06779e-15

iter =   2
x =  0.36653 -0.00000 -0.18327  0.31743 -0.18327 -0.31743  0.00000
f(x) = -4.09525e-05  3.37381e-09  2.04518e-05 -3.54755e-05  2.05004e-05  3.54560e-05 -1.57091e-09

iter =   3
x =  0.36654  0.00000 -0.18327  0.31743 -0.18327 -0.31743 -0.00000
f(x) = -2.06221e-07  1.55764e-08 -2.75409e-08  7.39624e-08 -6.07297e-08 -7.49217e-08  1.40343e-09

iter =   4
x =  0.36654 -0.00000 -0.18327  0.31743 -0.18327 -0.31743  0.00000
f(x) =  1.65786e-07 -5.47810e-09 -1.77682e-08  7.47511e-10  1.73988e-08 -1.11081e-09 -2.33375e-09

iter =   5
x =  0.36654  0.00000 -0.18327  0.31743 -0.18327 -0.31743  0.00000
f(x) = -2.30652e-08  1.67756e-09  5.58412e-11 -2.16529e-10 -2.03673e-10  4.14543e-11 -1.12241e-10

iter =   6
x =  0.36654  0.00000 -0.18327  0.31743 -0.18327 -0.31743  0.00000
f(x) = -7.52186e-09  5.30563e-10  6.07992e-11 -6.84710e-11 -1.06404e-10  1.57347e-11 -2.88447e-11

iter =   7
x =  0.36654 -0.00000 -0.18327  0.31743 -0.18327 -0.31743 -0.00000
f(x) =  1.02328e-10 -7.30614e-12 -6.09675e-13  9.45302e-13  1.23196e-12 -2.02446e-13  4.32793e-13

iter =   8
x =  0.36654 -0.00000 -0.18327  0.31743 -0.18327 -0.31743 -0.00000
f(x) =  3.69704e-13 -2.73559e-14 -6.44138e-16  3.00480e-15  4.30787e-15 -3.25872e-16  1.83187e-15

status = success
iter =   0
x =  0.36654 -0.00000 -0.18327  0.31743 -0.18327 -0.31743 -0.00000
f(x) =  1.90062e-02 -2.72927e-14 -9.50312e-03  1.64599e-02 -9.50312e-03 -1.64599e-02  1.83187e-15

iter =   1
x =  0.36654 -0.00000 -0.18327  0.31743 -0.18327 -0.31743 -0.00000
f(x) =  1.90062e-02 -2.72927e-14 -9.50312e-03  1.64599e-02 -9.50312e-03 -1.64599e-02  1.83187e-15

iter =   2
x =  0.36552  0.00000 -0.18276  0.31655 -0.18276 -0.31655 -0.00000
f(x) = -4.02284e-05 -3.31153e-09  2.01380e-05 -3.48293e-05  2.00904e-05  3.48481e-05  1.51979e-09

iter =   3
x =  0.36552 -0.00000 -0.18276  0.31655 -0.18276 -0.31655  0.00000
f(x) = -1.99124e-07 -1.51362e-08 -5.88514e-08  7.25593e-08 -2.67522e-08 -7.14415e-08 -1.35304e-09

iter =   4
x =  0.36552  0.00000 -0.18276  0.31655 -0.18276 -0.31655 -0.00000
f(x) =  1.58084e-07  5.19947e-09  1.68078e-08  1.03016e-09 -1.70765e-08 -8.12408e-10  2.24681e-09

iter =   5
x =  0.36552 -0.00000 -0.18276  0.31655 -0.18276 -0.31655 -0.00000
f(x) = -2.22062e-08 -1.63332e-09 -1.76920e-10 -3.76770e-11  1.96973e-11  2.17811e-10  1.12331e-10

iter =   6
x =  0.36552 -0.00000 -0.18276  0.31655 -0.18276 -0.31655 -0.00000
f(x) = -7.23871e-09 -5.16422e-10 -9.63764e-11 -1.43432e-11  4.76239e-11  6.90436e-11  2.91505e-11

iter =   7
x =  0.36552  0.00000 -0.18276  0.31655 -0.18276 -0.31655  0.00000
f(x) =  8.39870e-11  6.07676e-12  9.07812e-13  1.56601e-13 -3.42708e-13 -8.13956e-13 -3.77101e-13

status = success
iter =   0
x =  0.36552  0.00000 -0.18276  0.31655 -0.18276 -0.31655  0.00000
f(x) =  1.89502e-02  6.07332e-12 -9.47512e-03  1.64114e-02 -9.47512e-03 -1.64114e-02 -3.77101e-13

iter =   1
x =  0.36552  0.00000 -0.18276  0.31655 -0.18276 -0.31655  0.00000
f(x) =  1.89502e-02  6.07332e-12 -9.47512e-03  1.64114e-02 -9.47512e-03 -1.64114e-02 -3.77101e-13

iter =   2
x =  0.36451 -0.00000 -0.18225  0.31567 -0.18225 -0.31567  0.00000
f(x) = -3.95245e-05  3.16363e-09  1.97390e-05 -3.42385e-05  1.97855e-05  3.42201e-05 -1.48696e-09

iter =   3
x =  0.36451  0.00000 -0.18225  0.31567 -0.18225 -0.31567 -0.00000
f(x) = -1.92786e-07  1.47048e-08 -2.58964e-08  6.90333e-08 -5.71551e-08 -7.02902e-08  1.32168e-09

iter =   4
x =  0.36451 -0.00000 -0.18225  0.31567 -0.18225 -0.31567  0.00000
f(x) =  1.52030e-07 -4.99310e-09 -1.65057e-08  8.78103e-10  1.63341e-08 -9.60372e-10 -2.17366e-09

iter =   5
x =  0.36451  0.00000 -0.18225  0.31567 -0.18225 -0.31567  0.00000
f(x) = -2.11946e-08  1.57817e-09 -1.88007e-11 -2.16731e-10 -1.46225e-10  3.37160e-11 -1.12090e-10

iter =   6
x =  0.36451  0.00000 -0.18225  0.31567 -0.18225 -0.31567  0.00000
f(x) = -6.91187e-09  4.99149e-10  3.37531e-11 -6.88942e-11 -8.51654e-11  1.29097e-11 -2.93642e-11

iter =   7
x =  0.36451 -0.00000 -0.18225  0.31567 -0.18225 -0.31567 -0.00000
f(x) =  6.65172e-11 -4.88608e-12 -1.24112e-13  6.74790e-13  6.20604e-13 -1.13247e-13  3.19592e-13

status = success
iter =   0
x =  0.36451 -0.00000 -0.18225  0.31567 -0.18225 -0.31567 -0.00000
f(x) =  1.88948e-02 -4.88233e-12 -9.44742e-03  1.63634e-02 -9.44742e-03 -1.63634e-02  3.19592e-13

iter =   1
x =  0.36451 -0.00000 -0.18225  0.31567 -0.18225 -0.31567 -0.00000
f(x) =  1.88948e-02 -4.88233e-12 -9.44742e-03  1.63634e-02 -9.44742e-03 -1.63634e-02  3.19592e-13

iter =   2
x =  0.36351 -0.00000 -0.18176  0.31481 -0.18176 -0.31481  0.00000
f(x) = -3.88409e-05  3.15311e-09  1.93973e-05 -3.36452e-05  1.94425e-05  3.36274e-05 -1.43973e-09

iter =   3
x =  0.36351  0.00000 -0.18176  0.31481 -0.18176 -0.31481 -0.00000
f(x) = -1.84591e-07  1.42110e-08 -2.52849e-08  6.67464e-08 -5.53188e-08 -6.81277e-08  1.26547e-09

iter =   4
x =  0.36351 -0.00000 -0.18176  0.31481 -0.18176 -0.31481  0.00000
f(x) =  1.44027e-07 -4.70402e-09 -1.57635e-08  9.20494e-10  1.56819e-08 -8.82584e-10 -2.08042e-09

iter =   5
x =  0.36351  0.00000 -0.18176  0.31481 -0.18176 -0.31481  0.00000
f(x) = -2.03180e-08  1.52993e-09 -5.05530e-11 -2.15790e-10 -1.22001e-10  3.04322e-11 -1.11393e-10

iter =   6
x =  0.36351  0.00000 -0.18176  0.31481 -0.18176 -0.31481  0.00000
f(x) = -6.62122e-09  4.83676e-10  2.17582e-11 -6.87146e-11 -7.57059e-11  1.16773e-11 -2.94438e-11

iter =   7
x =  0.36351 -0.00000 -0.18176  0.31481 -0.18176 -0.31481 -0.00000
f(x) =  5.12159e-11 -3.81964e-12  2.31871e-14  5.43110e-13  3.94257e-13 -8.15012e-14  2.63026e-13

status = success
iter =   0
x =  0.36351 -0.00000 -0.18176  0.31481 -0.18176 -0.31481 -0.00000
f(x) =  1.88401e-02 -3.81629e-12 -9.42003e-03  1.63160e-02 -9.42003e-03 -1.63160e-02  2.63026e-13

iter =   1
x =  0.36351 -0.00000 -0.18176  0.31481 -0.18176 -0.31481 -0.00000
f(x) =  1.88401e-02 -3.81629e-12 -9.42003e-03  1.63160e-02 -9.42003e-03 -1.63160e-02  2.63026e-13

iter =   2
x =  0.36351 -0.00000 -0.18176  0.31481 -0.18176 -0.31481 -0.00000
f(x) =  1.88401e-02 -3.81629e-12 -9.42003e-03  1.63160e-02 -9.42003e-03 -1.63160e-02  2.63026e-13

iter =   3
x =  0.36351 -0.00000 -0.18176  0.31481 -0.18176 -0.31481 -0.00000
f(x) =  1.88401e-02 -3.81629e-12 -9.42003e-03  1.63160e-02 -9.42003e-03 -1.63160e-02  2.63026e-13

iter =   4
x =  0.36351 -0.00000 -0.18176  0.31481 -0.18176 -0.31481 -0.00000
f(x) =  1.88401e-02 -3.81629e-12 -9.42003e-03  1.63160e-02 -9.42003e-03 -1.63160e-02  2.63026e-13

iter =   5
x =  0.36351 -0.00000 -0.18176  0.31481 -0.18176 -0.31481 -0.00000
f(x) =  1.88401e-02 -3.81629e-12 -9.42003e-03  1.63160e-02 -9.42003e-03 -1.63160e-02  2.63026e-13

iter =   6
x =  0.36351 -0.00000 -0.18176  0.31481 -0.18176 -0.31481 -0.00000
f(x) =  1.88401e-02 -3.81629e-12 -9.42003e-03  1.63160e-02 -9.42003e-03 -1.63160e-02  2.63026e-13

iter =   7
x =  0.36351 -0.00000 -0.18176  0.31481 -0.18176 -0.31481 -0.00000
f(x) =  1.88401e-02 -3.81629e-12 -9.42003e-03  1.63160e-02 -9.42003e-03 -1.63160e-02  2.63026e-13

iter =   8
x =  0.36351 -0.00000 -0.18176  0.31481 -0.18176 -0.31481 -0.00000
f(x) =  1.88401e-02 -3.81629e-12 -9.42003e-03  1.63160e-02 -9.42003e-03 -1.63160e-02  2.63026e-13

iter =   9
x =  0.36351 -0.00000 -0.18176  0.31481 -0.18176 -0.31481 -0.00000
f(x) =  1.88401e-02 -3.81629e-12 -9.42003e-03  1.63160e-02 -9.42003e-03 -1.63160e-02  2.63026e-13

iter =  10
x =  0.36351 -0.00000 -0.18176  0.31481 -0.18176 -0.31481 -0.00000
f(x) =  1.88401e-02 -3.81629e-12 -9.42003e-03  1.63160e-02 -9.42003e-03 -1.63160e-02  2.63026e-13

status = iteration is not making progress towards solution
iter =   0
x =  0.36351 -0.00000 -0.18176  0.31481 -0.18176 -0.31481 -0.00000
f(x) =  3.77135e-02 -3.81265e-12 -1.88568e-02  3.26609e-02 -1.88568e-02 -3.26609e-02  2.63026e-13

iter =   1
x =  0.36351 -0.00000 -0.18176  0.31481 -0.18176 -0.31481 -0.00000
f(x) =  3.77135e-02 -3.81265e-12 -1.88568e-02  3.26609e-02 -1.88568e-02 -3.26609e-02  2.63026e-13

iter =   2
x =  0.36155 -0.00000 -0.18077  0.31311 -0.18077 -0.31311  0.00000
f(x) = -1.50914e-04  1.19016e-08  7.53687e-05 -1.30729e-04  7.55448e-05  1.30660e-04 -5.57072e-09

iter =   3
x =  0.36156  0.00000 -0.18078  0.31312 -0.18078 -0.31312 -0.00000
f(x) = -4.03916e-07  5.45352e-08 -2.45804e-07  5.13068e-07 -3.60729e-07 -5.19655e-07  4.86299e-09

iter =   4
x =  0.36156 -0.00000 -0.18078  0.31312 -0.18078 -0.31312  0.00000
f(x) =  5.35120e-07 -1.72371e-08 -6.08942e-08  4.15726e-09  5.80730e-08 -3.28942e-09 -7.85329e-09

iter =   5
x =  0.36156  0.00000 -0.18078  0.31312 -0.18078 -0.31312  0.00000
f(x) = -8.28283e-08  6.10066e-09 -3.89744e-11 -8.78125e-10 -9.83871e-10  1.60007e-10 -3.91152e-10

iter =   6
x =  0.36156  0.00000 -0.18078  0.31312 -0.18078 -0.31312  0.00000
f(x) = -2.47339e-08  1.83721e-09 -6.74956e-11 -2.61656e-10 -2.57571e-10  4.87689e-11 -1.25621e-10

iter =   7
x =  0.36156  0.00000 -0.18078  0.31312 -0.18078 -0.31312  0.00000
f(x) = -8.74887e-11  5.31944e-12  2.58741e-12 -7.48410e-13 -3.71872e-12  3.02971e-13  6.51285e-14

iter =   8
x =  0.36156 -0.00000 -0.18078  0.31312 -0.18078 -0.31312 -0.00000
f(x) =  3.75633e-12 -3.03031e-13  6.70400e-14  4.39010e-14 -1.75241e-14 -4.94879e-15  2.93515e-14

status = success
iter =   0
x =  0.36156 -0.00000 -0.18078  0.31312 -0.18078 -0.31312 -0.00000
f(x) =  1.87323e-02 -3.02374e-13 -9.36614e-03  1.62226e-02 -9.36614e-03 -1.62226e-02  2.93515e-14

iter =   1
x =  0.36156 -0.00000 -0.18078  0.31312 -0.18078 -0.31312 -0.00000
f(x) =  1.87323e-02 -3.02374e-13 -9.36614e-03  1.62226e-02 -9.36614e-03 -1.62226e-02  2.93515e-14

iter =   2
x =  0.36059 -0.00000 -0.18030  0.31228 -0.18030 -0.31228  0.00000
f(x) = -3.68950e-05  2.99338e-09  1.84263e-05 -3.19602e-05  1.84686e-05  3.19435e-05 -1.32129e-09

iter =   3
x =  0.36059  0.00000 -0.18030  0.31228 -0.18030 -0.31228 -0.00000
f(x) = -1.67304e-07  1.30923e-08 -2.32310e-08  6.04178e-08 -5.06163e-08 -6.21260e-08  1.15078e-09

iter =   4
x =  0.36059 -0.00000 -0.18030  0.31228 -0.18030 -0.31228  0.00000
f(x) =  1.26237e-07 -4.06385e-09 -1.41084e-08  1.03631e-09  1.42645e-08 -6.98251e-10 -1.87330e-09

iter =   5
x =  0.36059  0.00000 -0.18030  0.31228 -0.18030 -0.31228  0.00000
f(x) = -1.81066e-08  1.41226e-09 -1.41531e-10 -2.12456e-10 -5.27136e-11  2.22543e-11 -1.10978e-10

iter =   6
x =  0.36059  0.00000 -0.18030  0.31228 -0.18030 -0.31228  0.00000
f(x) = -5.89577e-09  4.46254e-10 -1.13744e-11 -6.79908e-11 -4.98545e-11  8.63966e-12 -3.00035e-11

iter =   7
x =  0.36059 -0.00000 -0.18030  0.31228 -0.18030 -0.31228 -0.00000
f(x) =  1.50431e-11 -1.20940e-12  2.01719e-13  1.82142e-13 -4.51778e-14 -1.48112e-14  1.07719e-13

status = success
iter =   0
x =  0.36059 -0.00000 -0.18030  0.31228 -0.18030 -0.31228 -0.00000
f(x) =  1.86792e-02 -1.20732e-12 -9.33962e-03  1.61767e-02 -9.33962e-03 -1.61767e-02  1.07719e-13

iter =   1
x =  0.36059 -0.00000 -0.18030  0.31228 -0.18030 -0.31228 -0.00000
f(x) =  1.86792e-02 -1.20732e-12 -9.33962e-03  1.61767e-02 -9.33962e-03 -1.61767e-02  1.07719e-13

iter =   2
x =  0.35964  0.00000 -0.17982  0.31146 -0.17982 -0.31146 -0.00000
f(x) = -3.62806e-05 -2.95549e-09  1.81611e-05 -3.14120e-05  1.81197e-05  3.14283e-05  1.28736e-09

iter =   3
x =  0.35964 -0.00000 -0.17982  0.31146 -0.17982 -0.31146  0.00000
f(x) = -1.62123e-07 -1.27542e-08 -4.91729e-08  6.02832e-08 -2.26013e-08 -5.84850e-08 -1.11563e-09

iter =   4
x =  0.35964  0.00000 -0.17982  0.31146 -0.17982 -0.31146 -0.00000
f(x) =  1.20916e-07  3.87113e-09  1.38344e-08  6.44058e-10 -1.36091e-08 -1.06396e-09  1.81104e-09

iter =   5
x =  0.35964 -0.00000 -0.17982  0.31146 -0.17982 -0.31146 -0.00000
f(x) = -1.74532e-08 -1.37746e-09 -3.18603e-11 -2.00219e-11 -1.68873e-10  2.10749e-10  1.10835e-10

iter =   6
x =  0.35964 -0.00000 -0.17982  0.31146 -0.17982 -0.31146 -0.00000
f(x) = -5.68094e-09 -4.35153e-10 -4.20716e-11 -7.80366e-12 -2.13261e-11  6.75319e-11  3.01618e-11

iter =   7
x =  0.35964 -0.00000 -0.17982  0.31146 -0.17982 -0.31146  0.00000
f(x) =  5.70410e-12  5.06253e-13 -1.23461e-13  2.00247e-15  1.87410e-13 -7.63793e-14 -6.02574e-14

status = success
iter =   0
x =  0.35964 -0.00000 -0.17982  0.31146 -0.17982 -0.31146  0.00000
f(x) =  1.86268e-02  5.04437e-13 -9.31338e-03  1.61312e-02 -9.31338e-03 -1.61312e-02 -6.02574e-14

iter =   1
x =  0.35964 -0.00000 -0.17982  0.31146 -0.17982 -0.31146  0.00000
f(x) =  1.86268e-02  5.04437e-13 -9.31338e-03  1.61312e-02 -9.31338e-03 -1.61312e-02 -6.02574e-14

iter =   2
x =  0.35870  0.00000 -0.17935  0.31064 -0.17935 -0.31064 -0.00000
f(x) = -3.56825e-05 -2.90097e-09  1.78616e-05 -3.08942e-05  1.78211e-05  3.09101e-05  1.25380e-09

iter =   3
x =  0.35870 -0.00000 -0.17935  0.31065 -0.17935 -0.31065  0.00000
f(x) = -1.56407e-07 -1.23831e-08 -4.77503e-08  5.85144e-08 -2.20284e-08 -5.66423e-08 -1.08013e-09

iter =   4
x =  0.35870  0.00000 -0.17935  0.31065 -0.17935 -0.31065 -0.00000
f(x) =  1.15593e-07  3.68168e-09  1.33852e-08  5.91412e-10 -1.30954e-08 -1.08449e-09  1.74645e-09

iter =   5
x =  0.35870 -0.00000 -0.17935  0.31065 -0.17935 -0.31065 -0.00000
f(x) = -1.67467e-08 -1.33769e-09 -1.13184e-11 -1.78844e-11 -1.94511e-10  2.07690e-10  1.10217e-10

iter =   6
x =  0.35870 -0.00000 -0.17935  0.31065 -0.17935 -0.31065 -0.00000
f(x) = -5.44925e-09 -4.22513e-10 -3.42769e-11 -6.99518e-12 -3.08429e-11  6.66308e-11  3.01864e-11

iter =   7
x =  0.35870 -0.00000 -0.17935  0.31065 -0.17935 -0.31065  0.00000
f(x) = -2.49911e-12 -1.27752e-13 -1.74522e-13 -9.40916e-15  1.46545e-13  2.45637e-14 -1.47937e-14

status = success
iter =   0
x =  0.35870 -0.00000 -0.17935  0.31065 -0.17935 -0.31065  0.00000
f(x) =  1.85748e-02 -1.28734e-13 -9.28741e-03  1.60863e-02 -9.28741e-03 -1.60863e-02 -1.47937e-14

iter =   1
x =  0.35870 -0.00000 -0.17935  0.31065 -0.17935 -0.31065  0.00000
f(x) =  1.85748e-02 -1.28734e-13 -9.28741e-03  1.60863e-02 -9.28741e-03 -1.60863e-02 -1.47937e-14

iter =   2
x =  0.35777  0.00000 -0.17889  0.30984 -0.17889 -0.30984 -0.00000
f(x) = -3.50995e-05 -2.75583e-09  1.75700e-05 -3.03897e-05  1.75302e-05  3.04054e-05  1.23049e-09

iter =   3
x =  0.35777 -0.00000 -0.17889  0.30984 -0.17889 -0.30984  0.00000
f(x) = -1.52676e-07 -1.21000e-08 -4.65416e-08  5.68070e-08 -2.13287e-08 -5.48572e-08 -1.06428e-09

iter =   4
x =  0.35777  0.00000 -0.17889  0.30984 -0.17889 -0.30984 -0.00000
f(x) =  1.12073e-07  3.56324e-09  1.31029e-08  5.48573e-10 -1.27461e-08 -1.11665e-09  1.70230e-09

iter =   5
x =  0.35777 -0.00000 -0.17889  0.30984 -0.17889 -0.30984 -0.00000
f(x) = -1.60593e-08 -1.29974e-09  1.14258e-11 -1.58334e-11 -2.21942e-10  2.04241e-10  1.10078e-10

iter =   6
x =  0.35777 -0.00000 -0.17889  0.30984 -0.17889 -0.30984 -0.00000
f(x) = -5.22927e-09 -4.10752e-10 -2.61359e-11 -6.24337e-12 -4.06107e-11  6.56576e-11  3.03319e-11

iter =   7
x =  0.35777 -0.00000 -0.17889  0.30984 -0.17889 -0.30984 -0.00000
f(x) = -1.00244e-11 -7.23818e-13 -2.04717e-13 -1.76125e-14  7.65977e-14  1.20055e-13  3.05173e-14

status = success
iter =   0
x =  0.35777 -0.00000 -0.17889  0.30984 -0.17889 -0.30984 -0.00000
f(x) =  1.85234e-02 -7.24235e-13 -9.26171e-03  1.60418e-02 -9.26171e-03 -1.60418e-02  3.05173e-14

iter =   1
x =  0.35777 -0.00000 -0.17889  0.30984 -0.17889 -0.30984 -0.00000
f(x) =  1.85234e-02 -7.24235e-13 -9.26171e-03  1.60418e-02 -9.26171e-03 -1.60418e-02  3.05173e-14

iter =   2
x =  0.35685  0.00000 -0.17842  0.30904 -0.17842 -0.30904 -0.00000
f(x) = -3.45316e-05 -2.69283e-09  1.72855e-05 -2.98979e-05  1.72465e-05  2.99130e-05  1.20165e-09

iter =   3
x =  0.35685 -0.00000 -0.17843  0.30904 -0.17843 -0.30904  0.00000
f(x) = -1.47464e-07 -1.17584e-08 -4.52273e-08  5.51717e-08 -2.07981e-08 -5.31636e-08 -1.03170e-09

iter =   4
x =  0.35685  0.00000 -0.17843  0.30904 -0.17843 -0.30904 -0.00000
f(x) =  1.07282e-07  3.39257e-09  1.26920e-08  5.01878e-10 -1.22790e-08 -1.12957e-09  1.64357e-09

iter =   5
x =  0.35685 -0.00000 -0.17843  0.30904 -0.17843 -0.30904 -0.00000
f(x) = -1.54209e-08 -1.26340e-09  3.00065e-11 -1.41049e-11 -2.44699e-10  2.00664e-10  1.09431e-10

iter =   6
x =  0.35685 -0.00000 -0.17843  0.30904 -0.17843 -0.30904 -0.00000
f(x) = -5.01976e-09 -3.99195e-10 -1.90703e-11 -5.58500e-12 -4.90890e-11  6.45773e-11  3.03253e-11

iter =   7
x =  0.35685 -0.00000 -0.17843  0.30904 -0.17843 -0.30904 -0.00000
f(x) = -1.60068e-11 -1.21201e-12 -2.09554e-13 -2.35791e-14 -7.27255e-15  2.01130e-13  7.03604e-14

status = success
iter =   0
x =  0.35685 -0.00000 -0.17843  0.30904 -0.17843 -0.30904 -0.00000
f(x) =  1.84726e-02 -1.21128e-12 -9.23628e-03  1.59977e-02 -9.23628e-03 -1.59977e-02  7.03604e-14

iter =   1
x =  0.35685 -0.00000 -0.17843  0.30904 -0.17843 -0.30904 -0.00000
f(x) =  1.84726e-02 -1.21128e-12 -9.23628e-03  1.59977e-02 -9.23628e-03 -1.59977e-02  7.03604e-14

iter =   2
x =  0.35594 -0.00000 -0.17797  0.30825 -0.17797 -0.30825  0.00000
f(x) = -3.39786e-05  2.74038e-09  1.69704e-05 -2.94340e-05  1.70085e-05  2.94192e-05 -1.15764e-09

iter =   3
x =  0.35594  0.00000 -0.17797  0.30825 -0.17797 -0.30825 -0.00000
f(x) = -1.41862e-07  1.14242e-08 -2.03894e-08  5.15464e-08 -4.38557e-08 -5.36039e-08  9.85241e-10

iter =   4
x =  0.35594 -0.00000 -0.17797  0.30825 -0.17797 -0.30825  0.00000
f(x) =  1.01643e-07 -3.17979e-09 -1.17498e-08  1.12603e-09  1.22066e-08 -4.54240e-10 -1.57788e-09

iter =   5
x =  0.35594  0.00000 -0.17797  0.30825 -0.17797 -0.30825  0.00000
f(x) = -1.49449e-08  1.23776e-09 -2.63925e-10 -1.98555e-10  4.39055e-11  1.27944e-11 -1.08958e-10

iter =   6
x =  0.35594  0.00000 -0.17797  0.30825 -0.17797 -0.30825  0.00000
f(x) = -4.85694e-09  3.90626e-10 -5.63524e-11 -6.38824e-11 -1.35137e-11  5.05916e-12 -3.03353e-11

iter =   7
x =  0.35594  0.00000 -0.17797  0.30825 -0.17797 -0.30825  0.00000
f(x) = -2.05873e-11  1.59558e-12 -9.55554e-14 -2.64200e-13 -2.00097e-13  2.49022e-14 -1.03251e-13

status = success
iter =   0
x =  0.35594  0.00000 -0.17797  0.30825 -0.17797 -0.30825  0.00000
f(x) =  1.84222e-02  1.59401e-12 -9.21110e-03  1.59541e-02 -9.21110e-03 -1.59541e-02 -1.03251e-13

iter =   1
x =  0.35594  0.00000 -0.17797  0.30825 -0.17797 -0.30825  0.00000
f(x) =  1.84222e-02  1.59401e-12 -9.21110e-03  1.59541e-02 -9.21110e-03 -1.59541e-02 -1.03251e-13

iter =   2
x =  0.35504 -0.00000 -0.17752  0.30747 -0.17752 -0.30747  0.00000
f(x) = -3.34382e-05  2.37157e-09  1.67007e-05 -2.89665e-05  1.67387e-05  2.89524e-05 -1.15737e-09

iter =   3
x =  0.35504  0.00000 -0.17752  0.30747 -0.17752 -0.30747 -0.00000
f(x) = -1.40083e-07  1.12091e-08 -1.95737e-08  4.99530e-08 -4.29848e-08 -5.20772e-08  9.98520e-10

iter =   4
x =  0.35504 -0.00000 -0.17752  0.30747 -0.17752 -0.30747  0.00000
f(x) =  1.00660e-07 -3.16919e-09 -1.16098e-08  1.17203e-09  1.21383e-08 -4.24952e-10 -1.55898e-09

iter =   5
x =  0.35504  0.00000 -0.17752  0.30747 -0.17752 -0.30747  0.00000
f(x) = -1.41716e-08  1.19243e-09 -2.91250e-10 -1.92163e-10  7.00094e-11  1.09747e-11 -1.08687e-10

iter =   6
x =  0.35504  0.00000 -0.17752  0.30747 -0.17752 -0.30747  0.00000
f(x) = -4.61907e-09  3.77160e-10 -6.58979e-11 -6.20674e-11 -4.59191e-12  4.40918e-12 -3.04419e-11

iter =   7
x =  0.35504  0.00000 -0.17752  0.30747 -0.17752 -0.30747  0.00000
f(x) = -2.60569e-11  2.06981e-12 -2.34154e-13 -3.44755e-13 -1.63528e-13  2.91682e-14 -1.47479e-13

status = success
