status = success
status = success
status = success
status = success
status = success
status = success
status = success
status = success
status = success
status = success
status = success
status = success
status = success
status = success
status = success
status = success
status = success
status = success
status = success
status = success
status = jacobian evaluations are not improving the solution
iter =  25
x =  1.13590  0.08507 -0.19546  0.67001 -0.09189 -0.38165  0.00000
f(x) = -4.29935e-02  2.35430e-04  2.58458e-03  2.22972e-03 -5.08763e-03 -2.01747e-03  7.64910e-04

